#
# There is insufficient memory for the Java Runtime Environment to continue.
# Native memory allocation (malloc) failed to allocate 1048576 bytes for AllocateHeap
# Possible reasons:
#   The system is out of physical RAM or swap space
#   The process is running with CompressedOops enabled, and the Java Heap may be blocking the growth of the native heap
# Possible solutions:
#   Reduce memory load on the system
#   Increase physical memory or swap space
#   Check if swap backing store is full
#   Decrease Java heap size (-Xmx/-Xms)
#   Decrease number of Java threads
#   Decrease Java thread stack sizes (-Xss)
#   Set larger code cache with -XX:ReservedCodeCacheSize=
#   JVM is running with Unscaled Compressed Oops mode in which the Java heap is
#     placed in the first 4GB address space. The Java Heap base address is the
#     maximum limit for the native heap growth. Please use -XX:HeapBaseMinAddress
#     to set the Java Heap base and to place the Java Heap above 4GB virtual address.
# This output file may be truncated or incomplete.
#
#  Out of Memory Error (allocation.cpp:44), pid=1288, tid=11716
#
# JRE version: OpenJDK Runtime Environment Temurin-17.0.9+9 (17.0.9+9) (build 17.0.9+9)
# Java VM: OpenJDK 64-Bit Server VM Temurin-17.0.9+9 (17.0.9+9, mixed mode, emulated-client, tiered, compressed oops, compressed class ptrs, g1 gc, windows-amd64)
# No core dump will be written. Minidumps are not enabled by default on client versions of Windows
#

---------------  S U M M A R Y ------------

Command Line: -XX:+HeapDumpOnOutOfMemoryError -Xmx1024m -Dsts.lsp.client=vscode -Dsts.log.file=/dev/null -XX:TieredStopAtLevel=1 -Xlog:jni+resolve=off -Dspring.config.location=file:c:\Users\PC\.vscode\extensions\vmware.vscode-spring-boot-1.51.0\language-server\BOOT-INF\classes\application.properties org.springframework.ide.vscode.boot.app.BootLanguageServerBootApp

Host: Intel(R) Core(TM) i5-3330 CPU @ 3.00GHz, 4 cores, 3G,  Windows 10 , 64 bit Build 19041 (10.0.19041.3636)
Time: Mon Dec 18 18:12:14 2023 Hora oficial do Brasil elapsed time: 433.731739 seconds (0d 0h 7m 13s)

---------------  T H R E A D  ---------------

Current thread (0x000001dd8bb5f090):  VMThread "VM Thread" [stack: 0x0000000962400000,0x0000000962500000] [id=11716]

Stack: [0x0000000962400000,0x0000000962500000]
Native frames: (J=compiled Java code, j=interpreted, Vv=VM code, C=native code)
V  [jvm.dll+0x67cf49]
V  [jvm.dll+0x83478a]
V  [jvm.dll+0x83624e]
V  [jvm.dll+0x8368b3]
V  [jvm.dll+0x247f1f]
V  [jvm.dll+0xa6b4b]
V  [jvm.dll+0x2f8e73]
V  [jvm.dll+0x2f4af0]
V  [jvm.dll+0x2dd0d7]
V  [jvm.dll+0x320357]
V  [jvm.dll+0x83adab]
V  [jvm.dll+0x83baf1]
V  [jvm.dll+0x83c00d]
V  [jvm.dll+0x83c3e4]
V  [jvm.dll+0x83c4b0]
V  [jvm.dll+0x7e3c3a]
V  [jvm.dll+0x67be35]
C  [ucrtbase.dll+0x21bb2]
C  [KERNEL32.DLL+0x17344]
C  [ntdll.dll+0x526b1]

VM_Operation (0x00000009634feb10): G1CollectFull, mode: safepoint, requested by thread 0x000001dd91624ef0


---------------  P R O C E S S  ---------------

Threads class SMR info:
_java_thread_list=0x000001dd916c9810, length=21, elements={
0x000001dd8bbb7740, 0x000001dd8bbb94e0, 0x000001dd8bbea740, 0x000001dd8bbeb5c0,
0x000001dd8bbeefa0, 0x000001dd8bbef960, 0x000001dd8bbf0320, 0x000001dd8bbf4220,
0x000001dd901d69d0, 0x000001dd901dd180, 0x000001dd90995670, 0x000001dd91624ef0,
0x000001dd91639030, 0x000001ddff97e970, 0x000001dd91366d30, 0x000001dd908fb050,
0x000001dd908fb530, 0x000001dd908fba10, 0x000001dd9173f8e0, 0x000001dd9173f3d0,
0x000001dd91741230
}

Java Threads: ( => current thread )
  0x000001dd8bbb7740 JavaThread "Reference Handler" daemon [_thread_blocked, id=16560, stack(0x0000000962500000,0x0000000962600000)]
  0x000001dd8bbb94e0 JavaThread "Finalizer" daemon [_thread_blocked, id=4468, stack(0x0000000962600000,0x0000000962700000)]
  0x000001dd8bbea740 JavaThread "Signal Dispatcher" daemon [_thread_blocked, id=12364, stack(0x0000000962700000,0x0000000962800000)]
  0x000001dd8bbeb5c0 JavaThread "Attach Listener" daemon [_thread_blocked, id=3324, stack(0x0000000962800000,0x0000000962900000)]
  0x000001dd8bbeefa0 JavaThread "Service Thread" daemon [_thread_blocked, id=13964, stack(0x0000000962900000,0x0000000962a00000)]
  0x000001dd8bbef960 JavaThread "Monitor Deflation Thread" daemon [_thread_blocked, id=18404, stack(0x0000000962a00000,0x0000000962b00000)]
  0x000001dd8bbf0320 JavaThread "C1 CompilerThread0" daemon [_thread_blocked, id=5296, stack(0x0000000962b00000,0x0000000962c00000)]
  0x000001dd8bbf4220 JavaThread "Sweeper thread" daemon [_thread_blocked, id=6316, stack(0x0000000962c00000,0x0000000962d00000)]
  0x000001dd901d69d0 JavaThread "Notification Thread" daemon [_thread_blocked, id=11740, stack(0x0000000962e00000,0x0000000962f00000)]
  0x000001dd901dd180 JavaThread "Common-Cleaner" daemon [_thread_blocked, id=17144, stack(0x0000000963000000,0x0000000963100000)]
  0x000001dd90995670 JavaThread "boundedElastic-evictor-1" daemon [_thread_blocked, id=8224, stack(0x0000000963300000,0x0000000963400000)]
  0x000001dd91624ef0 JavaThread "pool-12-thread-1" [_thread_blocked, id=1876, stack(0x0000000963400000,0x0000000963500000)]
  0x000001dd91639030 JavaThread "LanguageServerApp-lifecycle" [_thread_blocked, id=11176, stack(0x0000000963500000,0x0000000963600000)]
  0x000001ddff97e970 JavaThread "DestroyJavaVM" [_thread_blocked, id=8936, stack(0x0000000961e00000,0x0000000961f00000)]
  0x000001dd91366d30 JavaThread "pool-13-thread-1" [_thread_in_native, id=15996, stack(0x0000000963600000,0x0000000963700000)]
  0x000001dd908fb050 JavaThread "Simple-Language-Server main thread" daemon [_thread_blocked, id=6432, stack(0x0000000963700000,0x0000000963800000)]
  0x000001dd908fb530 JavaThread "pool-8-thread-1" [_thread_blocked, id=10596, stack(0x0000000963800000,0x0000000963900000)]
  0x000001dd908fba10 JavaThread "parallel-1" daemon [_thread_blocked, id=1564, stack(0x0000000963900000,0x0000000963a00000)]
  0x000001dd9173f8e0 JavaThread "parallel-2" daemon [_thread_blocked, id=12392, stack(0x0000000963a00000,0x0000000963b00000)]
  0x000001dd9173f3d0 JavaThread "parallel-3" daemon [_thread_blocked, id=9708, stack(0x0000000963b00000,0x0000000963c00000)]
  0x000001dd91741230 JavaThread "Reconciler-1" daemon [_thread_blocked, id=5072, stack(0x0000000963d00000,0x0000000963e00000)]

Other Threads:
=>0x000001dd8bb5f090 VMThread "VM Thread" [stack: 0x0000000962400000,0x0000000962500000] [id=11716]
  0x000001dd901d6eb0 WatcherThread [stack: 0x0000000962f00000,0x0000000963000000] [id=13892]
  0x000001ddff9bafa0 GCTaskThread "GC Thread#0" [stack: 0x0000000961f00000,0x0000000962000000] [id=14968]
  0x000001dd907b2a20 GCTaskThread "GC Thread#1" [stack: 0x0000000962d00000,0x0000000962e00000] [id=8812]
  0x000001dd903ebd70 GCTaskThread "GC Thread#2" [stack: 0x0000000963100000,0x0000000963200000] [id=18132]
  0x000001dd90c70a90 GCTaskThread "GC Thread#3" [stack: 0x0000000963200000,0x0000000963300000] [id=844]
  0x000001ddff9c3ef0 ConcurrentGCThread "G1 Main Marker" [stack: 0x0000000962000000,0x0000000962100000] [id=15948]
  0x000001ddff9c50b0 ConcurrentGCThread "G1 Conc#0" [stack: 0x0000000962100000,0x0000000962200000] [id=12912]
  0x000001ddffa03ff0 ConcurrentGCThread "G1 Refine#0" [stack: 0x0000000962200000,0x0000000962300000] [id=10652]
  0x000001ddffa04a20 ConcurrentGCThread "G1 Service" [stack: 0x0000000962300000,0x0000000962400000] [id=17812]

Threads with active compile tasks:

VM state: at safepoint (normal execution)

VM Mutex/Monitor currently owned by a thread:  ([mutex/lock_event])
[0x000001ddff4e1860] Threads_lock - owner thread: 0x000001dd8bb5f090
[0x000001ddff97b560] Heap_lock - owner thread: 0x000001dd91624ef0

Heap address: 0x00000000c0000000, size: 1024 MB, Compressed Oops mode: 32-bit

CDS archive(s) not mapped
Compressed class space mapped at: 0x0000000100000000-0x0000000140000000, reserved size: 1073741824
Narrow klass base: 0x0000000000000000, Narrow klass shift: 3, Narrow klass range: 0x140000000

GC Precious Log:
 CPUs: 4 total, 4 available
 Memory: 3524M
 Large Page Support: Disabled
 NUMA Support: Disabled
 Compressed Oops: Enabled (32-bit)
 Heap Region Size: 1M
 Heap Min Capacity: 8M
 Heap Initial Capacity: 56M
 Heap Max Capacity: 1G
 Pre-touch: Disabled
 Parallel Workers: 4
 Concurrent Workers: 1
 Concurrent Refinement Workers: 4
 Periodic GC: Disabled

Heap:
 garbage-first heap   total 57344K, used 22206K [0x00000000c0000000, 0x0000000100000000)
  region size 1024K, 1 young (1024K), 0 survivors (0K)
 Metaspace       used 38410K, committed 38976K, reserved 1114112K
  class space    used 5048K, committed 5248K, reserved 1048576K

Heap Regions: E=young(eden), S=young(survivor), O=old, HS=humongous(starts), HC=humongous(continues), CS=collection set, F=free, OA=open archive, CA=closed archive, TAMS=top-at-mark-start (previous, next)
|   0|0x00000000c0000000, 0x00000000c0100000, 0x00000000c0100000|100%|HS|  |TAMS 0x00000000c0100000, 0x00000000c0000000| Untracked 
|   1|0x00000000c0100000, 0x00000000c0200000, 0x00000000c0200000|100%|HC|  |TAMS 0x00000000c0200000, 0x00000000c0100000| Untracked 
|   2|0x00000000c0200000, 0x00000000c0300000, 0x00000000c0300000|100%|HC|  |TAMS 0x00000000c0300000, 0x00000000c0200000| Untracked 
|   3|0x00000000c0300000, 0x00000000c0400000, 0x00000000c0400000|100%|HC|  |TAMS 0x00000000c0400000, 0x00000000c0300000| Untracked 
|   4|0x00000000c0400000, 0x00000000c0500000, 0x00000000c0500000|100%| O|  |TAMS 0x00000000c0500000, 0x00000000c0400000| Untracked 
|   5|0x00000000c0500000, 0x00000000c05ffff0, 0x00000000c0600000| 99%| O|  |TAMS 0x00000000c05ffff0, 0x00000000c0500000| Untracked 
|   6|0x00000000c0600000, 0x00000000c0700000, 0x00000000c0700000|100%| O|  |TAMS 0x00000000c0700000, 0x00000000c0600000| Untracked 
|   7|0x00000000c0700000, 0x00000000c07fa3d8, 0x00000000c0800000| 97%| O|  |TAMS 0x00000000c07fa3d8, 0x00000000c0700000| Untracked 
|   8|0x00000000c0800000, 0x00000000c08fff78, 0x00000000c0900000| 99%| O|  |TAMS 0x00000000c08fff78, 0x00000000c0800000| Untracked 
|   9|0x00000000c0900000, 0x00000000c0a00000, 0x00000000c0a00000|100%| O|  |TAMS 0x00000000c0a00000, 0x00000000c0900000| Untracked 
|  10|0x00000000c0a00000, 0x00000000c0affff8, 0x00000000c0b00000| 99%| O|  |TAMS 0x00000000c0affff8, 0x00000000c0a00000| Untracked 
|  11|0x00000000c0b00000, 0x00000000c0c00000, 0x00000000c0c00000|100%| O|  |TAMS 0x00000000c0c00000, 0x00000000c0b00000| Untracked 
|  12|0x00000000c0c00000, 0x00000000c0d00000, 0x00000000c0d00000|100%| O|  |TAMS 0x00000000c0d00000, 0x00000000c0c00000| Untracked 
|  13|0x00000000c0d00000, 0x00000000c0dfffe0, 0x00000000c0e00000| 99%| O|  |TAMS 0x00000000c0dfffe0, 0x00000000c0d00000| Untracked 
|  14|0x00000000c0e00000, 0x00000000c0efffd8, 0x00000000c0f00000| 99%| O|  |TAMS 0x00000000c0efffd8, 0x00000000c0e00000| Untracked 
|  15|0x00000000c0f00000, 0x00000000c0ffffd0, 0x00000000c1000000| 99%| O|  |TAMS 0x00000000c0ffffd0, 0x00000000c0f00000| Untracked 
|  16|0x00000000c1000000, 0x00000000c10ffff8, 0x00000000c1100000| 99%| O|  |TAMS 0x00000000c10ffff8, 0x00000000c1000000| Untracked 
|  17|0x00000000c1100000, 0x00000000c11ffff0, 0x00000000c1200000| 99%| O|  |TAMS 0x00000000c11ffff0, 0x00000000c1100000| Untracked 
|  18|0x00000000c1200000, 0x00000000c12ffff8, 0x00000000c1300000| 99%| O|  |TAMS 0x00000000c12ffff8, 0x00000000c1200000| Untracked 
|  19|0x00000000c1300000, 0x00000000c13fffe8, 0x00000000c1400000| 99%| O|  |TAMS 0x00000000c13fffe8, 0x00000000c1300000| Untracked 
|  20|0x00000000c1400000, 0x00000000c14fffc8, 0x00000000c1500000| 99%| O|  |TAMS 0x00000000c14fffc8, 0x00000000c1400000| Untracked 
|  21|0x00000000c1500000, 0x00000000c1575210, 0x00000000c1600000| 45%| O|  |TAMS 0x00000000c1500000, 0x00000000c1500000| Untracked 
|  22|0x00000000c1600000, 0x00000000c1640538, 0x00000000c1700000| 25%| O|  |TAMS 0x00000000c1600000, 0x00000000c1600000| Untracked 
|  23|0x00000000c1700000, 0x00000000c1700000, 0x00000000c1800000|  0%| F|  |TAMS 0x00000000c1700000, 0x00000000c1700000| Untracked 
|  24|0x00000000c1800000, 0x00000000c1800000, 0x00000000c1900000|  0%| F|  |TAMS 0x00000000c1800000, 0x00000000c1800000| Untracked 
|  25|0x00000000c1900000, 0x00000000c1900000, 0x00000000c1a00000|  0%| F|  |TAMS 0x00000000c1900000, 0x00000000c1900000| Untracked 
|  26|0x00000000c1a00000, 0x00000000c1a00000, 0x00000000c1b00000|  0%| F|  |TAMS 0x00000000c1a00000, 0x00000000c1a00000| Untracked 
|  27|0x00000000c1b00000, 0x00000000c1b00000, 0x00000000c1c00000|  0%| F|  |TAMS 0x00000000c1b00000, 0x00000000c1b00000| Untracked 
|  28|0x00000000c1c00000, 0x00000000c1c00000, 0x00000000c1d00000|  0%| F|  |TAMS 0x00000000c1c00000, 0x00000000c1c00000| Untracked 
|  29|0x00000000c1d00000, 0x00000000c1d00000, 0x00000000c1e00000|  0%| F|  |TAMS 0x00000000c1d00000, 0x00000000c1d00000| Untracked 
|  30|0x00000000c1e00000, 0x00000000c1e00000, 0x00000000c1f00000|  0%| F|  |TAMS 0x00000000c1e00000, 0x00000000c1e00000| Untracked 
|  31|0x00000000c1f00000, 0x00000000c1f00000, 0x00000000c2000000|  0%| F|  |TAMS 0x00000000c1f00000, 0x00000000c1f00000| Untracked 
|  32|0x00000000c2000000, 0x00000000c2000000, 0x00000000c2100000|  0%| F|  |TAMS 0x00000000c2000000, 0x00000000c2000000| Untracked 
|  33|0x00000000c2100000, 0x00000000c2100000, 0x00000000c2200000|  0%| F|  |TAMS 0x00000000c2100000, 0x00000000c2100000| Untracked 
|  34|0x00000000c2200000, 0x00000000c2200000, 0x00000000c2300000|  0%| F|  |TAMS 0x00000000c2200000, 0x00000000c2200000| Untracked 
|  35|0x00000000c2300000, 0x00000000c2300000, 0x00000000c2400000|  0%| F|  |TAMS 0x00000000c2300000, 0x00000000c2300000| Untracked 
|  36|0x00000000c2400000, 0x00000000c2400000, 0x00000000c2500000|  0%| F|  |TAMS 0x00000000c2400000, 0x00000000c2400000| Untracked 
|  37|0x00000000c2500000, 0x00000000c2500000, 0x00000000c2600000|  0%| F|  |TAMS 0x00000000c2500000, 0x00000000c2500000| Untracked 
|  38|0x00000000c2600000, 0x00000000c2600000, 0x00000000c2700000|  0%| F|  |TAMS 0x00000000c2600000, 0x00000000c2600000| Untracked 
|  39|0x00000000c2700000, 0x00000000c2700000, 0x00000000c2800000|  0%| F|  |TAMS 0x00000000c2700000, 0x00000000c2700000| Untracked 
|  40|0x00000000c2800000, 0x00000000c2800000, 0x00000000c2900000|  0%| F|  |TAMS 0x00000000c2800000, 0x00000000c2800000| Untracked 
|  41|0x00000000c2900000, 0x00000000c2900000, 0x00000000c2a00000|  0%| F|  |TAMS 0x00000000c2900000, 0x00000000c2900000| Untracked 
|  42|0x00000000c2a00000, 0x00000000c2a00000, 0x00000000c2b00000|  0%| F|  |TAMS 0x00000000c2a00000, 0x00000000c2a00000| Untracked 
|  43|0x00000000c2b00000, 0x00000000c2b00000, 0x00000000c2c00000|  0%| F|  |TAMS 0x00000000c2b00000, 0x00000000c2b00000| Untracked 
|  44|0x00000000c2c00000, 0x00000000c2c00000, 0x00000000c2d00000|  0%| F|  |TAMS 0x00000000c2c00000, 0x00000000c2c00000| Untracked 
|  45|0x00000000c2d00000, 0x00000000c2d00000, 0x00000000c2e00000|  0%| F|  |TAMS 0x00000000c2d00000, 0x00000000c2d00000| Untracked 
|  46|0x00000000c2e00000, 0x00000000c2e00000, 0x00000000c2f00000|  0%| F|  |TAMS 0x00000000c2e00000, 0x00000000c2e00000| Untracked 
|  47|0x00000000c2f00000, 0x00000000c2f00000, 0x00000000c3000000|  0%| F|  |TAMS 0x00000000c2f00000, 0x00000000c2f00000| Untracked 
|  48|0x00000000c3000000, 0x00000000c3000000, 0x00000000c3100000|  0%| F|  |TAMS 0x00000000c3000000, 0x00000000c3000000| Untracked 
|  49|0x00000000c3100000, 0x00000000c3100000, 0x00000000c3200000|  0%| F|  |TAMS 0x00000000c3100000, 0x00000000c3100000| Untracked 
|  50|0x00000000c3200000, 0x00000000c3200000, 0x00000000c3300000|  0%| F|  |TAMS 0x00000000c3200000, 0x00000000c3200000| Untracked 
|  51|0x00000000c3300000, 0x00000000c3300000, 0x00000000c3400000|  0%| F|  |TAMS 0x00000000c3300000, 0x00000000c3300000| Untracked 
|  52|0x00000000c3400000, 0x00000000c3400000, 0x00000000c3500000|  0%| F|  |TAMS 0x00000000c3400000, 0x00000000c3400000| Untracked 
|  53|0x00000000c3500000, 0x00000000c3500000, 0x00000000c3600000|  0%| F|  |TAMS 0x00000000c3500000, 0x00000000c3500000| Untracked 
|  54|0x00000000c3600000, 0x00000000c3600000, 0x00000000c3700000|  0%| F|  |TAMS 0x00000000c3600000, 0x00000000c3600000| Untracked 
|  55|0x00000000c3700000, 0x00000000c3733368, 0x00000000c3800000| 20%| E|  |TAMS 0x00000000c3700000, 0x00000000c3700000| Complete 

Card table byte_map: [0x000001dd871f0000,0x000001dd873f0000] _byte_map_base: 0x000001dd86bf0000

Marking Bits (Prev, Next): (CMBitMap*) 0x000001ddff9bb5c0, (CMBitMap*) 0x000001ddff9bb600
 Prev Bits: [0x000001dd875f0000, 0x000001dd885f0000)
 Next Bits: [0x000001dd885f0000, 0x000001dd895f0000)

Polling page: 0x000001ddff480000

Metaspace:

Usage:
  Non-class:     32.58 MB used.
      Class:      4.93 MB used.
       Both:     37.51 MB used.

Virtual space:
  Non-class space:       64.00 MB reserved,      32.94 MB ( 51%) committed,  1 nodes.
      Class space:        1.00 GB reserved,       5.12 MB ( <1%) committed,  1 nodes.
             Both:        1.06 GB reserved,      38.06 MB (  3%) committed. 

Chunk freelists:
   Non-Class:  14.55 MB
       Class:  10.98 MB
        Both:  25.53 MB

MaxMetaspaceSize: unlimited
CompressedClassSpaceSize: 1.00 GB
Initial GC threshold: 21.00 MB
Current GC threshold: 63.44 MB
CDS: off
MetaspaceReclaimPolicy: balanced
 - commit_granule_bytes: 65536.
 - commit_granule_words: 8192.
 - virtual_space_node_default_size: 8388608.
 - enlarge_chunks_in_place: 1.
 - new_chunks_are_fully_committed: 0.
 - uncommit_free_chunks: 1.
 - use_allocation_guard: 0.
 - handle_deallocations: 1.


Internal statistics:

num_allocs_failed_limit: 8.
num_arena_births: 502.
num_arena_deaths: 152.
num_vsnodes_births: 2.
num_vsnodes_deaths: 0.
num_space_committed: 609.
num_space_uncommitted: 0.
num_chunks_returned_to_freelist: 170.
num_chunks_taken_from_freelist: 1632.
num_chunk_merges: 54.
num_chunk_splits: 1140.
num_chunks_enlarged: 868.
num_inconsistent_stats: 0.

CodeCache: size=49152Kb used=6580Kb max_used=6580Kb free=42571Kb
 bounds [0x000001dd83ff0000, 0x000001dd84660000, 0x000001dd86ff0000]
 total_blobs=4051 nmethods=3509 adapters=468
 compilation: enabled
              stopped_count=0, restarted_count=0
 full_count=0

Compilation events (20 events):
Event: 40.702 Thread 0x000001dd8bbf0320 3497       1       com.google.gson.stream.JsonWriter::setSerializeNulls (6 bytes)
Event: 40.702 Thread 0x000001dd8bbf0320 nmethod 3497 0x000001dd84657a90 code [0x000001dd84657c20, 0x000001dd84657cf8]
Event: 40.936 Thread 0x000001dd8bbf0320 3499       1       java.lang.invoke.InvokerBytecodeGenerator::emitIconstInsn (75 bytes)
Event: 40.936 Thread 0x000001dd8bbf0320 nmethod 3499 0x000001dd84658090 code [0x000001dd84658280, 0x000001dd84658538]
Event: 40.942 Thread 0x000001dd8bbf0320 3500       1       jdk.internal.reflect.Reflection::verifyMemberAccess (200 bytes)
Event: 40.944 Thread 0x000001dd8bbf0320 nmethod 3500 0x000001dd84658690 code [0x000001dd84658a00, 0x000001dd84659828]
Event: 218.586 Thread 0x000001dd8bbf0320 3503       1       java.util.ArrayList::<init> (63 bytes)
Event: 218.603 Thread 0x000001dd8bbf0320 nmethod 3503 0x000001dd8465a510 code [0x000001dd8465a6e0, 0x000001dd8465a9b8]
Event: 225.513 Thread 0x000001dd8bbf0320 3504       1       java.util.concurrent.ThreadPoolExecutor::runStateAtLeast (11 bytes)
Event: 225.513 Thread 0x000001dd8bbf0320 nmethod 3504 0x000001dd8465aa90 code [0x000001dd8465ac20, 0x000001dd8465acd8]
Event: 245.855 Thread 0x000001dd8bbf0320 3505       1       java.lang.System::checkKey (34 bytes)
Event: 245.859 Thread 0x000001dd8bbf0320 nmethod 3505 0x000001dd8465ad90 code [0x000001dd8465af40, 0x000001dd8465b138]
Event: 277.530 Thread 0x000001dd8bbf0320 3506       1       java.lang.invoke.DelegatingMethodHandle$Holder::reinvoke_L (20 bytes)
Event: 277.539 Thread 0x000001dd8bbf0320 nmethod 3506 0x000001dd8465b290 code [0x000001dd8465b440, 0x000001dd8465b578]
Event: 339.514 Thread 0x000001dd8bbf0320 3507       1       java.lang.ProcessImpl::needsEscaping (169 bytes)
Event: 339.539 Thread 0x000001dd8bbf0320 nmethod 3507 0x000001dd8465b690 code [0x000001dd8465b8e0, 0x000001dd8465bfe8]
Event: 339.539 Thread 0x000001dd8bbf0320 3508       1       java.lang.ProcessImpl::unQuote (40 bytes)
Event: 339.541 Thread 0x000001dd8bbf0320 nmethod 3508 0x000001dd8465c410 code [0x000001dd8465c5c0, 0x000001dd8465c788]
Event: 401.957 Thread 0x000001dd8bbf0320 3509       1       java.lang.System::getProperty (25 bytes)
Event: 401.999 Thread 0x000001dd8bbf0320 nmethod 3509 0x000001dd8465c910 code [0x000001dd8465cb00, 0x000001dd8465cec8]

GC Heap History (20 events):
Event: 329.478 GC heap before
{Heap before GC invocations=38 (full 24):
 garbage-first heap   total 57344K, used 22206K [0x00000000c0000000, 0x0000000100000000)
  region size 1024K, 1 young (1024K), 0 survivors (0K)
 Metaspace       used 38410K, committed 38976K, reserved 1114112K
  class space    used 5048K, committed 5248K, reserved 1048576K
}
Event: 329.498 GC heap after
{Heap after GC invocations=39 (full 25):
 garbage-first heap   total 57344K, used 22206K [0x00000000c0000000, 0x0000000100000000)
  region size 1024K, 0 young (0K), 0 survivors (0K)
 Metaspace       used 38410K, committed 38976K, reserved 1114112K
  class space    used 5048K, committed 5248K, reserved 1048576K
}
Event: 339.696 GC heap before
{Heap before GC invocations=39 (full 25):
 garbage-first heap   total 57344K, used 22206K [0x00000000c0000000, 0x0000000100000000)
  region size 1024K, 1 young (1024K), 0 survivors (0K)
 Metaspace       used 38410K, committed 38976K, reserved 1114112K
  class space    used 5048K, committed 5248K, reserved 1048576K
}
Event: 339.716 GC heap after
{Heap after GC invocations=40 (full 26):
 garbage-first heap   total 57344K, used 22206K [0x00000000c0000000, 0x0000000100000000)
  region size 1024K, 0 young (0K), 0 survivors (0K)
 Metaspace       used 38410K, committed 38976K, reserved 1114112K
  class space    used 5048K, committed 5248K, reserved 1048576K
}
Event: 349.955 GC heap before
{Heap before GC invocations=40 (full 26):
 garbage-first heap   total 57344K, used 22206K [0x00000000c0000000, 0x0000000100000000)
  region size 1024K, 1 young (1024K), 0 survivors (0K)
 Metaspace       used 38410K, committed 38976K, reserved 1114112K
  class space    used 5048K, committed 5248K, reserved 1048576K
}
Event: 349.978 GC heap after
{Heap after GC invocations=41 (full 27):
 garbage-first heap   total 57344K, used 22206K [0x00000000c0000000, 0x0000000100000000)
  region size 1024K, 0 young (0K), 0 survivors (0K)
 Metaspace       used 38410K, committed 38976K, reserved 1114112K
  class space    used 5048K, committed 5248K, reserved 1048576K
}
Event: 360.996 GC heap before
{Heap before GC invocations=41 (full 27):
 garbage-first heap   total 57344K, used 22206K [0x00000000c0000000, 0x0000000100000000)
  region size 1024K, 1 young (1024K), 0 survivors (0K)
 Metaspace       used 38410K, committed 38976K, reserved 1114112K
  class space    used 5048K, committed 5248K, reserved 1048576K
}
Event: 361.018 GC heap after
{Heap after GC invocations=42 (full 28):
 garbage-first heap   total 57344K, used 22206K [0x00000000c0000000, 0x0000000100000000)
  region size 1024K, 0 young (0K), 0 survivors (0K)
 Metaspace       used 38410K, committed 38976K, reserved 1114112K
  class space    used 5048K, committed 5248K, reserved 1048576K
}
Event: 371.197 GC heap before
{Heap before GC invocations=42 (full 28):
 garbage-first heap   total 57344K, used 22206K [0x00000000c0000000, 0x0000000100000000)
  region size 1024K, 1 young (1024K), 0 survivors (0K)
 Metaspace       used 38410K, committed 38976K, reserved 1114112K
  class space    used 5048K, committed 5248K, reserved 1048576K
}
Event: 371.217 GC heap after
{Heap after GC invocations=43 (full 29):
 garbage-first heap   total 57344K, used 22206K [0x00000000c0000000, 0x0000000100000000)
  region size 1024K, 0 young (0K), 0 survivors (0K)
 Metaspace       used 38410K, committed 38976K, reserved 1114112K
  class space    used 5048K, committed 5248K, reserved 1048576K
}
Event: 381.531 GC heap before
{Heap before GC invocations=43 (full 29):
 garbage-first heap   total 57344K, used 22206K [0x00000000c0000000, 0x0000000100000000)
  region size 1024K, 1 young (1024K), 0 survivors (0K)
 Metaspace       used 38410K, committed 38976K, reserved 1114112K
  class space    used 5048K, committed 5248K, reserved 1048576K
}
Event: 381.552 GC heap after
{Heap after GC invocations=44 (full 30):
 garbage-first heap   total 57344K, used 22206K [0x00000000c0000000, 0x0000000100000000)
  region size 1024K, 0 young (0K), 0 survivors (0K)
 Metaspace       used 38410K, committed 38976K, reserved 1114112K
  class space    used 5048K, committed 5248K, reserved 1048576K
}
Event: 391.928 GC heap before
{Heap before GC invocations=44 (full 30):
 garbage-first heap   total 57344K, used 22206K [0x00000000c0000000, 0x0000000100000000)
  region size 1024K, 1 young (1024K), 0 survivors (0K)
 Metaspace       used 38410K, committed 38976K, reserved 1114112K
  class space    used 5048K, committed 5248K, reserved 1048576K
}
Event: 391.947 GC heap after
{Heap after GC invocations=45 (full 31):
 garbage-first heap   total 57344K, used 22206K [0x00000000c0000000, 0x0000000100000000)
  region size 1024K, 0 young (0K), 0 survivors (0K)
 Metaspace       used 38410K, committed 38976K, reserved 1114112K
  class space    used 5048K, committed 5248K, reserved 1048576K
}
Event: 402.224 GC heap before
{Heap before GC invocations=45 (full 31):
 garbage-first heap   total 57344K, used 22206K [0x00000000c0000000, 0x0000000100000000)
  region size 1024K, 1 young (1024K), 0 survivors (0K)
 Metaspace       used 38410K, committed 38976K, reserved 1114112K
  class space    used 5048K, committed 5248K, reserved 1048576K
}
Event: 402.244 GC heap after
{Heap after GC invocations=46 (full 32):
 garbage-first heap   total 57344K, used 22206K [0x00000000c0000000, 0x0000000100000000)
  region size 1024K, 0 young (0K), 0 survivors (0K)
 Metaspace       used 38410K, committed 38976K, reserved 1114112K
  class space    used 5048K, committed 5248K, reserved 1048576K
}
Event: 412.618 GC heap before
{Heap before GC invocations=46 (full 32):
 garbage-first heap   total 57344K, used 22206K [0x00000000c0000000, 0x0000000100000000)
  region size 1024K, 1 young (1024K), 0 survivors (0K)
 Metaspace       used 38410K, committed 38976K, reserved 1114112K
  class space    used 5048K, committed 5248K, reserved 1048576K
}
Event: 412.639 GC heap after
{Heap after GC invocations=47 (full 33):
 garbage-first heap   total 57344K, used 22206K [0x00000000c0000000, 0x0000000100000000)
  region size 1024K, 0 young (0K), 0 survivors (0K)
 Metaspace       used 38410K, committed 38976K, reserved 1114112K
  class space    used 5048K, committed 5248K, reserved 1048576K
}
Event: 422.856 GC heap before
{Heap before GC invocations=47 (full 33):
 garbage-first heap   total 57344K, used 22206K [0x00000000c0000000, 0x0000000100000000)
  region size 1024K, 1 young (1024K), 0 survivors (0K)
 Metaspace       used 38410K, committed 38976K, reserved 1114112K
  class space    used 5048K, committed 5248K, reserved 1048576K
}
Event: 422.877 GC heap after
{Heap after GC invocations=48 (full 34):
 garbage-first heap   total 57344K, used 22206K [0x00000000c0000000, 0x0000000100000000)
  region size 1024K, 0 young (0K), 0 survivors (0K)
 Metaspace       used 38410K, committed 38976K, reserved 1114112K
  class space    used 5048K, committed 5248K, reserved 1048576K
}

Dll operation events (8 events):
Event: 0.031 Loaded shared library c:\Users\PC\.vscode\extensions\redhat.java-1.25.1-win32-x64\jre\17.0.9-win32-x86_64\bin\java.dll
Event: 0.501 Loaded shared library C:\Users\PC\.vscode\extensions\redhat.java-1.25.1-win32-x64\jre\17.0.9-win32-x86_64\bin\net.dll
Event: 0.530 Loaded shared library C:\Users\PC\.vscode\extensions\redhat.java-1.25.1-win32-x64\jre\17.0.9-win32-x86_64\bin\nio.dll
Event: 1.367 Loaded shared library C:\Users\PC\.vscode\extensions\redhat.java-1.25.1-win32-x64\jre\17.0.9-win32-x86_64\bin\zip.dll
Event: 20.632 Loaded shared library C:\Users\PC\.vscode\extensions\redhat.java-1.25.1-win32-x64\jre\17.0.9-win32-x86_64\bin\jimage.dll
Event: 38.037 Loaded shared library c:\Users\PC\.vscode\extensions\redhat.java-1.25.1-win32-x64\jre\17.0.9-win32-x86_64\bin\verify.dll
Event: 38.775 Loaded shared library C:\Users\PC\.vscode\extensions\redhat.java-1.25.1-win32-x64\jre\17.0.9-win32-x86_64\bin\management.dll
Event: 38.785 Loaded shared library C:\Users\PC\.vscode\extensions\redhat.java-1.25.1-win32-x64\jre\17.0.9-win32-x86_64\bin\management_ext.dll

Deoptimization events (6 events):
Event: 30.009 Thread 0x000001ddff97e970 DEOPT PACKING pc=0x000001dd84435819 sp=0x0000000961efd0e0
Event: 30.009 Thread 0x000001ddff97e970 DEOPT UNPACKING pc=0x000001dd84047143 sp=0x0000000961efc5c0 mode 3
Event: 31.744 Thread 0x000001ddff97e970 DEOPT PACKING pc=0x000001dd844ade55 sp=0x0000000961efe720
Event: 31.744 Thread 0x000001ddff97e970 DEOPT UNPACKING pc=0x000001dd84047143 sp=0x0000000961efdbc8 mode 3
Event: 39.212 Thread 0x000001dd908fb050 DEOPT PACKING pc=0x000001dd84644335 sp=0x00000009637fe130
Event: 39.212 Thread 0x000001dd908fb050 DEOPT UNPACKING pc=0x000001dd84047143 sp=0x00000009637fd658 mode 3

Classes unloaded (20 events):
Event: 89.674 Thread 0x000001dd8bb5f090 Unloading class 0x00000001000d4800 'java/lang/invoke/LambdaForm$MH+0x00000001000d4800'
Event: 89.674 Thread 0x000001dd8bb5f090 Unloading class 0x00000001000d4400 'java/lang/invoke/LambdaForm$MH+0x00000001000d4400'
Event: 89.674 Thread 0x000001dd8bb5f090 Unloading class 0x00000001000ce800 'java/lang/invoke/LambdaForm$MH+0x00000001000ce800'
Event: 89.674 Thread 0x000001dd8bb5f090 Unloading class 0x00000001000ce400 'java/lang/invoke/LambdaForm$MH+0x00000001000ce400'
Event: 89.674 Thread 0x000001dd8bb5f090 Unloading class 0x00000001000ce000 'java/lang/invoke/LambdaForm$MH+0x00000001000ce000'
Event: 89.674 Thread 0x000001dd8bb5f090 Unloading class 0x00000001000cdc00 'java/lang/invoke/LambdaForm$MH+0x00000001000cdc00'
Event: 89.674 Thread 0x000001dd8bb5f090 Unloading class 0x00000001000cd800 'java/lang/invoke/LambdaForm$MH+0x00000001000cd800'
Event: 89.674 Thread 0x000001dd8bb5f090 Unloading class 0x00000001000cd400 'java/lang/invoke/LambdaForm$MH+0x00000001000cd400'
Event: 89.674 Thread 0x000001dd8bb5f090 Unloading class 0x00000001000ccc00 'java/lang/invoke/LambdaForm$MH+0x00000001000ccc00'
Event: 89.674 Thread 0x000001dd8bb5f090 Unloading class 0x00000001000cc800 'java/lang/invoke/LambdaForm$MH+0x00000001000cc800'
Event: 89.674 Thread 0x000001dd8bb5f090 Unloading class 0x00000001000cc000 'java/lang/invoke/LambdaForm$MH+0x00000001000cc000'
Event: 89.674 Thread 0x000001dd8bb5f090 Unloading class 0x00000001000cbc00 'java/lang/invoke/LambdaForm$MH+0x00000001000cbc00'
Event: 89.674 Thread 0x000001dd8bb5f090 Unloading class 0x00000001000cac00 'java/lang/invoke/LambdaForm$MH+0x00000001000cac00'
Event: 89.674 Thread 0x000001dd8bb5f090 Unloading class 0x00000001000ca400 'java/lang/invoke/LambdaForm$MH+0x00000001000ca400'
Event: 89.674 Thread 0x000001dd8bb5f090 Unloading class 0x00000001000ca000 'java/lang/invoke/LambdaForm$MH+0x00000001000ca000'
Event: 89.674 Thread 0x000001dd8bb5f090 Unloading class 0x00000001000c9c00 'java/lang/invoke/LambdaForm$MH+0x00000001000c9c00'
Event: 89.674 Thread 0x000001dd8bb5f090 Unloading class 0x00000001000c9800 'java/lang/invoke/LambdaForm$MH+0x00000001000c9800'
Event: 89.674 Thread 0x000001dd8bb5f090 Unloading class 0x00000001000c9400 'java/lang/invoke/LambdaForm$MH+0x00000001000c9400'
Event: 89.674 Thread 0x000001dd8bb5f090 Unloading class 0x00000001000c8c00 'java/lang/invoke/LambdaForm$MH+0x00000001000c8c00'
Event: 89.674 Thread 0x000001dd8bb5f090 Unloading class 0x00000001000c8400 'java/lang/invoke/LambdaForm$MH+0x00000001000c8400'

Classes redefined (0 events):
No events

Internal exceptions (20 events):
Event: 33.268 Thread 0x000001ddff97e970 Exception <a 'java/lang/NoSuchMethodError'{0x00000000c2e23490}: 'java.lang.Object java.lang.invoke.DirectMethodHandle$Holder.invokeSpecial(java.lang.Object, java.lang.Object, int, java.lang.Object, java.lang.Object)'> (0x00000000c2e23490) 
thrown [s\src\hotspot\share\interpreter\linkResolver.cpp, line 759]
Event: 33.268 Thread 0x000001ddff97e970 Exception <a 'java/lang/NoSuchMethodError'{0x00000000c2e27138}: 'java.lang.Object java.lang.invoke.DelegatingMethodHandle$Holder.delegate(java.lang.Object, int, java.lang.Object, java.lang.Object)'> (0x00000000c2e27138) 
thrown [s\src\hotspot\share\interpreter\linkResolver.cpp, line 759]
Event: 33.269 Thread 0x000001ddff97e970 Exception <a 'java/lang/NoSuchMethodError'{0x00000000c2e37fc0}: 'int java.lang.invoke.Invokers$Holder.linkToTargetMethod(java.lang.Object, java.lang.Object, java.lang.Object)'> (0x00000000c2e37fc0) 
thrown [s\src\hotspot\share\interpreter\linkResolver.cpp, line 759]
Event: 33.581 Thread 0x000001ddff97e970 Exception <a 'java/lang/NoSuchMethodError'{0x00000000c2ab0f20}: 'java.lang.Object java.lang.invoke.DirectMethodHandle$Holder.invokeStaticInit(java.lang.Object, int, int, int, int)'> (0x00000000c2ab0f20) 
thrown [s\src\hotspot\share\interpreter\linkResolver.cpp, line 759]
Event: 36.749 Thread 0x000001ddff97e970 Exception <a 'java/lang/NoSuchMethodError'{0x00000000c298c1d0}: 'java.lang.Object java.lang.invoke.DirectMethodHandle$Holder.invokeStaticInit(java.lang.Object, java.lang.Object, int, int, int, int)'> (0x00000000c298c1d0) 
thrown [s\src\hotspot\share\interpreter\linkResolver.cpp, line 759]
Event: 37.356 Thread 0x000001ddff97e970 Exception <a 'java/lang/NoSuchMethodError'{0x00000000c3398bf0}: 'void java.lang.invoke.DirectMethodHandle$Holder.invokeSpecialIFC(java.lang.Object, java.lang.Object, java.lang.Object)'> (0x00000000c3398bf0) 
thrown [s\src\hotspot\share\interpreter\linkResolver.cpp, line 759]
Event: 38.245 Thread 0x000001ddff97e970 Exception <a 'java/lang/NoSuchMethodError'{0x00000000c35f49d8}: 'int java.lang.invoke.DirectMethodHandle$Holder.invokeStaticInit(java.lang.Object, java.lang.Object, int, java.lang.Object)'> (0x00000000c35f49d8) 
thrown [s\src\hotspot\share\interpreter\linkResolver.cpp, line 759]
Event: 38.305 Thread 0x000001ddff97e970 Exception <a 'java/lang/NoSuchMethodError'{0x00000000c3301820}: 'void java.lang.invoke.DirectMethodHandle$Holder.invokeSpecial(java.lang.Object, java.lang.Object, java.lang.Object, java.lang.Object, java.lang.Object, java.lang.Object, java.lang.Object)'> (0x00000000c3301820) 
thrown [s\src\hotspot\share\interpreter\linkResolver.cpp, line 759]
Event: 38.478 Thread 0x000001ddff97e970 Exception <a 'java/lang/NoSuchMethodError'{0x00000000c2f023d8}: 'java.lang.Object java.lang.invoke.DirectMethodHandle$Holder.invokeInterface(java.lang.Object, java.lang.Object, int)'> (0x00000000c2f023d8) 
thrown [s\src\hotspot\share\interpreter\linkResolver.cpp, line 759]
Event: 38.480 Thread 0x000001ddff97e970 Exception <a 'java/lang/IncompatibleClassChangeError'{0x00000000c2f15930}: Found class java.lang.Object, but interface was expected> (0x00000000c2f15930) 
thrown [s\src\hotspot\share\interpreter\linkResolver.cpp, line 826]
Event: 38.757 Thread 0x000001ddff97e970 Exception <a 'java/lang/NoSuchMethodError'{0x00000000c37eb0e8}: 'java.lang.Object java.lang.invoke.DirectMethodHandle$Holder.newInvokeSpecial(java.lang.Object, java.lang.Object, int, java.lang.Object, java.lang.Object)'> (0x00000000c37eb0e8) 
thrown [s\src\hotspot\share\interpreter\linkResolver.cpp, line 759]
Event: 38.759 Thread 0x000001ddff97e970 Exception <a 'java/lang/NoSuchMethodError'{0x00000000c37fde40}: 'java.lang.Object java.lang.invoke.DirectMethodHandle$Holder.invokeSpecial(java.lang.Object, java.lang.Object, int, java.lang.Object, int, java.lang.Object)'> (0x00000000c37fde40) 
thrown [s\src\hotspot\share\interpreter\linkResolver.cpp, line 759]
Event: 38.760 Thread 0x000001ddff97e970 Exception <a 'java/lang/NoSuchMethodError'{0x00000000c3605c90}: 'java.lang.Object java.lang.invoke.DirectMethodHandle$Holder.newInvokeSpecial(java.lang.Object, java.lang.Object, int, java.lang.Object, int)'> (0x00000000c3605c90) 
thrown [s\src\hotspot\share\interpreter\linkResolver.cpp, line 759]
Event: 38.760 Thread 0x000001ddff97e970 Exception <a 'java/lang/NoSuchMethodError'{0x00000000c3609d90}: 'java.lang.Object java.lang.invoke.DirectMethodHandle$Holder.invokeSpecial(java.lang.Object, java.lang.Object, java.lang.Object, int, java.lang.Object, int)'> (0x00000000c3609d90) 
thrown [s\src\hotspot\share\interpreter\linkResolver.cpp, line 759]
Event: 39.211 Thread 0x000001dd908fb050 Exception <a 'java/lang/NoSuchMethodError'{0x00000000c2c252a8}: 'java.lang.Object java.lang.invoke.DirectMethodHandle$Holder.invokeStatic(java.lang.Object, int, java.lang.Object)'> (0x00000000c2c252a8) 
thrown [s\src\hotspot\share\interpreter\linkResolver.cpp, line 759]
Event: 39.262 Thread 0x000001dd91366d30 Exception <a 'java/lang/NoSuchMethodError'{0x00000000c2c3ae48}: 'java.lang.Object java.lang.invoke.DirectMethodHandle$Holder.invokeStatic(java.lang.Object, java.lang.Object, java.lang.Object, int, java.lang.Object, java.lang.Object)'> (0x00000000c2c3ae48) 
thrown [s\src\hotspot\share\interpreter\linkResolver.cpp, line 759]
Event: 40.936 Thread 0x000001dd91741230 Exception <a 'java/lang/NoSuchMethodError'{0x00000000c378a478}: 'int java.lang.invoke.DirectMethodHandle$Holder.invokeStatic(java.lang.Object)'> (0x00000000c378a478) 
thrown [s\src\hotspot\share\interpreter\linkResolver.cpp, line 759]
Event: 40.936 Thread 0x000001dd91741230 Exception <a 'java/lang/NoSuchMethodError'{0x00000000c378d878}: 'int java.lang.invoke.DirectMethodHandle$Holder.invokeStaticInit(java.lang.Object)'> (0x00000000c378d878) 
thrown [s\src\hotspot\share\interpreter\linkResolver.cpp, line 759]
Event: 78.760 Thread 0x000001dd91624ef0 Exception <a 'java/lang/NoSuchMethodError'{0x00000000c37eb770}: 'void java.lang.invoke.DirectMethodHandle$Holder.invokeStatic(java.lang.Object, long)'> (0x00000000c37eb770) 
thrown [s\src\hotspot\share\interpreter\linkResolver.cpp, line 759]
Event: 78.761 Thread 0x000001dd91624ef0 Exception <a 'java/lang/NoSuchMethodError'{0x00000000c37f0b18}: 'java.lang.Object java.lang.invoke.DirectMethodHandle$Holder.newInvokeSpecial(java.lang.Object, long)'> (0x00000000c37f0b18) 
thrown [s\src\hotspot\share\interpreter\linkResolver.cpp, line 759]

VM Operations (20 events):
Event: 329.499 Executing VM operation: G1CollectFull done
Event: 339.695 Executing VM operation: G1CollectFull
Event: 339.716 Executing VM operation: G1CollectFull done
Event: 349.955 Executing VM operation: G1CollectFull
Event: 349.979 Executing VM operation: G1CollectFull done
Event: 360.996 Executing VM operation: G1CollectFull
Event: 361.018 Executing VM operation: G1CollectFull done
Event: 371.197 Executing VM operation: G1CollectFull
Event: 371.217 Executing VM operation: G1CollectFull done
Event: 381.531 Executing VM operation: G1CollectFull
Event: 381.553 Executing VM operation: G1CollectFull done
Event: 391.927 Executing VM operation: G1CollectFull
Event: 391.947 Executing VM operation: G1CollectFull done
Event: 402.224 Executing VM operation: G1CollectFull
Event: 402.244 Executing VM operation: G1CollectFull done
Event: 412.618 Executing VM operation: G1CollectFull
Event: 412.639 Executing VM operation: G1CollectFull done
Event: 422.856 Executing VM operation: G1CollectFull
Event: 422.877 Executing VM operation: G1CollectFull done
Event: 433.689 Executing VM operation: G1CollectFull

Events (20 events):
Event: 39.835 Thread 0x000001dd91741230 Thread added: 0x000001dd91741230
Event: 40.939 loading class java/util/concurrent/atomic/AtomicLongFieldUpdater
Event: 40.941 loading class java/util/concurrent/atomic/AtomicLongFieldUpdater done
Event: 40.941 loading class java/util/concurrent/atomic/AtomicLongFieldUpdater$CASUpdater
Event: 40.942 loading class java/util/concurrent/atomic/AtomicLongFieldUpdater$CASUpdater done
Event: 40.942 loading class java/util/concurrent/atomic/AtomicLongFieldUpdater$CASUpdater$1
Event: 40.942 loading class java/util/concurrent/atomic/AtomicLongFieldUpdater$CASUpdater$1 done
Event: 78.692 loading class java/lang/ProcessBuilder
Event: 78.745 loading class java/lang/ProcessBuilder done
Event: 78.745 loading class java/lang/ProcessImpl
Event: 78.746 loading class java/lang/ProcessImpl done
Event: 78.762 loading class java/lang/ProcessImpl$2
Event: 78.762 loading class java/lang/ProcessImpl$2 done
Event: 78.762 loading class java/lang/Process$PipeInputStream
Event: 78.763 loading class java/lang/Process$PipeInputStream done
Event: 78.764 loading class jdk/internal/event/ProcessStartEvent
Event: 78.765 loading class jdk/internal/event/ProcessStartEvent done
Event: 79.353 loading class java/io/FileOutputStream$1
Event: 79.353 loading class java/io/FileOutputStream$1 done
Event: 100.726 Thread 0x000001dd9173e9b0 Thread exited: 0x000001dd9173e9b0


Dynamic libraries:
0x00007ff7781d0000 - 0x00007ff7781de000 	c:\Users\PC\.vscode\extensions\redhat.java-1.25.1-win32-x64\jre\17.0.9-win32-x86_64\bin\java.exe
0x00007ffee1cb0000 - 0x00007ffee1ea8000 	C:\Windows\SYSTEM32\ntdll.dll
0x00007ffebb5a0000 - 0x00007ffebb5b9000 	C:\Program Files\Avast Software\Avast\aswhook.dll
0x00007ffedfeb0000 - 0x00007ffedff6d000 	C:\Windows\System32\KERNEL32.DLL
0x00007ffedf990000 - 0x00007ffedfc86000 	C:\Windows\System32\KERNELBASE.dll
0x00007ffedf390000 - 0x00007ffedf490000 	C:\Windows\System32\ucrtbase.dll
0x00007ffecd7a0000 - 0x00007ffecd7b7000 	c:\Users\PC\.vscode\extensions\redhat.java-1.25.1-win32-x64\jre\17.0.9-win32-x86_64\bin\jli.dll
0x00007ffedfd10000 - 0x00007ffedfeae000 	C:\Windows\System32\USER32.dll
0x00007ffedfc90000 - 0x00007ffedfcb2000 	C:\Windows\System32\win32u.dll
0x00007ffecd600000 - 0x00007ffecd61b000 	c:\Users\PC\.vscode\extensions\redhat.java-1.25.1-win32-x64\jre\17.0.9-win32-x86_64\bin\VCRUNTIME140.dll
0x00007ffee07c0000 - 0x00007ffee07ec000 	C:\Windows\System32\GDI32.dll
0x00007ffec58c0000 - 0x00007ffec5b5a000 	C:\Windows\WinSxS\amd64_microsoft.windows.common-controls_6595b64144ccf1df_6.0.19041.3636_none_60b6a03d71f818d5\COMCTL32.dll
0x00007ffedf5c0000 - 0x00007ffedf6da000 	C:\Windows\System32\gdi32full.dll
0x00007ffee0e90000 - 0x00007ffee0f2e000 	C:\Windows\System32\msvcrt.dll
0x00007ffedf6e0000 - 0x00007ffedf77d000 	C:\Windows\System32\msvcp_win.dll
0x00007ffedffd0000 - 0x00007ffee0000000 	C:\Windows\System32\IMM32.DLL
0x00007ffed21c0000 - 0x00007ffed21cc000 	c:\Users\PC\.vscode\extensions\redhat.java-1.25.1-win32-x64\jre\17.0.9-win32-x86_64\bin\vcruntime140_1.dll
0x00007ffea5b00000 - 0x00007ffea5b8d000 	c:\Users\PC\.vscode\extensions\redhat.java-1.25.1-win32-x64\jre\17.0.9-win32-x86_64\bin\msvcp140.dll
0x00007ffe76350000 - 0x00007ffe76fb1000 	c:\Users\PC\.vscode\extensions\redhat.java-1.25.1-win32-x64\jre\17.0.9-win32-x86_64\bin\server\jvm.dll
0x00007ffee0c90000 - 0x00007ffee0d3f000 	C:\Windows\System32\ADVAPI32.dll
0x00007ffee0fb0000 - 0x00007ffee104c000 	C:\Windows\System32\sechost.dll
0x00007ffee1300000 - 0x00007ffee1426000 	C:\Windows\System32\RPCRT4.dll
0x00007ffedf1f0000 - 0x00007ffedf23b000 	C:\Windows\SYSTEM32\POWRPROF.dll
0x00007ffecab60000 - 0x00007ffecab87000 	C:\Windows\SYSTEM32\WINMM.dll
0x00007ffed29a0000 - 0x00007ffed29a9000 	C:\Windows\SYSTEM32\WSOCK32.dll
0x00007ffee1200000 - 0x00007ffee126b000 	C:\Windows\System32\WS2_32.dll
0x00007ffed5b70000 - 0x00007ffed5b7a000 	C:\Windows\SYSTEM32\VERSION.dll
0x00007ffedf1d0000 - 0x00007ffedf1e2000 	C:\Windows\SYSTEM32\UMPDC.dll
0x00007ffedd270000 - 0x00007ffedd282000 	C:\Windows\SYSTEM32\kernel.appcore.dll
0x00007ffecdda0000 - 0x00007ffecddaa000 	c:\Users\PC\.vscode\extensions\redhat.java-1.25.1-win32-x64\jre\17.0.9-win32-x86_64\bin\jimage.dll
0x00007ffedaa40000 - 0x00007ffedac24000 	C:\Windows\SYSTEM32\DBGHELP.DLL
0x00007ffedaa00000 - 0x00007ffedaa34000 	C:\Windows\SYSTEM32\dbgcore.DLL
0x00007ffedf500000 - 0x00007ffedf582000 	C:\Windows\System32\bcryptPrimitives.dll
0x00007ffec8a90000 - 0x00007ffec8ab5000 	c:\Users\PC\.vscode\extensions\redhat.java-1.25.1-win32-x64\jre\17.0.9-win32-x86_64\bin\java.dll
0x00007ffecc550000 - 0x00007ffecc568000 	c:\Users\PC\.vscode\extensions\redhat.java-1.25.1-win32-x64\jre\17.0.9-win32-x86_64\bin\zip.dll
0x00007ffee0000000 - 0x00007ffee0744000 	C:\Windows\System32\SHELL32.dll
0x00007ffedd470000 - 0x00007ffeddc0b000 	C:\Windows\SYSTEM32\windows.storage.dll
0x00007ffee0930000 - 0x00007ffee0c84000 	C:\Windows\System32\combase.dll
0x00007ffeded00000 - 0x00007ffeded2d000 	C:\Windows\SYSTEM32\Wldp.dll
0x00007ffee1610000 - 0x00007ffee16bd000 	C:\Windows\System32\SHCORE.dll
0x00007ffee0760000 - 0x00007ffee07b5000 	C:\Windows\System32\shlwapi.dll
0x00007ffedf2c0000 - 0x00007ffedf2e5000 	C:\Windows\SYSTEM32\profapi.dll
0x00007ffebbc00000 - 0x00007ffebbc19000 	C:\Users\PC\.vscode\extensions\redhat.java-1.25.1-win32-x64\jre\17.0.9-win32-x86_64\bin\net.dll
0x00007ffed5a20000 - 0x00007ffed5b2a000 	C:\Windows\SYSTEM32\WINHTTP.dll
0x00007ffedea60000 - 0x00007ffedeaca000 	C:\Windows\system32\mswsock.dll
0x00007ffebb730000 - 0x00007ffebb746000 	C:\Users\PC\.vscode\extensions\redhat.java-1.25.1-win32-x64\jre\17.0.9-win32-x86_64\bin\nio.dll
0x00007ffedec60000 - 0x00007ffedec78000 	C:\Windows\SYSTEM32\CRYPTSP.dll
0x00007ffede390000 - 0x00007ffede3c4000 	C:\Windows\system32\rsaenh.dll
0x00007ffedf590000 - 0x00007ffedf5b7000 	C:\Windows\System32\bcrypt.dll
0x00007ffedf280000 - 0x00007ffedf2ae000 	C:\Windows\SYSTEM32\USERENV.dll
0x00007ffedec50000 - 0x00007ffedec5c000 	C:\Windows\SYSTEM32\CRYPTBASE.dll
0x00007ffede750000 - 0x00007ffede78b000 	C:\Windows\SYSTEM32\IPHLPAPI.DLL
0x00007ffee07f0000 - 0x00007ffee07f8000 	C:\Windows\System32\NSI.dll
0x00007ffed6cd0000 - 0x00007ffed6ce7000 	C:\Windows\SYSTEM32\dhcpcsvc6.DLL
0x00007ffed73a0000 - 0x00007ffed73bd000 	C:\Windows\SYSTEM32\dhcpcsvc.DLL
0x00007ffede790000 - 0x00007ffede85a000 	C:\Windows\SYSTEM32\DNSAPI.dll
0x00007ffecbd20000 - 0x00007ffecbd30000 	c:\Users\PC\.vscode\extensions\redhat.java-1.25.1-win32-x64\jre\17.0.9-win32-x86_64\bin\verify.dll
0x00007ffed5730000 - 0x00007ffed5739000 	C:\Users\PC\.vscode\extensions\redhat.java-1.25.1-win32-x64\jre\17.0.9-win32-x86_64\bin\management.dll
0x00007ffed55e0000 - 0x00007ffed55eb000 	C:\Users\PC\.vscode\extensions\redhat.java-1.25.1-win32-x64\jre\17.0.9-win32-x86_64\bin\management_ext.dll
0x00007ffee0d60000 - 0x00007ffee0d68000 	C:\Windows\System32\PSAPI.DLL

dbghelp: loaded successfully - version: 4.0.5 - missing functions: none
symbol engine: initialized successfully - sym options: 0x614 - pdb path: .;c:\Users\PC\.vscode\extensions\redhat.java-1.25.1-win32-x64\jre\17.0.9-win32-x86_64\bin;C:\Windows\SYSTEM32;C:\Program Files\Avast Software\Avast;C:\Windows\WinSxS\amd64_microsoft.windows.common-controls_6595b64144ccf1df_6.0.19041.3636_none_60b6a03d71f818d5;c:\Users\PC\.vscode\extensions\redhat.java-1.25.1-win32-x64\jre\17.0.9-win32-x86_64\bin\server

VM Arguments:
jvm_args: -XX:+HeapDumpOnOutOfMemoryError -Xmx1024m -Dsts.lsp.client=vscode -Dsts.log.file=/dev/null -XX:TieredStopAtLevel=1 -Xlog:jni+resolve=off -Dspring.config.location=file:c:\Users\PC\.vscode\extensions\vmware.vscode-spring-boot-1.51.0\language-server\BOOT-INF\classes\application.properties 
java_command: org.springframework.ide.vscode.boot.app.BootLanguageServerBootApp
java_class_path (initial): c:\Users\PC\.vscode\extensions\vmware.vscode-spring-boot-1.51.0\language-server\BOOT-INF\classes;c:\Users\PC\.vscode\extensions\vmware.vscode-spring-boot-1.51.0\language-server\BOOT-INF\lib\annotations-24.1.0.jar;c:\Users\PC\.vscode\extensions\vmware.vscode-spring-boot-1.51.0\language-server\BOOT-INF\lib\antlr-runtime-3.5.3.jar;c:\Users\PC\.vscode\extensions\vmware.vscode-spring-boot-1.51.0\language-server\BOOT-INF\lib\antlr4-4.11.1.jar;c:\Users\PC\.vscode\extensions\vmware.vscode-spring-boot-1.51.0\language-server\BOOT-INF\lib\antlr4-runtime-4.11.1.jar;c:\Users\PC\.vscode\extensions\vmware.vscode-spring-boot-1.51.0\language-server\BOOT-INF\lib\asm-9.6.jar;c:\Users\PC\.vscode\extensions\vmware.vscode-spring-boot-1.51.0\language-server\BOOT-INF\lib\asm-analysis-9.6.jar;c:\Users\PC\.vscode\extensions\vmware.vscode-spring-boot-1.51.0\language-server\BOOT-INF\lib\asm-tree-9.6.jar;c:\Users\PC\.vscode\extensions\vmware.vscode-spring-boot-1.51.0\language-server\BOOT-INF\lib\asm-util-9.6.jar;c:\Users\PC\.vscode\extensions\vmware.vscode-spring-boot-1.51.0\language-server\BOOT-INF\lib\bosh-language-server-1.51.0-SNAPSHOT.jar;c:\Users\PC\.vscode\extensions\vmware.vscode-spring-boot-1.51.0\language-server\BOOT-INF\lib\caffeine-3.1.8.jar;c:\Users\PC\.vscode\extensions\vmware.vscode-spring-boot-1.51.0\language-server\BOOT-INF\lib\checker-qual-3.12.0.jar;c:\Users\PC\.vscode\extensions\vmware.vscode-spring-boot-1.51.0\language-server\BOOT-INF\lib\classgraph-4.8.149.jar;c:\Users\PC\.vscode\extensions\vmware.vscode-spring-boot-1.51.0\language-server\BOOT-INF\lib\commons-codec-1.15.jar;c:\Users\PC\.vscode\extensions\vmware.vscode-spring-boot-1.51.0\language-server\BOOT-INF\lib\commons-compress-1.25.0.jar;c:\Users\PC\.vscode\extensions\vmware.vscode-spring-boot-1.51.0\language-server\BOOT-INF\lib\commons-io-2.4.jar;c:\Users\PC\.vscode\extensions\vmware.vscode-spring-boot-1.51.0\language-server\BOOT-INF\lib\commons-java-1.51.0-SNAPSHOT.jar;c:\Users\PC\.vscod
Launcher Type: SUN_STANDARD

[Global flags]
     intx CICompilerCount                          = 3                                         {product} {ergonomic}
     uint ConcGCThreads                            = 1                                         {product} {ergonomic}
     uint G1ConcRefinementThreads                  = 4                                         {product} {ergonomic}
   size_t G1HeapRegionSize                         = 1048576                                   {product} {ergonomic}
    uintx GCDrainStackTargetSize                   = 64                                        {product} {ergonomic}
     bool HeapDumpOnOutOfMemoryError               = true                                   {manageable} {command line}
   size_t InitialHeapSize                          = 58720256                                  {product} {ergonomic}
   size_t MarkStackSize                            = 4194304                                   {product} {ergonomic}
   size_t MaxHeapSize                              = 1073741824                                {product} {command line}
   size_t MaxNewSize                               = 643825664                                 {product} {ergonomic}
   size_t MinHeapDeltaBytes                        = 1048576                                   {product} {ergonomic}
   size_t MinHeapSize                              = 8388608                                   {product} {ergonomic}
    uintx NonProfiledCodeHeapSize                  = 0                                      {pd product} {ergonomic}
     bool ProfileInterpreter                       = false                                  {pd product} {command line}
    uintx ProfiledCodeHeapSize                     = 0                                      {pd product} {ergonomic}
   size_t SoftMaxHeapSize                          = 1073741824                             {manageable} {ergonomic}
     intx TieredStopAtLevel                        = 1                                         {product} {command line}
     bool UseCompressedClassPointers               = true                           {product lp64_product} {ergonomic}
     bool UseCompressedOops                        = true                           {product lp64_product} {ergonomic}
     bool UseG1GC                                  = true                                      {product} {ergonomic}
     bool UseLargePagesIndividualAllocation        = false                                  {pd product} {ergonomic}

Logging:
Log output configuration:
 #0: stdout all=warning,jni+resolve=off uptime,level,tags
 #1: stderr all=off uptime,level,tags

Environment Variables:
JAVA_HOME=C:\Program Files\Java\jdk-21
PATH=C:\Users\PC\bin;C:\Program Files\Git\mingw64\bin;C:\Program Files\Git\usr\local\bin;C:\Program Files\Git\usr\bin;C:\Program Files\Git\usr\bin;C:\Program Files\Git\mingw64\bin;C:\Program Files\Git\usr\bin;C:\Users\PC\bin;C:\Windows\system32;C:\Windows;C:\Windows\System32\Wbem;C:\Windows\System32\WindowsPowerShell\v1.0;C:\Windows\System32\OpenSSH;C:\Program Files\nodejs;C:\ProgramData\ComposerSetup\bin;C:\Program Files\Git\cmd;C:\php8.1;C:\Program Files\Azure Data Studio\bin;C:\Program Files (x86)\Microsoft SQL Server\160\Tools\Binn;C:\Program Files\Microsoft SQL Server\160\Tools\Binn;C:\Program Files\Microsoft SQL Server\Client SDK\ODBC\170\Tools\Binn;C:\Program Files\Microsoft SQL Server\160\DTS\Binn;C:\Program Files (x86)\Microsoft SQL Server\160\DTS\Binn;C:\Users\PC\AppData\Local\Microsoft\WindowsApps;C:\Users\PC\AppData\Local\Programs\Microsoft VS Code\bin;C:\Users\PC\AppData\Roaming\npm;C:\Users\PC\AppData\Roaming\Composer\vendor\bin;C:\Program Files\Azure Data Studio\bin;C:\Program Files\Java\jdk-21\bin;C:\Program Files\apache-maven-3.9.6\bin;C:\Program Files\Git\usr\bin\vendor_perl;C:\Program Files\Git\usr\bin\core_perl
USERNAME=Ellen Samanta
SHELL=C:\Program Files\Git\usr\bin\bash.exe
DISPLAY=needs-to-be-defined
LC_CTYPE=pt_BR.UTF-8
TERM=xterm
TMPDIR=C:\Users\PC\AppData\Local\Temp
OS=Windows_NT
PROCESSOR_IDENTIFIER=Intel64 Family 6 Model 58 Stepping 9, GenuineIntel
TMP=C:\Users\PC\AppData\Local\Temp
TEMP=C:\Users\PC\AppData\Local\Temp



Periodic native trim disabled


---------------  S Y S T E M  ---------------

OS:
 Windows 10 , 64 bit Build 19041 (10.0.19041.3636)
OS uptime: 2 days 23:40 hours

CPU: total 4 (initial active 4) (4 cores per cpu, 1 threads per core) family 6 model 58 stepping 9 microcode 0x21, cx8, cmov, fxsr, mmx, sse, sse2, sse3, ssse3, sse4.1, sse4.2, popcnt, tsc, tscinvbit, avx, aes, erms, clmul, vzeroupper, clflush
Processor Information for all 4 processors :
  Max Mhz: 3001, Current Mhz: 3001, Mhz Limit: 3001

Memory: 4k page, system-wide physical 3524M (115M free)
TotalPageFile size 14276M (AvailPageFile size 6M)
current process WorkingSet (physical memory assigned to process): 40M, peak: 134M
current process commit charge ("private bytes"): 175M, peak: 184M

vm_info: OpenJDK 64-Bit Server VM (17.0.9+9) for windows-amd64 JRE (17.0.9+9), built on Oct 26 2023 14:01:42 by "admin" with MS VC++ 16.10 / 16.11 (VS2019)

END.
