#
# There is insufficient memory for the Java Runtime Environment to continue.
# Native memory allocation (malloc) failed to allocate 2097152 bytes for AllocateHeap
# Possible reasons:
#   The system is out of physical RAM or swap space
#   The process is running with CompressedOops enabled, and the Java Heap may be blocking the growth of the native heap
# Possible solutions:
#   Reduce memory load on the system
#   Increase physical memory or swap space
#   Check if swap backing store is full
#   Decrease Java heap size (-Xmx/-Xms)
#   Decrease number of Java threads
#   Decrease Java thread stack sizes (-Xss)
#   Set larger code cache with -XX:ReservedCodeCacheSize=
#   JVM is running with Unscaled Compressed Oops mode in which the Java heap is
#     placed in the first 4GB address space. The Java Heap base address is the
#     maximum limit for the native heap growth. Please use -XX:HeapBaseMinAddress
#     to set the Java Heap base and to place the Java Heap above 4GB virtual address.
# This output file may be truncated or incomplete.
#
#  Out of Memory Error (allocation.cpp:44), pid=17504, tid=6152
#
# JRE version: OpenJDK Runtime Environment Temurin-17.0.9+9 (17.0.9+9) (build 17.0.9+9)
# Java VM: OpenJDK 64-Bit Server VM Temurin-17.0.9+9 (17.0.9+9, mixed mode, emulated-client, tiered, compressed oops, compressed class ptrs, g1 gc, windows-amd64)
# No core dump will be written. Minidumps are not enabled by default on client versions of Windows
#

---------------  S U M M A R Y ------------

Command Line: -XX:+HeapDumpOnOutOfMemoryError -Xmx1024m -Dsts.lsp.client=vscode -Dsts.log.file=/dev/null -XX:TieredStopAtLevel=1 -Xlog:jni+resolve=off -Dspring.config.location=file:c:\Users\PC\.vscode\extensions\vmware.vscode-spring-boot-1.51.0\language-server\BOOT-INF\classes\application.properties org.springframework.ide.vscode.boot.app.BootLanguageServerBootApp

Host: Intel(R) Core(TM) i5-3330 CPU @ 3.00GHz, 4 cores, 3G,  Windows 10 , 64 bit Build 19041 (10.0.19041.3636)
Time: Mon Dec 18 18:04:59 2023 Hora oficial do Brasil elapsed time: 8838.014211 seconds (0d 2h 27m 18s)

---------------  T H R E A D  ---------------

Current thread (0x000001f463da6a80):  VMThread "VM Thread" [stack: 0x00000082e6a00000,0x00000082e6b00000] [id=6152]

Stack: [0x00000082e6a00000,0x00000082e6b00000]
Native frames: (J=compiled Java code, j=interpreted, Vv=VM code, C=native code)
V  [jvm.dll+0x67cf49]
V  [jvm.dll+0x83478a]
V  [jvm.dll+0x83624e]
V  [jvm.dll+0x8368b3]
V  [jvm.dll+0x247f1f]
V  [jvm.dll+0xa6b4b]
V  [jvm.dll+0x2f8f01]
V  [jvm.dll+0x2f4af0]
V  [jvm.dll+0x2dd0d7]
V  [jvm.dll+0x320357]
V  [jvm.dll+0x83adab]
V  [jvm.dll+0x83baf1]
V  [jvm.dll+0x83c00d]
V  [jvm.dll+0x83c3e4]
V  [jvm.dll+0x83c4b0]
V  [jvm.dll+0x7e3c3a]
V  [jvm.dll+0x67be35]
C  [ucrtbase.dll+0x21bb2]
C  [KERNEL32.DLL+0x17344]
C  [ntdll.dll+0x526b1]

VM_Operation (0x00000082e7afe8e0): G1CollectFull, mode: safepoint, requested by thread 0x000001f46973a3e0


---------------  P R O C E S S  ---------------

Threads class SMR info:
_java_thread_list=0x000001f4698132d0, length=21, elements={
0x000001f463df8750, 0x000001f463dfb2c0, 0x000001f463e36130, 0x000001f463e36ec0,
0x000001f463e3b040, 0x000001f463e3c1a0, 0x000001f463e428c0, 0x000001f463e44200,
0x000001f4681be830, 0x000001f4681ccd70, 0x000001f469791ab0, 0x000001f46973a3e0,
0x000001f469455880, 0x000001f4598be7a0, 0x000001f469609b70, 0x000001f469821f80,
0x000001f469850510, 0x000001f4698586c0, 0x000001f4698578e0, 0x000001f469860850,
0x000001f469861780
}

Java Threads: ( => current thread )
  0x000001f463df8750 JavaThread "Reference Handler" daemon [_thread_blocked, id=16728, stack(0x00000082e6b00000,0x00000082e6c00000)]
  0x000001f463dfb2c0 JavaThread "Finalizer" daemon [_thread_blocked, id=16148, stack(0x00000082e6c00000,0x00000082e6d00000)]
  0x000001f463e36130 JavaThread "Signal Dispatcher" daemon [_thread_blocked, id=9528, stack(0x00000082e6d00000,0x00000082e6e00000)]
  0x000001f463e36ec0 JavaThread "Attach Listener" daemon [_thread_blocked, id=14688, stack(0x00000082e6e00000,0x00000082e6f00000)]
  0x000001f463e3b040 JavaThread "Service Thread" daemon [_thread_blocked, id=14620, stack(0x00000082e6f00000,0x00000082e7000000)]
  0x000001f463e3c1a0 JavaThread "Monitor Deflation Thread" daemon [_thread_blocked, id=13524, stack(0x00000082e7000000,0x00000082e7100000)]
  0x000001f463e428c0 JavaThread "C1 CompilerThread0" daemon [_thread_blocked, id=11184, stack(0x00000082e7100000,0x00000082e7200000)]
  0x000001f463e44200 JavaThread "Sweeper thread" daemon [_thread_blocked, id=1296, stack(0x00000082e7200000,0x00000082e7300000)]
  0x000001f4681be830 JavaThread "Notification Thread" daemon [_thread_blocked, id=3852, stack(0x00000082e7300000,0x00000082e7400000)]
  0x000001f4681ccd70 JavaThread "Common-Cleaner" daemon [_thread_blocked, id=1036, stack(0x00000082e7500000,0x00000082e7600000)]
  0x000001f469791ab0 JavaThread "boundedElastic-evictor-1" daemon [_thread_blocked, id=14248, stack(0x00000082e7900000,0x00000082e7a00000)]
  0x000001f46973a3e0 JavaThread "pool-12-thread-1" [_thread_blocked, id=6552, stack(0x00000082e7a00000,0x00000082e7b00000)]
  0x000001f469455880 JavaThread "LanguageServerApp-lifecycle" [_thread_blocked, id=16476, stack(0x00000082e7b00000,0x00000082e7c00000)]
  0x000001f4598be7a0 JavaThread "DestroyJavaVM" [_thread_blocked, id=11140, stack(0x00000082e6400000,0x00000082e6500000)]
  0x000001f469609b70 JavaThread "pool-13-thread-1" [_thread_in_native, id=3760, stack(0x00000082e7c00000,0x00000082e7d00000)]
  0x000001f469821f80 JavaThread "Simple-Language-Server main thread" daemon [_thread_blocked, id=11828, stack(0x00000082e7d00000,0x00000082e7e00000)]
  0x000001f469850510 JavaThread "pool-8-thread-1" [_thread_blocked, id=4556, stack(0x00000082e7e00000,0x00000082e7f00000)]
  0x000001f4698586c0 JavaThread "parallel-1" daemon [_thread_blocked, id=17164, stack(0x00000082e7f00000,0x00000082e8000000)]
  0x000001f4698578e0 JavaThread "parallel-2" daemon [_thread_blocked, id=7052, stack(0x00000082e8000000,0x00000082e8100000)]
  0x000001f469860850 JavaThread "parallel-3" daemon [_thread_blocked, id=12624, stack(0x00000082e8100000,0x00000082e8200000)]
  0x000001f469861780 JavaThread "Reconciler-1" daemon [_thread_blocked, id=12436, stack(0x00000082e8300000,0x00000082e8400000)]

Other Threads:
=>0x000001f463da6a80 VMThread "VM Thread" [stack: 0x00000082e6a00000,0x00000082e6b00000] [id=6152]
  0x000001f4681bf4b0 WatcherThread [stack: 0x00000082e7400000,0x00000082e7500000] [id=4936]
  0x000001f4598fb310 GCTaskThread "GC Thread#0" [stack: 0x00000082e6500000,0x00000082e6600000] [id=11132]
  0x000001f4687ef830 GCTaskThread "GC Thread#1" [stack: 0x00000082e7600000,0x00000082e7700000] [id=3204]
  0x000001f4688a4570 GCTaskThread "GC Thread#2" [stack: 0x00000082e7700000,0x00000082e7800000] [id=3924]
  0x000001f468162b60 GCTaskThread "GC Thread#3" [stack: 0x00000082e7800000,0x00000082e7900000] [id=7020]
  0x000001f459904260 ConcurrentGCThread "G1 Main Marker" [stack: 0x00000082e6600000,0x00000082e6700000] [id=13752]
  0x000001f459905420 ConcurrentGCThread "G1 Conc#0" [stack: 0x00000082e6700000,0x00000082e6800000] [id=16452]
  0x000001f4599422a0 ConcurrentGCThread "G1 Refine#0" [stack: 0x00000082e6800000,0x00000082e6900000] [id=14972]
  0x000001f459942cd0 ConcurrentGCThread "G1 Service" [stack: 0x00000082e6900000,0x00000082e6a00000] [id=3716]

Threads with active compile tasks:

VM state: at safepoint (normal execution)

VM Mutex/Monitor currently owned by a thread:  ([mutex/lock_event])
[0x000001f4577909b0] Threads_lock - owner thread: 0x000001f463da6a80
[0x000001f4598bc470] Heap_lock - owner thread: 0x000001f46973a3e0

Heap address: 0x00000000c0000000, size: 1024 MB, Compressed Oops mode: 32-bit

CDS archive(s) not mapped
Compressed class space mapped at: 0x0000000100000000-0x0000000140000000, reserved size: 1073741824
Narrow klass base: 0x0000000000000000, Narrow klass shift: 3, Narrow klass range: 0x140000000

GC Precious Log:
 CPUs: 4 total, 4 available
 Memory: 3524M
 Large Page Support: Disabled
 NUMA Support: Disabled
 Compressed Oops: Enabled (32-bit)
 Heap Region Size: 1M
 Heap Min Capacity: 8M
 Heap Initial Capacity: 56M
 Heap Max Capacity: 1G
 Pre-touch: Disabled
 Parallel Workers: 4
 Concurrent Workers: 1
 Concurrent Refinement Workers: 4
 Periodic GC: Disabled

Heap:
 garbage-first heap   total 57344K, used 22145K [0x00000000c0000000, 0x0000000100000000)
  region size 1024K, 1 young (1024K), 0 survivors (0K)
 Metaspace       used 38438K, committed 38976K, reserved 1114112K
  class space    used 5059K, committed 5248K, reserved 1048576K

Heap Regions: E=young(eden), S=young(survivor), O=old, HS=humongous(starts), HC=humongous(continues), CS=collection set, F=free, OA=open archive, CA=closed archive, TAMS=top-at-mark-start (previous, next)
|   0|0x00000000c0000000, 0x00000000c0100000, 0x00000000c0100000|100%|HS|  |TAMS 0x00000000c0100000, 0x00000000c0000000| Untracked 
|   1|0x00000000c0100000, 0x00000000c0200000, 0x00000000c0200000|100%|HC|  |TAMS 0x00000000c0200000, 0x00000000c0100000| Untracked 
|   2|0x00000000c0200000, 0x00000000c0300000, 0x00000000c0300000|100%|HC|  |TAMS 0x00000000c0300000, 0x00000000c0200000| Untracked 
|   3|0x00000000c0300000, 0x00000000c0400000, 0x00000000c0400000|100%|HC|  |TAMS 0x00000000c0400000, 0x00000000c0300000| Untracked 
|   4|0x00000000c0400000, 0x00000000c0500000, 0x00000000c0500000|100%| O|  |TAMS 0x00000000c0500000, 0x00000000c0400000| Untracked 
|   5|0x00000000c0500000, 0x00000000c0600000, 0x00000000c0600000|100%| O|  |TAMS 0x00000000c0600000, 0x00000000c0500000| Untracked 
|   6|0x00000000c0600000, 0x00000000c0700000, 0x00000000c0700000|100%| O|  |TAMS 0x00000000c0700000, 0x00000000c0600000| Untracked 
|   7|0x00000000c0700000, 0x00000000c07fff80, 0x00000000c0800000| 99%| O|  |TAMS 0x00000000c07fff80, 0x00000000c0700000| Untracked 
|   8|0x00000000c0800000, 0x00000000c0900000, 0x00000000c0900000|100%| O|  |TAMS 0x00000000c0900000, 0x00000000c0800000| Untracked 
|   9|0x00000000c0900000, 0x00000000c0a00000, 0x00000000c0a00000|100%| O|  |TAMS 0x00000000c0a00000, 0x00000000c0900000| Untracked 
|  10|0x00000000c0a00000, 0x00000000c0b00000, 0x00000000c0b00000|100%| O|  |TAMS 0x00000000c0b00000, 0x00000000c0a00000| Untracked 
|  11|0x00000000c0b00000, 0x00000000c0c00000, 0x00000000c0c00000|100%| O|  |TAMS 0x00000000c0c00000, 0x00000000c0b00000| Untracked 
|  12|0x00000000c0c00000, 0x00000000c0cfffc0, 0x00000000c0d00000| 99%| O|  |TAMS 0x00000000c0cfffc0, 0x00000000c0c00000| Untracked 
|  13|0x00000000c0d00000, 0x00000000c0dffff0, 0x00000000c0e00000| 99%| O|  |TAMS 0x00000000c0dffff0, 0x00000000c0d00000| Untracked 
|  14|0x00000000c0e00000, 0x00000000c0efffd8, 0x00000000c0f00000| 99%| O|  |TAMS 0x00000000c0efffd8, 0x00000000c0e00000| Untracked 
|  15|0x00000000c0f00000, 0x00000000c0fffff0, 0x00000000c1000000| 99%| O|  |TAMS 0x00000000c0fffff0, 0x00000000c0f00000| Untracked 
|  16|0x00000000c1000000, 0x00000000c10ffff0, 0x00000000c1100000| 99%| O|  |TAMS 0x00000000c10ffff0, 0x00000000c1000000| Untracked 
|  17|0x00000000c1100000, 0x00000000c11fe170, 0x00000000c1200000| 99%| O|  |TAMS 0x00000000c11fe170, 0x00000000c1100000| Untracked 
|  18|0x00000000c1200000, 0x00000000c12fffb8, 0x00000000c1300000| 99%| O|  |TAMS 0x00000000c12fffb8, 0x00000000c1200000| Untracked 
|  19|0x00000000c1300000, 0x00000000c1400000, 0x00000000c1400000|100%| O|  |TAMS 0x00000000c1400000, 0x00000000c1300000| Untracked 
|  20|0x00000000c1400000, 0x00000000c14ffff0, 0x00000000c1500000| 99%| O|  |TAMS 0x00000000c14ffff0, 0x00000000c1400000| Untracked 
|  21|0x00000000c1500000, 0x00000000c15a2378, 0x00000000c1600000| 63%| O|  |TAMS 0x00000000c1500000, 0x00000000c1500000| Untracked 
|  22|0x00000000c1600000, 0x00000000c16000d0, 0x00000000c1700000|  0%| O|  |TAMS 0x00000000c1600000, 0x00000000c1600000| Untracked 
|  23|0x00000000c1700000, 0x00000000c1700000, 0x00000000c1800000|  0%| F|  |TAMS 0x00000000c1700000, 0x00000000c1700000| Untracked 
|  24|0x00000000c1800000, 0x00000000c1800000, 0x00000000c1900000|  0%| F|  |TAMS 0x00000000c1800000, 0x00000000c1800000| Untracked 
|  25|0x00000000c1900000, 0x00000000c1900000, 0x00000000c1a00000|  0%| F|  |TAMS 0x00000000c1900000, 0x00000000c1900000| Untracked 
|  26|0x00000000c1a00000, 0x00000000c1a00000, 0x00000000c1b00000|  0%| F|  |TAMS 0x00000000c1a00000, 0x00000000c1a00000| Untracked 
|  27|0x00000000c1b00000, 0x00000000c1b00000, 0x00000000c1c00000|  0%| F|  |TAMS 0x00000000c1b00000, 0x00000000c1b00000| Untracked 
|  28|0x00000000c1c00000, 0x00000000c1c00000, 0x00000000c1d00000|  0%| F|  |TAMS 0x00000000c1c00000, 0x00000000c1c00000| Untracked 
|  29|0x00000000c1d00000, 0x00000000c1d00000, 0x00000000c1e00000|  0%| F|  |TAMS 0x00000000c1d00000, 0x00000000c1d00000| Untracked 
|  30|0x00000000c1e00000, 0x00000000c1e00000, 0x00000000c1f00000|  0%| F|  |TAMS 0x00000000c1e00000, 0x00000000c1e00000| Untracked 
|  31|0x00000000c1f00000, 0x00000000c1f00000, 0x00000000c2000000|  0%| F|  |TAMS 0x00000000c1f00000, 0x00000000c1f00000| Untracked 
|  32|0x00000000c2000000, 0x00000000c2000000, 0x00000000c2100000|  0%| F|  |TAMS 0x00000000c2000000, 0x00000000c2000000| Untracked 
|  33|0x00000000c2100000, 0x00000000c2100000, 0x00000000c2200000|  0%| F|  |TAMS 0x00000000c2100000, 0x00000000c2100000| Untracked 
|  34|0x00000000c2200000, 0x00000000c2200000, 0x00000000c2300000|  0%| F|  |TAMS 0x00000000c2200000, 0x00000000c2200000| Untracked 
|  35|0x00000000c2300000, 0x00000000c2300000, 0x00000000c2400000|  0%| F|  |TAMS 0x00000000c2300000, 0x00000000c2300000| Untracked 
|  36|0x00000000c2400000, 0x00000000c2400000, 0x00000000c2500000|  0%| F|  |TAMS 0x00000000c2400000, 0x00000000c2400000| Untracked 
|  37|0x00000000c2500000, 0x00000000c2500000, 0x00000000c2600000|  0%| F|  |TAMS 0x00000000c2500000, 0x00000000c2500000| Untracked 
|  38|0x00000000c2600000, 0x00000000c2600000, 0x00000000c2700000|  0%| F|  |TAMS 0x00000000c2600000, 0x00000000c2600000| Untracked 
|  39|0x00000000c2700000, 0x00000000c2700000, 0x00000000c2800000|  0%| F|  |TAMS 0x00000000c2700000, 0x00000000c2700000| Untracked 
|  40|0x00000000c2800000, 0x00000000c2800000, 0x00000000c2900000|  0%| F|  |TAMS 0x00000000c2800000, 0x00000000c2800000| Untracked 
|  41|0x00000000c2900000, 0x00000000c2900000, 0x00000000c2a00000|  0%| F|  |TAMS 0x00000000c2900000, 0x00000000c2900000| Untracked 
|  42|0x00000000c2a00000, 0x00000000c2a00000, 0x00000000c2b00000|  0%| F|  |TAMS 0x00000000c2a00000, 0x00000000c2a00000| Untracked 
|  43|0x00000000c2b00000, 0x00000000c2b00000, 0x00000000c2c00000|  0%| F|  |TAMS 0x00000000c2b00000, 0x00000000c2b00000| Untracked 
|  44|0x00000000c2c00000, 0x00000000c2c00000, 0x00000000c2d00000|  0%| F|  |TAMS 0x00000000c2c00000, 0x00000000c2c00000| Untracked 
|  45|0x00000000c2d00000, 0x00000000c2d00000, 0x00000000c2e00000|  0%| F|  |TAMS 0x00000000c2d00000, 0x00000000c2d00000| Untracked 
|  46|0x00000000c2e00000, 0x00000000c2e00000, 0x00000000c2f00000|  0%| F|  |TAMS 0x00000000c2e00000, 0x00000000c2e00000| Untracked 
|  47|0x00000000c2f00000, 0x00000000c2f00000, 0x00000000c3000000|  0%| F|  |TAMS 0x00000000c2f00000, 0x00000000c2f00000| Untracked 
|  48|0x00000000c3000000, 0x00000000c3000000, 0x00000000c3100000|  0%| F|  |TAMS 0x00000000c3000000, 0x00000000c3000000| Untracked 
|  49|0x00000000c3100000, 0x00000000c3100000, 0x00000000c3200000|  0%| F|  |TAMS 0x00000000c3100000, 0x00000000c3100000| Untracked 
|  50|0x00000000c3200000, 0x00000000c3200000, 0x00000000c3300000|  0%| F|  |TAMS 0x00000000c3200000, 0x00000000c3200000| Untracked 
|  51|0x00000000c3300000, 0x00000000c3300000, 0x00000000c3400000|  0%| F|  |TAMS 0x00000000c3300000, 0x00000000c3300000| Untracked 
|  52|0x00000000c3400000, 0x00000000c3400000, 0x00000000c3500000|  0%| F|  |TAMS 0x00000000c3400000, 0x00000000c3400000| Untracked 
|  53|0x00000000c3500000, 0x00000000c3500000, 0x00000000c3600000|  0%| F|  |TAMS 0x00000000c3500000, 0x00000000c3500000| Untracked 
|  54|0x00000000c3600000, 0x00000000c3600000, 0x00000000c3700000|  0%| F|  |TAMS 0x00000000c3600000, 0x00000000c3600000| Untracked 
|  55|0x00000000c3700000, 0x00000000c3733358, 0x00000000c3800000| 20%| E|  |TAMS 0x00000000c3700000, 0x00000000c3700000| Complete 

Card table byte_map: [0x000001f45f550000,0x000001f45f750000] _byte_map_base: 0x000001f45ef50000

Marking Bits (Prev, Next): (CMBitMap*) 0x000001f4598fb970, (CMBitMap*) 0x000001f4598fb930
 Prev Bits: [0x000001f460950000, 0x000001f461950000)
 Next Bits: [0x000001f45f950000, 0x000001f460950000)

Polling page: 0x000001f459070000

Metaspace:

Usage:
  Non-class:     32.60 MB used.
      Class:      4.94 MB used.
       Both:     37.54 MB used.

Virtual space:
  Non-class space:       64.00 MB reserved,      32.94 MB ( 51%) committed,  1 nodes.
      Class space:        1.00 GB reserved,       5.12 MB ( <1%) committed,  1 nodes.
             Both:        1.06 GB reserved,      38.06 MB (  3%) committed. 

Chunk freelists:
   Non-Class:  14.54 MB
       Class:  10.96 MB
        Both:  25.50 MB

MaxMetaspaceSize: unlimited
CompressedClassSpaceSize: 1.00 GB
Initial GC threshold: 21.00 MB
Current GC threshold: 63.44 MB
CDS: off
MetaspaceReclaimPolicy: balanced
 - commit_granule_bytes: 65536.
 - commit_granule_words: 8192.
 - virtual_space_node_default_size: 8388608.
 - enlarge_chunks_in_place: 1.
 - new_chunks_are_fully_committed: 0.
 - uncommit_free_chunks: 1.
 - use_allocation_guard: 0.
 - handle_deallocations: 1.


Internal statistics:

num_allocs_failed_limit: 6.
num_arena_births: 502.
num_arena_deaths: 152.
num_vsnodes_births: 2.
num_vsnodes_deaths: 0.
num_space_committed: 609.
num_space_uncommitted: 0.
num_chunks_returned_to_freelist: 168.
num_chunks_taken_from_freelist: 1638.
num_chunk_merges: 52.
num_chunk_splits: 1140.
num_chunks_enlarged: 867.
num_inconsistent_stats: 0.

CodeCache: size=49152Kb used=6833Kb max_used=7375Kb free=42318Kb
 bounds [0x000001f45c550000, 0x000001f45cc90000, 0x000001f45f550000]
 total_blobs=4162 nmethods=3621 adapters=468
 compilation: enabled
              stopped_count=0, restarted_count=0
 full_count=0

Compilation events (20 events):
Event: 3851.772 Thread 0x000001f463e428c0 3626       1       java.util.concurrent.ConcurrentLinkedDeque::toArray (6 bytes)
Event: 3851.785 Thread 0x000001f463e428c0 nmethod 3626 0x000001f45cbea290 code [0x000001f45cbea420, 0x000001f45cbea508]
Event: 4053.380 Thread 0x000001f463e428c0 3627   !   1       org.springframework.ide.vscode.commons.languageserver.util.ParentProcessWatcher::parentProcessStillRunning (413 bytes)
Event: 4053.683 Thread 0x000001f463e428c0 nmethod 3627 0x000001f45cbea590 code [0x000001f45cbeadc0, 0x000001f45cbedf88]
Event: 4084.474 Thread 0x000001f463e428c0 3628   !   1       java.lang.ProcessImpl::start (733 bytes)
Event: 4084.517 Thread 0x000001f463e428c0 nmethod 3628 0x000001f45cbf0d10 code [0x000001f45cbf12e0, 0x000001f45cbf4238]
Event: 4084.756 Thread 0x000001f463e428c0 3644       1       java.io.FileOutputStream$1::close (11 bytes)
Event: 4084.793 Thread 0x000001f463e428c0 nmethod 3644 0x000001f45cc83690 code [0x000001f45cc83840, 0x000001f45cc83b58]
Event: 5416.582 Thread 0x000001f463e428c0 3646   !   1       java.lang.ProcessImpl::<init> (327 bytes)
Event: 5416.727 Thread 0x000001f463e428c0 nmethod 3646 0x000001f45cc80b10 code [0x000001f45cc80f60, 0x000001f45cc82318]
Event: 5595.654 Thread 0x000001f463e428c0 3657       1       sun.nio.cs.SingleByte$Encoder::encode (32 bytes)
Event: 5595.683 Thread 0x000001f463e428c0 nmethod 3657 0x000001f45cc80710 code [0x000001f45cc808a0, 0x000001f45cc80a18]
Event: 6785.497 Thread 0x000001f463e428c0 3658       1       java.lang.ProcessImpl$2::run (242 bytes)
Event: 6785.961 Thread 0x000001f463e428c0 nmethod 3658 0x000001f45cc7f090 code [0x000001f45cc7f340, 0x000001f45cc800d8]
Event: 8127.003 Thread 0x000001f463e428c0 3661       1       java.lang.ProcessImpl::waitFor (136 bytes)
Event: 8127.065 Thread 0x000001f463e428c0 nmethod 3661 0x000001f45cc7e810 code [0x000001f45cc7ea20, 0x000001f45cc7ee58]
Event: 8137.234 Thread 0x000001f463e428c0 3662       1       java.io.BufferedInputStream::<init> (32 bytes)
Event: 8137.253 Thread 0x000001f463e428c0 nmethod 3662 0x000001f45cc7e290 code [0x000001f45cc7e440, 0x000001f45cc7e708]
Event: 8497.602 Thread 0x000001f463e428c0 3663       1       java.net.URI$Parser::scan (41 bytes)
Event: 8497.740 Thread 0x000001f463e428c0 nmethod 3663 0x000001f45cc7db10 code [0x000001f45cc7dce0, 0x000001f45cc7dfd8]

GC Heap History (20 events):
Event: 8735.367 GC heap before
{Heap before GC invocations=838 (full 823):
 garbage-first heap   total 57344K, used 22145K [0x00000000c0000000, 0x0000000100000000)
  region size 1024K, 1 young (1024K), 0 survivors (0K)
 Metaspace       used 38437K, committed 38976K, reserved 1114112K
  class space    used 5059K, committed 5248K, reserved 1048576K
}
Event: 8735.388 GC heap after
{Heap after GC invocations=839 (full 824):
 garbage-first heap   total 57344K, used 22145K [0x00000000c0000000, 0x0000000100000000)
  region size 1024K, 0 young (0K), 0 survivors (0K)
 Metaspace       used 38437K, committed 38976K, reserved 1114112K
  class space    used 5059K, committed 5248K, reserved 1048576K
}
Event: 8746.007 GC heap before
{Heap before GC invocations=839 (full 824):
 garbage-first heap   total 57344K, used 22145K [0x00000000c0000000, 0x0000000100000000)
  region size 1024K, 1 young (1024K), 0 survivors (0K)
 Metaspace       used 38437K, committed 38976K, reserved 1114112K
  class space    used 5059K, committed 5248K, reserved 1048576K
}
Event: 8746.029 GC heap after
{Heap after GC invocations=840 (full 825):
 garbage-first heap   total 57344K, used 22145K [0x00000000c0000000, 0x0000000100000000)
  region size 1024K, 0 young (0K), 0 survivors (0K)
 Metaspace       used 38437K, committed 38976K, reserved 1114112K
  class space    used 5059K, committed 5248K, reserved 1048576K
}
Event: 8756.271 GC heap before
{Heap before GC invocations=840 (full 825):
 garbage-first heap   total 57344K, used 22145K [0x00000000c0000000, 0x0000000100000000)
  region size 1024K, 1 young (1024K), 0 survivors (0K)
 Metaspace       used 38437K, committed 38976K, reserved 1114112K
  class space    used 5059K, committed 5248K, reserved 1048576K
}
Event: 8756.292 GC heap after
{Heap after GC invocations=841 (full 826):
 garbage-first heap   total 57344K, used 22145K [0x00000000c0000000, 0x0000000100000000)
  region size 1024K, 0 young (0K), 0 survivors (0K)
 Metaspace       used 38437K, committed 38976K, reserved 1114112K
  class space    used 5059K, committed 5248K, reserved 1048576K
}
Event: 8766.504 GC heap before
{Heap before GC invocations=841 (full 826):
 garbage-first heap   total 57344K, used 22145K [0x00000000c0000000, 0x0000000100000000)
  region size 1024K, 1 young (1024K), 0 survivors (0K)
 Metaspace       used 38437K, committed 38976K, reserved 1114112K
  class space    used 5059K, committed 5248K, reserved 1048576K
}
Event: 8766.526 GC heap after
{Heap after GC invocations=842 (full 827):
 garbage-first heap   total 57344K, used 22145K [0x00000000c0000000, 0x0000000100000000)
  region size 1024K, 0 young (0K), 0 survivors (0K)
 Metaspace       used 38437K, committed 38976K, reserved 1114112K
  class space    used 5059K, committed 5248K, reserved 1048576K
}
Event: 8776.766 GC heap before
{Heap before GC invocations=842 (full 827):
 garbage-first heap   total 57344K, used 22145K [0x00000000c0000000, 0x0000000100000000)
  region size 1024K, 1 young (1024K), 0 survivors (0K)
 Metaspace       used 38437K, committed 38976K, reserved 1114112K
  class space    used 5059K, committed 5248K, reserved 1048576K
}
Event: 8776.786 GC heap after
{Heap after GC invocations=843 (full 828):
 garbage-first heap   total 57344K, used 22145K [0x00000000c0000000, 0x0000000100000000)
  region size 1024K, 0 young (0K), 0 survivors (0K)
 Metaspace       used 38437K, committed 38976K, reserved 1114112K
  class space    used 5059K, committed 5248K, reserved 1048576K
}
Event: 8787.034 GC heap before
{Heap before GC invocations=843 (full 828):
 garbage-first heap   total 57344K, used 22145K [0x00000000c0000000, 0x0000000100000000)
  region size 1024K, 1 young (1024K), 0 survivors (0K)
 Metaspace       used 38437K, committed 38976K, reserved 1114112K
  class space    used 5059K, committed 5248K, reserved 1048576K
}
Event: 8787.055 GC heap after
{Heap after GC invocations=844 (full 829):
 garbage-first heap   total 57344K, used 22145K [0x00000000c0000000, 0x0000000100000000)
  region size 1024K, 0 young (0K), 0 survivors (0K)
 Metaspace       used 38437K, committed 38976K, reserved 1114112K
  class space    used 5059K, committed 5248K, reserved 1048576K
}
Event: 8797.260 GC heap before
{Heap before GC invocations=844 (full 829):
 garbage-first heap   total 57344K, used 22145K [0x00000000c0000000, 0x0000000100000000)
  region size 1024K, 1 young (1024K), 0 survivors (0K)
 Metaspace       used 38437K, committed 38976K, reserved 1114112K
  class space    used 5059K, committed 5248K, reserved 1048576K
}
Event: 8797.280 GC heap after
{Heap after GC invocations=845 (full 830):
 garbage-first heap   total 57344K, used 22145K [0x00000000c0000000, 0x0000000100000000)
  region size 1024K, 0 young (0K), 0 survivors (0K)
 Metaspace       used 38437K, committed 38976K, reserved 1114112K
  class space    used 5059K, committed 5248K, reserved 1048576K
}
Event: 8807.488 GC heap before
{Heap before GC invocations=845 (full 830):
 garbage-first heap   total 57344K, used 22145K [0x00000000c0000000, 0x0000000100000000)
  region size 1024K, 1 young (1024K), 0 survivors (0K)
 Metaspace       used 38437K, committed 38976K, reserved 1114112K
  class space    used 5059K, committed 5248K, reserved 1048576K
}
Event: 8807.508 GC heap after
{Heap after GC invocations=846 (full 831):
 garbage-first heap   total 57344K, used 22145K [0x00000000c0000000, 0x0000000100000000)
  region size 1024K, 0 young (0K), 0 survivors (0K)
 Metaspace       used 38437K, committed 38976K, reserved 1114112K
  class space    used 5059K, committed 5248K, reserved 1048576K
}
Event: 8817.686 GC heap before
{Heap before GC invocations=846 (full 831):
 garbage-first heap   total 57344K, used 22145K [0x00000000c0000000, 0x0000000100000000)
  region size 1024K, 1 young (1024K), 0 survivors (0K)
 Metaspace       used 38437K, committed 38976K, reserved 1114112K
  class space    used 5059K, committed 5248K, reserved 1048576K
}
Event: 8817.706 GC heap after
{Heap after GC invocations=847 (full 832):
 garbage-first heap   total 57344K, used 22145K [0x00000000c0000000, 0x0000000100000000)
  region size 1024K, 0 young (0K), 0 survivors (0K)
 Metaspace       used 38437K, committed 38976K, reserved 1114112K
  class space    used 5059K, committed 5248K, reserved 1048576K
}
Event: 8827.890 GC heap before
{Heap before GC invocations=847 (full 832):
 garbage-first heap   total 57344K, used 22145K [0x00000000c0000000, 0x0000000100000000)
  region size 1024K, 1 young (1024K), 0 survivors (0K)
 Metaspace       used 38437K, committed 38976K, reserved 1114112K
  class space    used 5059K, committed 5248K, reserved 1048576K
}
Event: 8827.910 GC heap after
{Heap after GC invocations=848 (full 833):
 garbage-first heap   total 57344K, used 22145K [0x00000000c0000000, 0x0000000100000000)
  region size 1024K, 0 young (0K), 0 survivors (0K)
 Metaspace       used 38437K, committed 38976K, reserved 1114112K
  class space    used 5059K, committed 5248K, reserved 1048576K
}

Dll operation events (8 events):
Event: 0.362 Loaded shared library c:\Users\PC\.vscode\extensions\redhat.java-1.25.1-win32-x64\jre\17.0.9-win32-x86_64\bin\java.dll
Event: 1.404 Loaded shared library C:\Users\PC\.vscode\extensions\redhat.java-1.25.1-win32-x64\jre\17.0.9-win32-x86_64\bin\net.dll
Event: 1.432 Loaded shared library C:\Users\PC\.vscode\extensions\redhat.java-1.25.1-win32-x64\jre\17.0.9-win32-x86_64\bin\nio.dll
Event: 1.457 Loaded shared library C:\Users\PC\.vscode\extensions\redhat.java-1.25.1-win32-x64\jre\17.0.9-win32-x86_64\bin\zip.dll
Event: 5.962 Loaded shared library C:\Users\PC\.vscode\extensions\redhat.java-1.25.1-win32-x64\jre\17.0.9-win32-x86_64\bin\jimage.dll
Event: 10.990 Loaded shared library c:\Users\PC\.vscode\extensions\redhat.java-1.25.1-win32-x64\jre\17.0.9-win32-x86_64\bin\verify.dll
Event: 11.887 Loaded shared library C:\Users\PC\.vscode\extensions\redhat.java-1.25.1-win32-x64\jre\17.0.9-win32-x86_64\bin\management.dll
Event: 11.895 Loaded shared library C:\Users\PC\.vscode\extensions\redhat.java-1.25.1-win32-x64\jre\17.0.9-win32-x86_64\bin\management_ext.dll

Deoptimization events (12 events):
Event: 8.441 Thread 0x000001f4598be7a0 DEOPT PACKING pc=0x000001f45c99a199 sp=0x00000082e64fd730
Event: 8.441 Thread 0x000001f4598be7a0 DEOPT UNPACKING pc=0x000001f45c5a7143 sp=0x00000082e64fcc10 mode 3
Event: 9.200 Thread 0x000001f4598be7a0 DEOPT PACKING pc=0x000001f45ca16355 sp=0x00000082e64fed70
Event: 9.200 Thread 0x000001f4598be7a0 DEOPT UNPACKING pc=0x000001f45c5a7143 sp=0x00000082e64fe218 mode 3
Event: 12.239 Thread 0x000001f469821f80 DEOPT PACKING pc=0x000001f45cba8fb5 sp=0x00000082e7dfe3c0
Event: 12.239 Thread 0x000001f469821f80 DEOPT UNPACKING pc=0x000001f45c5a7143 sp=0x00000082e7dfd8e8 mode 3
Event: 12.449 Thread 0x000001f469609b70 DEOPT PACKING pc=0x000001f45c94ef81 sp=0x00000082e7cfdd20
Event: 12.449 Thread 0x000001f469609b70 DEOPT UNPACKING pc=0x000001f45c5a7143 sp=0x00000082e7cfd1b0 mode 3
Event: 12.452 Thread 0x000001f469850510 DEOPT PACKING pc=0x000001f45c92be17 sp=0x00000082e7eff030
Event: 12.452 Thread 0x000001f469850510 DEOPT UNPACKING pc=0x000001f45c5a7143 sp=0x00000082e7efe488 mode 3
Event: 8497.264 Thread 0x000001f469609b70 DEOPT PACKING pc=0x000001f45ca1b4d4 sp=0x00000082e7cfef00
Event: 8497.275 Thread 0x000001f469609b70 DEOPT UNPACKING pc=0x000001f45c5a7143 sp=0x00000082e7cfe3a8 mode 0

Classes unloaded (20 events):
Event: 62.851 Thread 0x000001f463da6a80 Unloading class 0x00000001000d4800 'java/lang/invoke/LambdaForm$MH+0x00000001000d4800'
Event: 62.851 Thread 0x000001f463da6a80 Unloading class 0x00000001000d4400 'java/lang/invoke/LambdaForm$MH+0x00000001000d4400'
Event: 62.851 Thread 0x000001f463da6a80 Unloading class 0x00000001000ce800 'java/lang/invoke/LambdaForm$MH+0x00000001000ce800'
Event: 62.851 Thread 0x000001f463da6a80 Unloading class 0x00000001000ce400 'java/lang/invoke/LambdaForm$MH+0x00000001000ce400'
Event: 62.851 Thread 0x000001f463da6a80 Unloading class 0x00000001000ce000 'java/lang/invoke/LambdaForm$MH+0x00000001000ce000'
Event: 62.851 Thread 0x000001f463da6a80 Unloading class 0x00000001000cdc00 'java/lang/invoke/LambdaForm$MH+0x00000001000cdc00'
Event: 62.851 Thread 0x000001f463da6a80 Unloading class 0x00000001000cd800 'java/lang/invoke/LambdaForm$MH+0x00000001000cd800'
Event: 62.851 Thread 0x000001f463da6a80 Unloading class 0x00000001000cd400 'java/lang/invoke/LambdaForm$MH+0x00000001000cd400'
Event: 62.851 Thread 0x000001f463da6a80 Unloading class 0x00000001000ccc00 'java/lang/invoke/LambdaForm$MH+0x00000001000ccc00'
Event: 62.851 Thread 0x000001f463da6a80 Unloading class 0x00000001000cc800 'java/lang/invoke/LambdaForm$MH+0x00000001000cc800'
Event: 62.851 Thread 0x000001f463da6a80 Unloading class 0x00000001000cc000 'java/lang/invoke/LambdaForm$MH+0x00000001000cc000'
Event: 62.851 Thread 0x000001f463da6a80 Unloading class 0x00000001000cbc00 'java/lang/invoke/LambdaForm$MH+0x00000001000cbc00'
Event: 62.851 Thread 0x000001f463da6a80 Unloading class 0x00000001000cac00 'java/lang/invoke/LambdaForm$MH+0x00000001000cac00'
Event: 62.851 Thread 0x000001f463da6a80 Unloading class 0x00000001000ca400 'java/lang/invoke/LambdaForm$MH+0x00000001000ca400'
Event: 62.851 Thread 0x000001f463da6a80 Unloading class 0x00000001000ca000 'java/lang/invoke/LambdaForm$MH+0x00000001000ca000'
Event: 62.851 Thread 0x000001f463da6a80 Unloading class 0x00000001000c9c00 'java/lang/invoke/LambdaForm$MH+0x00000001000c9c00'
Event: 62.851 Thread 0x000001f463da6a80 Unloading class 0x00000001000c9800 'java/lang/invoke/LambdaForm$MH+0x00000001000c9800'
Event: 62.851 Thread 0x000001f463da6a80 Unloading class 0x00000001000c9400 'java/lang/invoke/LambdaForm$MH+0x00000001000c9400'
Event: 62.851 Thread 0x000001f463da6a80 Unloading class 0x00000001000c8c00 'java/lang/invoke/LambdaForm$MH+0x00000001000c8c00'
Event: 62.851 Thread 0x000001f463da6a80 Unloading class 0x00000001000c8400 'java/lang/invoke/LambdaForm$MH+0x00000001000c8400'

Classes redefined (0 events):
No events

Internal exceptions (20 events):
Event: 9.513 Thread 0x000001f4598be7a0 Exception <a 'java/lang/NoSuchMethodError'{0x00000000c3072b30}: 'java.lang.Object java.lang.invoke.DelegatingMethodHandle$Holder.delegate(java.lang.Object, int, java.lang.Object, java.lang.Object)'> (0x00000000c3072b30) 
thrown [s\src\hotspot\share\interpreter\linkResolver.cpp, line 759]
Event: 9.514 Thread 0x000001f4598be7a0 Exception <a 'java/lang/NoSuchMethodError'{0x00000000c30839b8}: 'int java.lang.invoke.Invokers$Holder.linkToTargetMethod(java.lang.Object, java.lang.Object, java.lang.Object)'> (0x00000000c30839b8) 
thrown [s\src\hotspot\share\interpreter\linkResolver.cpp, line 759]
Event: 9.700 Thread 0x000001f4598be7a0 Exception <a 'java/lang/NoSuchMethodError'{0x00000000c2cf8588}: 'java.lang.Object java.lang.invoke.DirectMethodHandle$Holder.invokeStaticInit(java.lang.Object, int, int, int, int)'> (0x00000000c2cf8588) 
thrown [s\src\hotspot\share\interpreter\linkResolver.cpp, line 759]
Event: 10.162 Thread 0x000001f4598be7a0 Exception <a 'java/lang/NoSuchMethodError'{0x00000000c2bde1d8}: 'java.lang.Object java.lang.invoke.DirectMethodHandle$Holder.invokeStaticInit(java.lang.Object, java.lang.Object, int, int, int, int)'> (0x00000000c2bde1d8) 
thrown [s\src\hotspot\share\interpreter\linkResolver.cpp, line 759]
Event: 10.455 Thread 0x000001f4598be7a0 Exception <a 'java/lang/NoSuchMethodError'{0x00000000c36ec168}: 'void java.lang.invoke.DirectMethodHandle$Holder.invokeSpecialIFC(java.lang.Object, java.lang.Object, java.lang.Object)'> (0x00000000c36ec168) 
thrown [s\src\hotspot\share\interpreter\linkResolver.cpp, line 759]
Event: 11.314 Thread 0x000001f4598be7a0 Exception <a 'java/lang/NoSuchMethodError'{0x00000000c2542f60}: 'int java.lang.invoke.DirectMethodHandle$Holder.invokeStaticInit(java.lang.Object, java.lang.Object, int, java.lang.Object)'> (0x00000000c2542f60) 
thrown [s\src\hotspot\share\interpreter\linkResolver.cpp, line 759]
Event: 11.399 Thread 0x000001f4598be7a0 Exception <a 'java/lang/NoSuchMethodError'{0x00000000c374f3b8}: 'void java.lang.invoke.DirectMethodHandle$Holder.invokeSpecial(java.lang.Object, java.lang.Object, java.lang.Object, java.lang.Object, java.lang.Object, java.lang.Object, java.lang.Object)'> (0x00000000c374f3b8) 
thrown [s\src\hotspot\share\interpreter\linkResolver.cpp, line 759]
Event: 11.613 Thread 0x000001f4598be7a0 Exception <a 'java/lang/NoSuchMethodError'{0x00000000c3350ca8}: 'java.lang.Object java.lang.invoke.DirectMethodHandle$Holder.invokeInterface(java.lang.Object, java.lang.Object, int)'> (0x00000000c3350ca8) 
thrown [s\src\hotspot\share\interpreter\linkResolver.cpp, line 759]
Event: 11.616 Thread 0x000001f4598be7a0 Exception <a 'java/lang/IncompatibleClassChangeError'{0x00000000c33645f8}: Found class java.lang.Object, but interface was expected> (0x00000000c33645f8) 
thrown [s\src\hotspot\share\interpreter\linkResolver.cpp, line 826]
Event: 11.872 Thread 0x000001f4598be7a0 Exception <a 'java/lang/NoSuchMethodError'{0x00000000c37eda10}: 'java.lang.Object java.lang.invoke.DirectMethodHandle$Holder.newInvokeSpecial(java.lang.Object, java.lang.Object, int, java.lang.Object, java.lang.Object)'> (0x00000000c37eda10) 
thrown [s\src\hotspot\share\interpreter\linkResolver.cpp, line 759]
Event: 11.873 Thread 0x000001f4598be7a0 Exception <a 'java/lang/NoSuchMethodError'{0x00000000c3600800}: 'java.lang.Object java.lang.invoke.DirectMethodHandle$Holder.invokeSpecial(java.lang.Object, java.lang.Object, int, java.lang.Object, int, java.lang.Object)'> (0x00000000c3600800) 
thrown [s\src\hotspot\share\interpreter\linkResolver.cpp, line 759]
Event: 11.873 Thread 0x000001f4598be7a0 Exception <a 'java/lang/NoSuchMethodError'{0x00000000c3608608}: 'java.lang.Object java.lang.invoke.DirectMethodHandle$Holder.newInvokeSpecial(java.lang.Object, java.lang.Object, int, java.lang.Object, int)'> (0x00000000c3608608) 
thrown [s\src\hotspot\share\interpreter\linkResolver.cpp, line 759]
Event: 11.874 Thread 0x000001f4598be7a0 Exception <a 'java/lang/NoSuchMethodError'{0x00000000c360c708}: 'java.lang.Object java.lang.invoke.DirectMethodHandle$Holder.invokeSpecial(java.lang.Object, java.lang.Object, java.lang.Object, int, java.lang.Object, int)'> (0x00000000c360c708) 
thrown [s\src\hotspot\share\interpreter\linkResolver.cpp, line 759]
Event: 12.238 Thread 0x000001f469821f80 Exception <a 'java/lang/NoSuchMethodError'{0x00000000c2b54e20}: 'java.lang.Object java.lang.invoke.DirectMethodHandle$Holder.invokeStatic(java.lang.Object, int, java.lang.Object)'> (0x00000000c2b54e20) 
thrown [s\src\hotspot\share\interpreter\linkResolver.cpp, line 759]
Event: 12.300 Thread 0x000001f469609b70 Exception <a 'java/lang/NoSuchMethodError'{0x00000000c2b20a58}: 'java.lang.Object java.lang.invoke.DirectMethodHandle$Holder.invokeStatic(java.lang.Object, java.lang.Object, java.lang.Object, int, java.lang.Object, java.lang.Object)'> (0x00000000c2b20a58) 
thrown [s\src\hotspot\share\interpreter\linkResolver.cpp, line 759]
Event: 13.193 Thread 0x000001f469861780 Exception <a 'java/lang/NoSuchMethodError'{0x00000000c2589048}: 'int java.lang.invoke.DirectMethodHandle$Holder.invokeStatic(java.lang.Object)'> (0x00000000c2589048) 
thrown [s\src\hotspot\share\interpreter\linkResolver.cpp, line 759]
Event: 13.194 Thread 0x000001f469861780 Exception <a 'java/lang/NoSuchMethodError'{0x00000000c258c478}: 'int java.lang.invoke.DirectMethodHandle$Holder.invokeStaticInit(java.lang.Object)'> (0x00000000c258c478) 
thrown [s\src\hotspot\share\interpreter\linkResolver.cpp, line 759]
Event: 51.892 Thread 0x000001f46973a3e0 Exception <a 'java/lang/NoSuchMethodError'{0x00000000c3702c90}: 'void java.lang.invoke.DirectMethodHandle$Holder.invokeStatic(java.lang.Object, long)'> (0x00000000c3702c90) 
thrown [s\src\hotspot\share\interpreter\linkResolver.cpp, line 759]
Event: 51.893 Thread 0x000001f46973a3e0 Exception <a 'java/lang/NoSuchMethodError'{0x00000000c3708038}: 'java.lang.Object java.lang.invoke.DirectMethodHandle$Holder.newInvokeSpecial(java.lang.Object, long)'> (0x00000000c3708038) 
thrown [s\src\hotspot\share\interpreter\linkResolver.cpp, line 759]
Event: 5594.695 Thread 0x000001f46973a3e0 Exception <a 'java/io/IOException'{0x00000000c3700638}: CreateProcess error=1455, O arquivo de paginação é muito pequeno para que esta operação seja concluída> (0x00000000c3700638) 
thrown [s\src\hotspot\share\prims\jni.cpp, line 535]

VM Operations (20 events):
Event: 8735.389 Executing VM operation: G1CollectFull done
Event: 8746.007 Executing VM operation: G1CollectFull
Event: 8746.029 Executing VM operation: G1CollectFull done
Event: 8756.271 Executing VM operation: G1CollectFull
Event: 8756.292 Executing VM operation: G1CollectFull done
Event: 8766.504 Executing VM operation: G1CollectFull
Event: 8766.526 Executing VM operation: G1CollectFull done
Event: 8776.765 Executing VM operation: G1CollectFull
Event: 8776.786 Executing VM operation: G1CollectFull done
Event: 8787.034 Executing VM operation: G1CollectFull
Event: 8787.055 Executing VM operation: G1CollectFull done
Event: 8797.259 Executing VM operation: G1CollectFull
Event: 8797.280 Executing VM operation: G1CollectFull done
Event: 8807.488 Executing VM operation: G1CollectFull
Event: 8807.508 Executing VM operation: G1CollectFull done
Event: 8817.686 Executing VM operation: G1CollectFull
Event: 8817.706 Executing VM operation: G1CollectFull done
Event: 8827.890 Executing VM operation: G1CollectFull
Event: 8827.910 Executing VM operation: G1CollectFull done
Event: 8837.998 Executing VM operation: G1CollectFull

Events (20 events):
Event: 13.201 loading class java/util/concurrent/atomic/AtomicLongFieldUpdater$CASUpdater done
Event: 13.202 loading class java/util/concurrent/atomic/AtomicLongFieldUpdater$CASUpdater$1
Event: 13.202 loading class java/util/concurrent/atomic/AtomicLongFieldUpdater$CASUpdater$1 done
Event: 51.865 loading class java/lang/ProcessBuilder
Event: 51.866 loading class java/lang/ProcessBuilder done
Event: 51.866 loading class java/lang/ProcessImpl
Event: 51.867 loading class java/lang/ProcessImpl done
Event: 51.893 loading class java/lang/ProcessImpl$2
Event: 51.894 loading class java/lang/ProcessImpl$2 done
Event: 51.894 loading class java/lang/Process$PipeInputStream
Event: 51.894 loading class java/lang/Process$PipeInputStream done
Event: 51.895 loading class jdk/internal/event/ProcessStartEvent
Event: 51.895 loading class jdk/internal/event/ProcessStartEvent done
Event: 52.513 loading class java/io/FileOutputStream$1
Event: 52.513 loading class java/io/FileOutputStream$1 done
Event: 73.868 Thread 0x000001f469861270 Thread exited: 0x000001f469861270
Event: 4084.538 Thread 0x000001f46988f0e0 Thread added: 0x000001f46988f0e0
Event: 4089.792 Thread 0x000001f46988f0e0 Thread exited: 0x000001f46988f0e0
Event: 8497.450 Thread 0x000001f469861c90 Thread added: 0x000001f469861c90
Event: 8557.724 Thread 0x000001f469861c90 Thread exited: 0x000001f469861c90


Dynamic libraries:
0x00007ff7781d0000 - 0x00007ff7781de000 	c:\Users\PC\.vscode\extensions\redhat.java-1.25.1-win32-x64\jre\17.0.9-win32-x86_64\bin\java.exe
0x00007ffee1cb0000 - 0x00007ffee1ea8000 	C:\Windows\SYSTEM32\ntdll.dll
0x00007ffebb5a0000 - 0x00007ffebb5b9000 	C:\Program Files\Avast Software\Avast\aswhook.dll
0x00007ffedfeb0000 - 0x00007ffedff6d000 	C:\Windows\System32\KERNEL32.DLL
0x00007ffedf990000 - 0x00007ffedfc86000 	C:\Windows\System32\KERNELBASE.dll
0x00007ffedf390000 - 0x00007ffedf490000 	C:\Windows\System32\ucrtbase.dll
0x00007ffecd600000 - 0x00007ffecd61b000 	c:\Users\PC\.vscode\extensions\redhat.java-1.25.1-win32-x64\jre\17.0.9-win32-x86_64\bin\VCRUNTIME140.dll
0x00007ffecd7a0000 - 0x00007ffecd7b7000 	c:\Users\PC\.vscode\extensions\redhat.java-1.25.1-win32-x64\jre\17.0.9-win32-x86_64\bin\jli.dll
0x00007ffedfd10000 - 0x00007ffedfeae000 	C:\Windows\System32\USER32.dll
0x00007ffedfc90000 - 0x00007ffedfcb2000 	C:\Windows\System32\win32u.dll
0x00007ffee07c0000 - 0x00007ffee07ec000 	C:\Windows\System32\GDI32.dll
0x00007ffedf5c0000 - 0x00007ffedf6da000 	C:\Windows\System32\gdi32full.dll
0x00007ffedf6e0000 - 0x00007ffedf77d000 	C:\Windows\System32\msvcp_win.dll
0x00007ffec58c0000 - 0x00007ffec5b5a000 	C:\Windows\WinSxS\amd64_microsoft.windows.common-controls_6595b64144ccf1df_6.0.19041.3636_none_60b6a03d71f818d5\COMCTL32.dll
0x00007ffee0e90000 - 0x00007ffee0f2e000 	C:\Windows\System32\msvcrt.dll
0x00007ffedffd0000 - 0x00007ffee0000000 	C:\Windows\System32\IMM32.DLL
0x00007ffed21c0000 - 0x00007ffed21cc000 	c:\Users\PC\.vscode\extensions\redhat.java-1.25.1-win32-x64\jre\17.0.9-win32-x86_64\bin\vcruntime140_1.dll
0x00007ffea5b00000 - 0x00007ffea5b8d000 	c:\Users\PC\.vscode\extensions\redhat.java-1.25.1-win32-x64\jre\17.0.9-win32-x86_64\bin\msvcp140.dll
0x00007ffe76350000 - 0x00007ffe76fb1000 	c:\Users\PC\.vscode\extensions\redhat.java-1.25.1-win32-x64\jre\17.0.9-win32-x86_64\bin\server\jvm.dll
0x00007ffee0c90000 - 0x00007ffee0d3f000 	C:\Windows\System32\ADVAPI32.dll
0x00007ffee0fb0000 - 0x00007ffee104c000 	C:\Windows\System32\sechost.dll
0x00007ffee1300000 - 0x00007ffee1426000 	C:\Windows\System32\RPCRT4.dll
0x00007ffedf1f0000 - 0x00007ffedf23b000 	C:\Windows\SYSTEM32\POWRPROF.dll
0x00007ffed29a0000 - 0x00007ffed29a9000 	C:\Windows\SYSTEM32\WSOCK32.dll
0x00007ffed5b70000 - 0x00007ffed5b7a000 	C:\Windows\SYSTEM32\VERSION.dll
0x00007ffecab60000 - 0x00007ffecab87000 	C:\Windows\SYSTEM32\WINMM.dll
0x00007ffee1200000 - 0x00007ffee126b000 	C:\Windows\System32\WS2_32.dll
0x00007ffedf1d0000 - 0x00007ffedf1e2000 	C:\Windows\SYSTEM32\UMPDC.dll
0x00007ffedd270000 - 0x00007ffedd282000 	C:\Windows\SYSTEM32\kernel.appcore.dll
0x00007ffecdda0000 - 0x00007ffecddaa000 	c:\Users\PC\.vscode\extensions\redhat.java-1.25.1-win32-x64\jre\17.0.9-win32-x86_64\bin\jimage.dll
0x00007ffedaa40000 - 0x00007ffedac24000 	C:\Windows\SYSTEM32\DBGHELP.DLL
0x00007ffedaa00000 - 0x00007ffedaa34000 	C:\Windows\SYSTEM32\dbgcore.DLL
0x00007ffedf500000 - 0x00007ffedf582000 	C:\Windows\System32\bcryptPrimitives.dll
0x00007ffec8a90000 - 0x00007ffec8ab5000 	c:\Users\PC\.vscode\extensions\redhat.java-1.25.1-win32-x64\jre\17.0.9-win32-x86_64\bin\java.dll
0x00007ffecc550000 - 0x00007ffecc568000 	c:\Users\PC\.vscode\extensions\redhat.java-1.25.1-win32-x64\jre\17.0.9-win32-x86_64\bin\zip.dll
0x00007ffee0000000 - 0x00007ffee0744000 	C:\Windows\System32\SHELL32.dll
0x00007ffedd470000 - 0x00007ffeddc0b000 	C:\Windows\SYSTEM32\windows.storage.dll
0x00007ffee0930000 - 0x00007ffee0c84000 	C:\Windows\System32\combase.dll
0x00007ffeded00000 - 0x00007ffeded2d000 	C:\Windows\SYSTEM32\Wldp.dll
0x00007ffee1610000 - 0x00007ffee16bd000 	C:\Windows\System32\SHCORE.dll
0x00007ffee0760000 - 0x00007ffee07b5000 	C:\Windows\System32\shlwapi.dll
0x00007ffedf2c0000 - 0x00007ffedf2e5000 	C:\Windows\SYSTEM32\profapi.dll
0x00007ffebbc00000 - 0x00007ffebbc19000 	C:\Users\PC\.vscode\extensions\redhat.java-1.25.1-win32-x64\jre\17.0.9-win32-x86_64\bin\net.dll
0x00007ffed5a20000 - 0x00007ffed5b2a000 	C:\Windows\SYSTEM32\WINHTTP.dll
0x00007ffedea60000 - 0x00007ffedeaca000 	C:\Windows\system32\mswsock.dll
0x00007ffebb730000 - 0x00007ffebb746000 	C:\Users\PC\.vscode\extensions\redhat.java-1.25.1-win32-x64\jre\17.0.9-win32-x86_64\bin\nio.dll
0x00007ffedec60000 - 0x00007ffedec78000 	C:\Windows\SYSTEM32\CRYPTSP.dll
0x00007ffede390000 - 0x00007ffede3c4000 	C:\Windows\system32\rsaenh.dll
0x00007ffedf590000 - 0x00007ffedf5b7000 	C:\Windows\System32\bcrypt.dll
0x00007ffedf280000 - 0x00007ffedf2ae000 	C:\Windows\SYSTEM32\USERENV.dll
0x00007ffedec50000 - 0x00007ffedec5c000 	C:\Windows\SYSTEM32\CRYPTBASE.dll
0x00007ffede750000 - 0x00007ffede78b000 	C:\Windows\SYSTEM32\IPHLPAPI.DLL
0x00007ffee07f0000 - 0x00007ffee07f8000 	C:\Windows\System32\NSI.dll
0x00007ffed6cd0000 - 0x00007ffed6ce7000 	C:\Windows\SYSTEM32\dhcpcsvc6.DLL
0x00007ffed73a0000 - 0x00007ffed73bd000 	C:\Windows\SYSTEM32\dhcpcsvc.DLL
0x00007ffede790000 - 0x00007ffede85a000 	C:\Windows\SYSTEM32\DNSAPI.dll
0x00007ffecbd20000 - 0x00007ffecbd30000 	c:\Users\PC\.vscode\extensions\redhat.java-1.25.1-win32-x64\jre\17.0.9-win32-x86_64\bin\verify.dll
0x00007ffed5730000 - 0x00007ffed5739000 	C:\Users\PC\.vscode\extensions\redhat.java-1.25.1-win32-x64\jre\17.0.9-win32-x86_64\bin\management.dll
0x00007ffed55e0000 - 0x00007ffed55eb000 	C:\Users\PC\.vscode\extensions\redhat.java-1.25.1-win32-x64\jre\17.0.9-win32-x86_64\bin\management_ext.dll
0x00007ffee0d60000 - 0x00007ffee0d68000 	C:\Windows\System32\PSAPI.DLL

dbghelp: loaded successfully - version: 4.0.5 - missing functions: none
symbol engine: initialized successfully - sym options: 0x614 - pdb path: .;c:\Users\PC\.vscode\extensions\redhat.java-1.25.1-win32-x64\jre\17.0.9-win32-x86_64\bin;C:\Windows\SYSTEM32;C:\Program Files\Avast Software\Avast;C:\Windows\WinSxS\amd64_microsoft.windows.common-controls_6595b64144ccf1df_6.0.19041.3636_none_60b6a03d71f818d5;c:\Users\PC\.vscode\extensions\redhat.java-1.25.1-win32-x64\jre\17.0.9-win32-x86_64\bin\server

VM Arguments:
jvm_args: -XX:+HeapDumpOnOutOfMemoryError -Xmx1024m -Dsts.lsp.client=vscode -Dsts.log.file=/dev/null -XX:TieredStopAtLevel=1 -Xlog:jni+resolve=off -Dspring.config.location=file:c:\Users\PC\.vscode\extensions\vmware.vscode-spring-boot-1.51.0\language-server\BOOT-INF\classes\application.properties 
java_command: org.springframework.ide.vscode.boot.app.BootLanguageServerBootApp
java_class_path (initial): c:\Users\PC\.vscode\extensions\vmware.vscode-spring-boot-1.51.0\language-server\BOOT-INF\classes;c:\Users\PC\.vscode\extensions\vmware.vscode-spring-boot-1.51.0\language-server\BOOT-INF\lib\annotations-24.1.0.jar;c:\Users\PC\.vscode\extensions\vmware.vscode-spring-boot-1.51.0\language-server\BOOT-INF\lib\antlr-runtime-3.5.3.jar;c:\Users\PC\.vscode\extensions\vmware.vscode-spring-boot-1.51.0\language-server\BOOT-INF\lib\antlr4-4.11.1.jar;c:\Users\PC\.vscode\extensions\vmware.vscode-spring-boot-1.51.0\language-server\BOOT-INF\lib\antlr4-runtime-4.11.1.jar;c:\Users\PC\.vscode\extensions\vmware.vscode-spring-boot-1.51.0\language-server\BOOT-INF\lib\asm-9.6.jar;c:\Users\PC\.vscode\extensions\vmware.vscode-spring-boot-1.51.0\language-server\BOOT-INF\lib\asm-analysis-9.6.jar;c:\Users\PC\.vscode\extensions\vmware.vscode-spring-boot-1.51.0\language-server\BOOT-INF\lib\asm-tree-9.6.jar;c:\Users\PC\.vscode\extensions\vmware.vscode-spring-boot-1.51.0\language-server\BOOT-INF\lib\asm-util-9.6.jar;c:\Users\PC\.vscode\extensions\vmware.vscode-spring-boot-1.51.0\language-server\BOOT-INF\lib\bosh-language-server-1.51.0-SNAPSHOT.jar;c:\Users\PC\.vscode\extensions\vmware.vscode-spring-boot-1.51.0\language-server\BOOT-INF\lib\caffeine-3.1.8.jar;c:\Users\PC\.vscode\extensions\vmware.vscode-spring-boot-1.51.0\language-server\BOOT-INF\lib\checker-qual-3.12.0.jar;c:\Users\PC\.vscode\extensions\vmware.vscode-spring-boot-1.51.0\language-server\BOOT-INF\lib\classgraph-4.8.149.jar;c:\Users\PC\.vscode\extensions\vmware.vscode-spring-boot-1.51.0\language-server\BOOT-INF\lib\commons-codec-1.15.jar;c:\Users\PC\.vscode\extensions\vmware.vscode-spring-boot-1.51.0\language-server\BOOT-INF\lib\commons-compress-1.25.0.jar;c:\Users\PC\.vscode\extensions\vmware.vscode-spring-boot-1.51.0\language-server\BOOT-INF\lib\commons-io-2.4.jar;c:\Users\PC\.vscode\extensions\vmware.vscode-spring-boot-1.51.0\language-server\BOOT-INF\lib\commons-java-1.51.0-SNAPSHOT.jar;c:\Users\PC\.vscod
Launcher Type: SUN_STANDARD

[Global flags]
     intx CICompilerCount                          = 3                                         {product} {ergonomic}
     uint ConcGCThreads                            = 1                                         {product} {ergonomic}
     uint G1ConcRefinementThreads                  = 4                                         {product} {ergonomic}
   size_t G1HeapRegionSize                         = 1048576                                   {product} {ergonomic}
    uintx GCDrainStackTargetSize                   = 64                                        {product} {ergonomic}
     bool HeapDumpOnOutOfMemoryError               = true                                   {manageable} {command line}
   size_t InitialHeapSize                          = 58720256                                  {product} {ergonomic}
   size_t MarkStackSize                            = 4194304                                   {product} {ergonomic}
   size_t MaxHeapSize                              = 1073741824                                {product} {command line}
   size_t MaxNewSize                               = 643825664                                 {product} {ergonomic}
   size_t MinHeapDeltaBytes                        = 1048576                                   {product} {ergonomic}
   size_t MinHeapSize                              = 8388608                                   {product} {ergonomic}
    uintx NonProfiledCodeHeapSize                  = 0                                      {pd product} {ergonomic}
     bool ProfileInterpreter                       = false                                  {pd product} {command line}
    uintx ProfiledCodeHeapSize                     = 0                                      {pd product} {ergonomic}
   size_t SoftMaxHeapSize                          = 1073741824                             {manageable} {ergonomic}
     intx TieredStopAtLevel                        = 1                                         {product} {command line}
     bool UseCompressedClassPointers               = true                           {product lp64_product} {ergonomic}
     bool UseCompressedOops                        = true                           {product lp64_product} {ergonomic}
     bool UseG1GC                                  = true                                      {product} {ergonomic}
     bool UseLargePagesIndividualAllocation        = false                                  {pd product} {ergonomic}

Logging:
Log output configuration:
 #0: stdout all=warning,jni+resolve=off uptime,level,tags
 #1: stderr all=off uptime,level,tags

Environment Variables:
JAVA_HOME=C:\Program Files\Java\jdk-21
PATH=C:\Users\PC\bin;C:\Program Files\Git\mingw64\bin;C:\Program Files\Git\usr\local\bin;C:\Program Files\Git\usr\bin;C:\Program Files\Git\usr\bin;C:\Program Files\Git\mingw64\bin;C:\Program Files\Git\usr\bin;C:\Users\PC\bin;C:\Windows\system32;C:\Windows;C:\Windows\System32\Wbem;C:\Windows\System32\WindowsPowerShell\v1.0;C:\Windows\System32\OpenSSH;C:\Program Files\nodejs;C:\ProgramData\ComposerSetup\bin;C:\Program Files\Git\cmd;C:\php8.1;C:\Program Files\Azure Data Studio\bin;C:\Program Files (x86)\Microsoft SQL Server\160\Tools\Binn;C:\Program Files\Microsoft SQL Server\160\Tools\Binn;C:\Program Files\Microsoft SQL Server\Client SDK\ODBC\170\Tools\Binn;C:\Program Files\Microsoft SQL Server\160\DTS\Binn;C:\Program Files (x86)\Microsoft SQL Server\160\DTS\Binn;C:\Users\PC\AppData\Local\Microsoft\WindowsApps;C:\Users\PC\AppData\Local\Programs\Microsoft VS Code\bin;C:\Users\PC\AppData\Roaming\npm;C:\Users\PC\AppData\Roaming\Composer\vendor\bin;C:\Program Files\Azure Data Studio\bin;C:\Program Files\Java\jdk-21\bin;C:\Program Files\apache-maven-3.9.6\bin;C:\Program Files\Git\usr\bin\vendor_perl;C:\Program Files\Git\usr\bin\core_perl
USERNAME=Ellen Samanta
SHELL=C:\Program Files\Git\usr\bin\bash.exe
DISPLAY=needs-to-be-defined
LC_CTYPE=pt_BR.UTF-8
TERM=xterm
TMPDIR=C:\Users\PC\AppData\Local\Temp
OS=Windows_NT
PROCESSOR_IDENTIFIER=Intel64 Family 6 Model 58 Stepping 9, GenuineIntel
TMP=C:\Users\PC\AppData\Local\Temp
TEMP=C:\Users\PC\AppData\Local\Temp



Periodic native trim disabled


---------------  S Y S T E M  ---------------

OS:
 Windows 10 , 64 bit Build 19041 (10.0.19041.3636)
OS uptime: 2 days 23:33 hours

CPU: total 4 (initial active 4) (4 cores per cpu, 1 threads per core) family 6 model 58 stepping 9 microcode 0x21, cx8, cmov, fxsr, mmx, sse, sse2, sse3, ssse3, sse4.1, sse4.2, popcnt, tsc, tscinvbit, avx, aes, erms, clmul, vzeroupper, clflush
Processor Information for all 4 processors :
  Max Mhz: 3001, Current Mhz: 3001, Mhz Limit: 3001

Memory: 4k page, system-wide physical 3524M (315M free)
TotalPageFile size 14276M (AvailPageFile size 4M)
current process WorkingSet (physical memory assigned to process): 39M, peak: 140M
current process commit charge ("private bytes"): 179M, peak: 184M

vm_info: OpenJDK 64-Bit Server VM (17.0.9+9) for windows-amd64 JRE (17.0.9+9), built on Oct 26 2023 14:01:42 by "admin" with MS VC++ 16.10 / 16.11 (VS2019)

END.
