#
# There is insufficient memory for the Java Runtime Environment to continue.
# Native memory allocation (malloc) failed to allocate 1850128 bytes for Chunk::new
# Possible reasons:
#   The system is out of physical RAM or swap space
#   The process is running with CompressedOops enabled, and the Java Heap may be blocking the growth of the native heap
# Possible solutions:
#   Reduce memory load on the system
#   Increase physical memory or swap space
#   Check if swap backing store is full
#   Decrease Java heap size (-Xmx/-Xms)
#   Decrease number of Java threads
#   Decrease Java thread stack sizes (-Xss)
#   Set larger code cache with -XX:ReservedCodeCacheSize=
#   JVM is running with Unscaled Compressed Oops mode in which the Java heap is
#     placed in the first 4GB address space. The Java Heap base address is the
#     maximum limit for the native heap growth. Please use -XX:HeapBaseMinAddress
#     to set the Java Heap base and to place the Java Heap above 4GB virtual address.
# This output file may be truncated or incomplete.
#
#  Out of Memory Error (arena.cpp:191), pid=11400, tid=10952
#
# JRE version: OpenJDK Runtime Environment Temurin-17.0.9+9 (17.0.9+9) (build 17.0.9+9)
# Java VM: OpenJDK 64-Bit Server VM Temurin-17.0.9+9 (17.0.9+9, mixed mode, tiered, compressed oops, compressed class ptrs, g1 gc, windows-amd64)
# No core dump will be written. Minidumps are not enabled by default on client versions of Windows
#

---------------  S U M M A R Y ------------

Command Line: -Dcom.sun.management.jmxremote -Dcom.sun.management.jmxremote.port=63619 -Dcom.sun.management.jmxremote.authenticate=false -Dcom.sun.management.jmxremote.ssl=false -Dspring.jmx.enabled=true -Djava.rmi.server.hostname=localhost -Dspring.application.admin.enabled=true -Dspring.boot.project.name=api_bonnars -XX:+ShowCodeDetailsInExceptionMessages com.bonnars_api.api_bonnars.ApiBonnarsApplication

Host: Intel(R) Core(TM) i5-3330 CPU @ 3.00GHz, 4 cores, 3G,  Windows 10 , 64 bit Build 19041 (10.0.19041.3636)
Time: Mon Dec 18 18:00:04 2023 Hora oficial do Brasil elapsed time: 15.853545 seconds (0d 0h 0m 15s)

---------------  T H R E A D  ---------------

Current thread (0x000001ddd7764b60):  JavaThread "C2 CompilerThread0" daemon [_thread_in_native, id=10952, stack(0x000000906b400000,0x000000906b500000)]


Current CompileTask:
C2:  15853 5533       4       org.springframework.core.annotation.TypeMappedAnnotations::get (52 bytes)

Stack: [0x000000906b400000,0x000000906b500000]
Native frames: (J=compiled Java code, j=interpreted, Vv=VM code, C=native code)
V  [jvm.dll+0x67cf49]
V  [jvm.dll+0x83478a]
V  [jvm.dll+0x83624e]
V  [jvm.dll+0x8368b3]
V  [jvm.dll+0x247f1f]
V  [jvm.dll+0xac43c]
V  [jvm.dll+0xaca8c]
V  [jvm.dll+0x367067]
V  [jvm.dll+0x1bd722]
V  [jvm.dll+0x21a709]
V  [jvm.dll+0x2199d1]
V  [jvm.dll+0x1a57cd]
V  [jvm.dll+0x2297ae]
V  [jvm.dll+0x22797c]
V  [jvm.dll+0x7e9877]
V  [jvm.dll+0x7e3c3a]
V  [jvm.dll+0x67be35]
C  [ucrtbase.dll+0x21bb2]
C  [KERNEL32.DLL+0x17344]
C  [ntdll.dll+0x526b1]


---------------  P R O C E S S  ---------------

Threads class SMR info:
_java_thread_list=0x000001ddde36ffd0, length=32, elements={
0x000001ddd771c740, 0x000001ddd771dfe0, 0x000001ddd7751ae0, 0x000001ddd77544b0,
0x000001ddd7754e70, 0x000001ddd7757840, 0x000001ddd7764b60, 0x000001ddd7765f40,
0x000001ddd77707d0, 0x000001ddd76ad210, 0x000001ddd7ae0da0, 0x000001dddc36baa0,
0x000001dddc360020, 0x000001dddc367cd0, 0x000001ddde562dc0, 0x000001ddde560f60,
0x000001ddde561980, 0x000001ddde561e90, 0x000001ddde5623a0, 0x000001dddef21060,
0x000001dddef25c50, 0x000001dddef22ec0, 0x000001dddef25230, 0x000001dddef24d20,
0x000001dddef25740, 0x000001dddef26160, 0x000001dddef24300, 0x000001dddef224a0,
0x000001dddef26670, 0x000001dddef26b80, 0x000001dddef275a0, 0x000001dddef238e0
}

Java Threads: ( => current thread )
  0x000001ddd771c740 JavaThread "Reference Handler" daemon [_thread_blocked, id=8704, stack(0x000000906ae00000,0x000000906af00000)]
  0x000001ddd771dfe0 JavaThread "Finalizer" daemon [_thread_blocked, id=6472, stack(0x000000906af00000,0x000000906b000000)]
  0x000001ddd7751ae0 JavaThread "Signal Dispatcher" daemon [_thread_blocked, id=16856, stack(0x000000906b000000,0x000000906b100000)]
  0x000001ddd77544b0 JavaThread "Attach Listener" daemon [_thread_blocked, id=8416, stack(0x000000906b100000,0x000000906b200000)]
  0x000001ddd7754e70 JavaThread "Service Thread" daemon [_thread_blocked, id=4764, stack(0x000000906b200000,0x000000906b300000)]
  0x000001ddd7757840 JavaThread "Monitor Deflation Thread" daemon [_thread_blocked, id=13172, stack(0x000000906b300000,0x000000906b400000)]
=>0x000001ddd7764b60 JavaThread "C2 CompilerThread0" daemon [_thread_in_native, id=10952, stack(0x000000906b400000,0x000000906b500000)]
  0x000001ddd7765f40 JavaThread "C1 CompilerThread0" daemon [_thread_blocked, id=6032, stack(0x000000906b500000,0x000000906b600000)]
  0x000001ddd77707d0 JavaThread "Sweeper thread" daemon [_thread_blocked, id=7996, stack(0x000000906b600000,0x000000906b700000)]
  0x000001ddd76ad210 JavaThread "Common-Cleaner" daemon [_thread_blocked, id=7656, stack(0x000000906b700000,0x000000906b800000)]
  0x000001ddd7ae0da0 JavaThread "Notification Thread" daemon [_thread_blocked, id=6608, stack(0x000000906b800000,0x000000906b900000)]
  0x000001dddc36baa0 JavaThread "RMI TCP Accept-0" daemon [_thread_in_native, id=17052, stack(0x000000906b900000,0x000000906ba00000)]
  0x000001dddc360020 JavaThread "RMI TCP Accept-63619" daemon [_thread_in_native, id=14800, stack(0x000000906ba00000,0x000000906bb00000)]
  0x000001dddc367cd0 JavaThread "RMI TCP Accept-0" daemon [_thread_in_native, id=7336, stack(0x000000906bb00000,0x000000906bc00000)]
  0x000001ddde562dc0 JavaThread "Catalina-utility-1" [_thread_blocked, id=15536, stack(0x000000906c100000,0x000000906c200000)]
  0x000001ddde560f60 JavaThread "Catalina-utility-2" [_thread_blocked, id=3124, stack(0x000000906c200000,0x000000906c300000)]
  0x000001ddde561980 JavaThread "container-0" [_thread_blocked, id=12360, stack(0x000000906c300000,0x000000906c400000)]
  0x000001ddde561e90 JavaThread "mysql-cj-abandoned-connection-cleanup" daemon [_thread_blocked, id=14852, stack(0x000000906c400000,0x000000906c500000)]
  0x000001ddde5623a0 JavaThread "HikariPool-1 housekeeper" daemon [_thread_blocked, id=10048, stack(0x000000906c600000,0x000000906c700000)]
  0x000001dddef21060 JavaThread "http-nio-8080-exec-1" daemon [_thread_blocked, id=15080, stack(0x000000906c800000,0x000000906c900000)]
  0x000001dddef25c50 JavaThread "http-nio-8080-exec-2" daemon [_thread_blocked, id=1868, stack(0x000000906c900000,0x000000906ca00000)]
  0x000001dddef22ec0 JavaThread "http-nio-8080-exec-3" daemon [_thread_blocked, id=8896, stack(0x000000906ca00000,0x000000906cb00000)]
  0x000001dddef25230 JavaThread "http-nio-8080-exec-4" daemon [_thread_blocked, id=7568, stack(0x000000906cb00000,0x000000906cc00000)]
  0x000001dddef24d20 JavaThread "http-nio-8080-exec-5" daemon [_thread_blocked, id=15848, stack(0x000000906cc00000,0x000000906cd00000)]
  0x000001dddef25740 JavaThread "http-nio-8080-exec-6" daemon [_thread_blocked, id=9748, stack(0x000000906cd00000,0x000000906ce00000)]
  0x000001dddef26160 JavaThread "http-nio-8080-exec-7" daemon [_thread_blocked, id=17388, stack(0x000000906ce00000,0x000000906cf00000)]
  0x000001dddef24300 JavaThread "http-nio-8080-exec-8" daemon [_thread_blocked, id=15552, stack(0x000000906cf00000,0x000000906d000000)]
  0x000001dddef224a0 JavaThread "http-nio-8080-exec-9" daemon [_thread_blocked, id=15828, stack(0x000000906d000000,0x000000906d100000)]
  0x000001dddef26670 JavaThread "http-nio-8080-exec-10" daemon [_thread_blocked, id=11036, stack(0x000000906d100000,0x000000906d200000)]
  0x000001dddef26b80 JavaThread "http-nio-8080-Poller" daemon [_thread_in_native, id=9492, stack(0x000000906d200000,0x000000906d300000)]
  0x000001dddef275a0 JavaThread "http-nio-8080-Acceptor" daemon [_thread_in_native, id=10720, stack(0x000000906d300000,0x000000906d400000)]
  0x000001dddef238e0 JavaThread "DestroyJavaVM" [_thread_blocked, id=8300, stack(0x000000906a700000,0x000000906a800000)]

Other Threads:
  0x000001ddd7705d90 VMThread "VM Thread" [stack: 0x000000906ad00000,0x000000906ae00000] [id=8672]
  0x000001ddc15a6120 WatcherThread [stack: 0x000000906bc00000,0x000000906bd00000] [id=17872]
  0x000001ddc15e4ac0 GCTaskThread "GC Thread#0" [stack: 0x000000906a800000,0x000000906a900000] [id=12000]
  0x000001dddc5bec50 GCTaskThread "GC Thread#1" [stack: 0x000000906bd00000,0x000000906be00000] [id=9404]
  0x000001dddc587a00 GCTaskThread "GC Thread#2" [stack: 0x000000906be00000,0x000000906bf00000] [id=16556]
  0x000001dddc587cc0 GCTaskThread "GC Thread#3" [stack: 0x000000906bf00000,0x000000906c000000] [id=11280]
  0x000001ddc15ed930 ConcurrentGCThread "G1 Main Marker" [stack: 0x000000906a900000,0x000000906aa00000] [id=17452]
  0x000001ddc15eeaf0 ConcurrentGCThread "G1 Conc#0" [stack: 0x000000906aa00000,0x000000906ab00000] [id=7736]
  0x000001ddc1630690 ConcurrentGCThread "G1 Refine#0" [stack: 0x000000906ab00000,0x000000906ac00000] [id=8992]
  0x000001dddc527840 ConcurrentGCThread "G1 Refine#1" [stack: 0x000000906c000000,0x000000906c100000] [id=3448]
  0x000001ddc16310c0 ConcurrentGCThread "G1 Service" [stack: 0x000000906ac00000,0x000000906ad00000] [id=17780]

Threads with active compile tasks:
C2 CompilerThread0    15945 5533       4       org.springframework.core.annotation.TypeMappedAnnotations::get (52 bytes)

VM state: not at safepoint (normal execution)

VM Mutex/Monitor currently owned by a thread: None

Heap address: 0x00000000c8e00000, size: 882 MB, Compressed Oops mode: 32-bit

CDS archive(s) not mapped
Compressed class space mapped at: 0x0000000100000000-0x0000000140000000, reserved size: 1073741824
Narrow klass base: 0x0000000000000000, Narrow klass shift: 3, Narrow klass range: 0x140000000

GC Precious Log:
 CPUs: 4 total, 4 available
 Memory: 3524M
 Large Page Support: Disabled
 NUMA Support: Disabled
 Compressed Oops: Enabled (32-bit)
 Heap Region Size: 1M
 Heap Min Capacity: 8M
 Heap Initial Capacity: 56M
 Heap Max Capacity: 882M
 Pre-touch: Disabled
 Parallel Workers: 4
 Concurrent Workers: 1
 Concurrent Refinement Workers: 4
 Periodic GC: Disabled

Heap:
 garbage-first heap   total 56320K, used 31982K [0x00000000c8e00000, 0x0000000100000000)
  region size 1024K, 4 young (4096K), 2 survivors (2048K)
 Metaspace       used 71676K, committed 72192K, reserved 1114112K
  class space    used 9569K, committed 9792K, reserved 1048576K

Heap Regions: E=young(eden), S=young(survivor), O=old, HS=humongous(starts), HC=humongous(continues), CS=collection set, F=free, OA=open archive, CA=closed archive, TAMS=top-at-mark-start (previous, next)
|   0|0x00000000c8e00000, 0x00000000c8f00000, 0x00000000c8f00000|100%|HS|  |TAMS 0x00000000c8f00000, 0x00000000c8e00000| Complete 
|   1|0x00000000c8f00000, 0x00000000c9000000, 0x00000000c9000000|100%| O|  |TAMS 0x00000000c9000000, 0x00000000c8f00000| Untracked 
|   2|0x00000000c9000000, 0x00000000c9100000, 0x00000000c9100000|100%| O|  |TAMS 0x00000000c9100000, 0x00000000c9000000| Untracked 
|   3|0x00000000c9100000, 0x00000000c9200000, 0x00000000c9200000|100%| O|  |TAMS 0x00000000c9200000, 0x00000000c9100000| Untracked 
|   4|0x00000000c9200000, 0x00000000c9300000, 0x00000000c9300000|100%| O|  |TAMS 0x00000000c9300000, 0x00000000c9200000| Untracked 
|   5|0x00000000c9300000, 0x00000000c9400000, 0x00000000c9400000|100%| O|  |TAMS 0x00000000c9400000, 0x00000000c9300000| Untracked 
|   6|0x00000000c9400000, 0x00000000c9500000, 0x00000000c9500000|100%| O|  |TAMS 0x00000000c9500000, 0x00000000c9400000| Untracked 
|   7|0x00000000c9500000, 0x00000000c9562600, 0x00000000c9600000| 38%| O|  |TAMS 0x00000000c9562600, 0x00000000c9500000| Untracked 
|   8|0x00000000c9600000, 0x00000000c9700000, 0x00000000c9700000|100%| O|  |TAMS 0x00000000c9700000, 0x00000000c9600000| Untracked 
|   9|0x00000000c9700000, 0x00000000c9800000, 0x00000000c9800000|100%| O|  |TAMS 0x00000000c9800000, 0x00000000c9700000| Untracked 
|  10|0x00000000c9800000, 0x00000000c9900000, 0x00000000c9900000|100%| O|  |TAMS 0x00000000c9900000, 0x00000000c9800000| Untracked 
|  11|0x00000000c9900000, 0x00000000c9a00000, 0x00000000c9a00000|100%| O|  |TAMS 0x00000000c9a00000, 0x00000000c9900000| Untracked 
|  12|0x00000000c9a00000, 0x00000000c9b00000, 0x00000000c9b00000|100%| O|  |TAMS 0x00000000c9b00000, 0x00000000c9a00000| Untracked 
|  13|0x00000000c9b00000, 0x00000000c9c00000, 0x00000000c9c00000|100%| O|  |TAMS 0x00000000c9c00000, 0x00000000c9b00000| Untracked 
|  14|0x00000000c9c00000, 0x00000000c9d00000, 0x00000000c9d00000|100%| O|  |TAMS 0x00000000c9d00000, 0x00000000c9c00000| Untracked 
|  15|0x00000000c9d00000, 0x00000000c9e00000, 0x00000000c9e00000|100%| O|  |TAMS 0x00000000c9e00000, 0x00000000c9d00000| Untracked 
|  16|0x00000000c9e00000, 0x00000000c9f00000, 0x00000000c9f00000|100%| O|  |TAMS 0x00000000c9f00000, 0x00000000c9e00000| Untracked 
|  17|0x00000000c9f00000, 0x00000000ca000000, 0x00000000ca000000|100%| O|  |TAMS 0x00000000ca000000, 0x00000000c9f00000| Untracked 
|  18|0x00000000ca000000, 0x00000000ca100000, 0x00000000ca100000|100%| O|  |TAMS 0x00000000ca100000, 0x00000000ca000000| Untracked 
|  19|0x00000000ca100000, 0x00000000ca200000, 0x00000000ca200000|100%| O|  |TAMS 0x00000000ca200000, 0x00000000ca100000| Untracked 
|  20|0x00000000ca200000, 0x00000000ca300000, 0x00000000ca300000|100%| O|  |TAMS 0x00000000ca300000, 0x00000000ca200000| Untracked 
|  21|0x00000000ca300000, 0x00000000ca400000, 0x00000000ca400000|100%| O|  |TAMS 0x00000000ca400000, 0x00000000ca300000| Untracked 
|  22|0x00000000ca400000, 0x00000000ca500000, 0x00000000ca500000|100%| O|  |TAMS 0x00000000ca500000, 0x00000000ca400000| Untracked 
|  23|0x00000000ca500000, 0x00000000ca600000, 0x00000000ca600000|100%| O|  |TAMS 0x00000000ca600000, 0x00000000ca500000| Untracked 
|  24|0x00000000ca600000, 0x00000000ca700000, 0x00000000ca700000|100%| O|  |TAMS 0x00000000ca700000, 0x00000000ca600000| Untracked 
|  25|0x00000000ca700000, 0x00000000ca800000, 0x00000000ca800000|100%| O|  |TAMS 0x00000000ca800000, 0x00000000ca700000| Untracked 
|  26|0x00000000ca800000, 0x00000000ca900000, 0x00000000ca900000|100%| O|  |TAMS 0x00000000ca900000, 0x00000000ca800000| Untracked 
|  27|0x00000000ca900000, 0x00000000caa00000, 0x00000000caa00000|100%| O|  |TAMS 0x00000000caa00000, 0x00000000ca900000| Untracked 
|  28|0x00000000caa00000, 0x00000000cab00000, 0x00000000cab00000|100%| O|  |TAMS 0x00000000caa28000, 0x00000000caa00000| Untracked 
|  29|0x00000000cab00000, 0x00000000cab75c00, 0x00000000cac00000| 45%| O|  |TAMS 0x00000000cab00000, 0x00000000cab00000| Untracked 
|  30|0x00000000cac00000, 0x00000000cac00000, 0x00000000cad00000|  0%| F|  |TAMS 0x00000000cac00000, 0x00000000cac00000| Untracked 
|  31|0x00000000cad00000, 0x00000000cad00000, 0x00000000cae00000|  0%| F|  |TAMS 0x00000000cad00000, 0x00000000cad00000| Untracked 
|  32|0x00000000cae00000, 0x00000000cae00000, 0x00000000caf00000|  0%| F|  |TAMS 0x00000000cae00000, 0x00000000cae00000| Untracked 
|  33|0x00000000caf00000, 0x00000000caf00000, 0x00000000cb000000|  0%| F|  |TAMS 0x00000000caf00000, 0x00000000caf00000| Untracked 
|  34|0x00000000cb000000, 0x00000000cb000000, 0x00000000cb100000|  0%| F|  |TAMS 0x00000000cb000000, 0x00000000cb000000| Untracked 
|  35|0x00000000cb100000, 0x00000000cb100000, 0x00000000cb200000|  0%| F|  |TAMS 0x00000000cb100000, 0x00000000cb100000| Untracked 
|  36|0x00000000cb200000, 0x00000000cb263600, 0x00000000cb300000| 38%| S|CS|TAMS 0x00000000cb200000, 0x00000000cb200000| Complete 
|  37|0x00000000cb300000, 0x00000000cb400000, 0x00000000cb400000|100%| S|CS|TAMS 0x00000000cb300000, 0x00000000cb300000| Complete 
|  38|0x00000000cb400000, 0x00000000cb400000, 0x00000000cb500000|  0%| F|  |TAMS 0x00000000cb400000, 0x00000000cb400000| Untracked 
|  39|0x00000000cb500000, 0x00000000cb500000, 0x00000000cb600000|  0%| F|  |TAMS 0x00000000cb500000, 0x00000000cb500000| Untracked 
|  40|0x00000000cb600000, 0x00000000cb600000, 0x00000000cb700000|  0%| F|  |TAMS 0x00000000cb600000, 0x00000000cb600000| Untracked 
|  41|0x00000000cb700000, 0x00000000cb700000, 0x00000000cb800000|  0%| F|  |TAMS 0x00000000cb700000, 0x00000000cb700000| Untracked 
|  42|0x00000000cb800000, 0x00000000cb800000, 0x00000000cb900000|  0%| F|  |TAMS 0x00000000cb800000, 0x00000000cb800000| Untracked 
|  43|0x00000000cb900000, 0x00000000cb900000, 0x00000000cba00000|  0%| F|  |TAMS 0x00000000cb900000, 0x00000000cb900000| Untracked 
|  44|0x00000000cba00000, 0x00000000cba00000, 0x00000000cbb00000|  0%| F|  |TAMS 0x00000000cba00000, 0x00000000cba00000| Untracked 
|  45|0x00000000cbb00000, 0x00000000cbb00000, 0x00000000cbc00000|  0%| F|  |TAMS 0x00000000cbb00000, 0x00000000cbb00000| Untracked 
|  46|0x00000000cbc00000, 0x00000000cbc00000, 0x00000000cbd00000|  0%| F|  |TAMS 0x00000000cbc00000, 0x00000000cbc00000| Untracked 
|  47|0x00000000cbd00000, 0x00000000cbd00000, 0x00000000cbe00000|  0%| F|  |TAMS 0x00000000cbd00000, 0x00000000cbd00000| Untracked 
|  48|0x00000000cbe00000, 0x00000000cbe00000, 0x00000000cbf00000|  0%| F|  |TAMS 0x00000000cbe00000, 0x00000000cbe00000| Untracked 
|  49|0x00000000cbf00000, 0x00000000cbf00000, 0x00000000cc000000|  0%| F|  |TAMS 0x00000000cbf00000, 0x00000000cbf00000| Untracked 
|  50|0x00000000cc000000, 0x00000000cc000000, 0x00000000cc100000|  0%| F|  |TAMS 0x00000000cc000000, 0x00000000cc000000| Untracked 
|  51|0x00000000cc100000, 0x00000000cc100000, 0x00000000cc200000|  0%| F|  |TAMS 0x00000000cc100000, 0x00000000cc100000| Untracked 
|  52|0x00000000cc200000, 0x00000000cc200000, 0x00000000cc300000|  0%| F|  |TAMS 0x00000000cc200000, 0x00000000cc200000| Untracked 
|  53|0x00000000cc300000, 0x00000000cc3d2af0, 0x00000000cc400000| 82%| E|  |TAMS 0x00000000cc300000, 0x00000000cc300000| Complete 
|  55|0x00000000cc500000, 0x00000000cc600000, 0x00000000cc600000|100%| E|CS|TAMS 0x00000000cc500000, 0x00000000cc500000| Complete 

Card table byte_map: [0x000001ddd3230000,0x000001ddd33f0000] _byte_map_base: 0x000001ddd2be9000

Marking Bits (Prev, Next): (CMBitMap*) 0x000001ddc15e5120, (CMBitMap*) 0x000001ddc15e50e0
 Prev Bits: [0x000001ddd4380000, 0x000001ddd5148000)
 Next Bits: [0x000001ddd35b0000, 0x000001ddd4378000)

Polling page: 0x000001ddbf420000

Metaspace:

Usage:
  Non-class:     60.65 MB used.
      Class:      9.34 MB used.
       Both:     70.00 MB used.

Virtual space:
  Non-class space:       64.00 MB reserved,      60.94 MB ( 95%) committed,  1 nodes.
      Class space:        1.00 GB reserved,       9.56 MB ( <1%) committed,  1 nodes.
             Both:        1.06 GB reserved,      70.50 MB (  6%) committed. 

Chunk freelists:
   Non-Class:  2.61 MB
       Class:  6.45 MB
        Both:  9.05 MB

MaxMetaspaceSize: unlimited
CompressedClassSpaceSize: 1.00 GB
Initial GC threshold: 21.00 MB
Current GC threshold: 117.44 MB
CDS: off
MetaspaceReclaimPolicy: balanced
 - commit_granule_bytes: 65536.
 - commit_granule_words: 8192.
 - virtual_space_node_default_size: 8388608.
 - enlarge_chunks_in_place: 1.
 - new_chunks_are_fully_committed: 0.
 - uncommit_free_chunks: 1.
 - use_allocation_guard: 0.
 - handle_deallocations: 1.


Internal statistics:

num_allocs_failed_limit: 6.
num_arena_births: 712.
num_arena_deaths: 0.
num_vsnodes_births: 2.
num_vsnodes_deaths: 0.
num_space_committed: 1128.
num_space_uncommitted: 0.
num_chunks_returned_to_freelist: 6.
num_chunks_taken_from_freelist: 2926.
num_chunk_merges: 6.
num_chunk_splits: 2110.
num_chunks_enlarged: 1653.
num_inconsistent_stats: 0.

CodeHeap 'non-profiled nmethods': size=120000Kb used=2568Kb max_used=3152Kb free=117431Kb
 bounds [0x000001ddcbd00000, 0x000001ddcc020000, 0x000001ddd3230000]
CodeHeap 'profiled nmethods': size=120000Kb used=9677Kb max_used=11902Kb free=110322Kb
 bounds [0x000001ddc4230000, 0x000001ddc4dd0000, 0x000001ddcb760000]
CodeHeap 'non-nmethods': size=5760Kb used=1344Kb max_used=1394Kb free=4415Kb
 bounds [0x000001ddcb760000, 0x000001ddcb9d0000, 0x000001ddcbd00000]
 total_blobs=5859 nmethods=5183 adapters=588
 compilation: enabled
              stopped_count=0, restarted_count=0
 full_count=0

Compilation events (20 events):
Event: 15.557 Thread 0x000001ddd7764b60 nmethod 5689 0x000001ddcbd80e10 code [0x000001ddcbd80fa0, 0x000001ddcbd810e8]
Event: 15.557 Thread 0x000001ddd7764b60 5688       4       java.lang.Class::getInterfaces (6 bytes)
Event: 15.564 Thread 0x000001ddd7764b60 nmethod 5688 0x000001ddcbdb5a90 code [0x000001ddcbdb5c40, 0x000001ddcbdb6268]
Event: 15.564 Thread 0x000001ddd7764b60 5245       4       org.springframework.core.annotation.MergedAnnotations$Search$$Lambda$136/0x0000000100191578::test (8 bytes)
Event: 15.564 Thread 0x000001ddd7764b60 nmethod 5245 0x000001ddcbfcb790 code [0x000001ddcbfcb900, 0x000001ddcbfcb998]
Event: 15.564 Thread 0x000001ddd7764b60 5518       4       java.lang.reflect.Modifier::isPrivate (12 bytes)
Event: 15.565 Thread 0x000001ddd7764b60 nmethod 5518 0x000001ddcbfcb490 code [0x000001ddcbfcb600, 0x000001ddcbfcb658]
Event: 15.565 Thread 0x000001ddd7764b60 5251       4       org.springframework.core.annotation.AnnotationFilter::matches (11 bytes)
Event: 15.571 Thread 0x000001ddd7764b60 nmethod 5251 0x000001ddcbe3e790 code [0x000001ddcbe3e920, 0x000001ddcbe3eca8]
Event: 15.571 Thread 0x000001ddd7764b60 5278       4       org.springframework.core.annotation.AnnotationsScanner::isWithoutHierarchy (119 bytes)
Event: 15.588 Thread 0x000001ddd7764b60 nmethod 5278 0x000001ddcbdcbc10 code [0x000001ddcbdcbe40, 0x000001ddcbdcccd8]
Event: 15.588 Thread 0x000001ddd7764b60 5227       4       java.util.LinkedHashMap$LinkedKeyIterator::next (8 bytes)
Event: 15.590 Thread 0x000001ddd7764b60 nmethod 5227 0x000001ddcbf1bb90 code [0x000001ddcbf1bd00, 0x000001ddcbf1bf78]
Event: 15.590 Thread 0x000001ddd7764b60 5523       4       org.springframework.core.annotation.MergedAnnotation::missing (4 bytes)
Event: 15.591 Thread 0x000001ddd7764b60 nmethod 5523 0x000001ddcbd56d90 code [0x000001ddcbd56f00, 0x000001ddcbd56f58]
Event: 15.591 Thread 0x000001ddd7764b60 5649       4       java.lang.reflect.Method::isBridge (16 bytes)
Event: 15.591 Thread 0x000001ddd7764b60 nmethod 5649 0x000001ddcbd56990 code [0x000001ddcbd56b00, 0x000001ddcbd56b98]
Event: 15.591 Thread 0x000001ddd7764b60 5464       4       org.springframework.core.annotation.AnnotationsScanner::hasPlainJavaAnnotationsOnly (41 bytes)
Event: 15.597 Thread 0x000001ddd7764b60 nmethod 5464 0x000001ddcbd1af10 code [0x000001ddcbd1b0c0, 0x000001ddcbd1b3b8]
Event: 15.597 Thread 0x000001ddd7764b60 5533       4       org.springframework.core.annotation.TypeMappedAnnotations::get (52 bytes)

GC Heap History (20 events):
Event: 10.954 GC heap before
{Heap before GC invocations=17 (full 0):
 garbage-first heap   total 46080K, used 34624K [0x00000000c8e00000, 0x0000000100000000)
  region size 1024K, 16 young (16384K), 3 survivors (3072K)
 Metaspace       used 54725K, committed 55168K, reserved 1114112K
  class space    used 6977K, committed 7168K, reserved 1048576K
}
Event: 10.958 GC heap after
{Heap after GC invocations=18 (full 0):
 garbage-first heap   total 46080K, used 23322K [0x00000000c8e00000, 0x0000000100000000)
  region size 1024K, 2 young (2048K), 2 survivors (2048K)
 Metaspace       used 54725K, committed 55168K, reserved 1114112K
  class space    used 6977K, committed 7168K, reserved 1048576K
}
Event: 11.564 GC heap before
{Heap before GC invocations=18 (full 0):
 garbage-first heap   total 46080K, used 34586K [0x00000000c8e00000, 0x0000000100000000)
  region size 1024K, 13 young (13312K), 2 survivors (2048K)
 Metaspace       used 58728K, committed 59200K, reserved 1114112K
  class space    used 7576K, committed 7808K, reserved 1048576K
}
Event: 11.575 GC heap after
{Heap after GC invocations=19 (full 0):
 garbage-first heap   total 46080K, used 23492K [0x00000000c8e00000, 0x0000000100000000)
  region size 1024K, 2 young (2048K), 2 survivors (2048K)
 Metaspace       used 58728K, committed 59200K, reserved 1114112K
  class space    used 7576K, committed 7808K, reserved 1048576K
}
Event: 12.259 GC heap before
{Heap before GC invocations=20 (full 0):
 garbage-first heap   total 46080K, used 35780K [0x00000000c8e00000, 0x0000000100000000)
  region size 1024K, 14 young (14336K), 2 survivors (2048K)
 Metaspace       used 61051K, committed 61568K, reserved 1114112K
  class space    used 8082K, committed 8320K, reserved 1048576K
}
Event: 12.267 GC heap after
{Heap after GC invocations=21 (full 0):
 garbage-first heap   total 46080K, used 24066K [0x00000000c8e00000, 0x0000000100000000)
  region size 1024K, 1 young (1024K), 1 survivors (1024K)
 Metaspace       used 61051K, committed 61568K, reserved 1114112K
  class space    used 8082K, committed 8320K, reserved 1048576K
}
Event: 12.795 GC heap before
{Heap before GC invocations=21 (full 0):
 garbage-first heap   total 46080K, used 36354K [0x00000000c8e00000, 0x0000000100000000)
  region size 1024K, 13 young (13312K), 1 survivors (1024K)
 Metaspace       used 63636K, committed 64128K, reserved 1114112K
  class space    used 8473K, committed 8704K, reserved 1048576K
}
Event: 12.798 GC heap after
{Heap after GC invocations=22 (full 0):
 garbage-first heap   total 46080K, used 24509K [0x00000000c8e00000, 0x0000000100000000)
  region size 1024K, 2 young (2048K), 2 survivors (2048K)
 Metaspace       used 63636K, committed 64128K, reserved 1114112K
  class space    used 8473K, committed 8704K, reserved 1048576K
}
Event: 13.333 GC heap before
{Heap before GC invocations=23 (full 0):
 garbage-first heap   total 46080K, used 35773K [0x00000000c8e00000, 0x0000000100000000)
  region size 1024K, 13 young (13312K), 2 survivors (2048K)
 Metaspace       used 65830K, committed 66304K, reserved 1114112K
  class space    used 8709K, committed 8896K, reserved 1048576K
}
Event: 13.337 GC heap after
{Heap after GC invocations=24 (full 0):
 garbage-first heap   total 46080K, used 25608K [0x00000000c8e00000, 0x0000000100000000)
  region size 1024K, 2 young (2048K), 2 survivors (2048K)
 Metaspace       used 65830K, committed 66304K, reserved 1114112K
  class space    used 8709K, committed 8896K, reserved 1048576K
}
Event: 13.572 GC heap before
{Heap before GC invocations=24 (full 0):
 garbage-first heap   total 46080K, used 36872K [0x00000000c8e00000, 0x0000000100000000)
  region size 1024K, 13 young (13312K), 2 survivors (2048K)
 Metaspace       used 66612K, committed 67072K, reserved 1114112K
  class space    used 8849K, committed 9088K, reserved 1048576K
}
Event: 13.576 GC heap after
{Heap after GC invocations=25 (full 0):
 garbage-first heap   total 46080K, used 26302K [0x00000000c8e00000, 0x0000000100000000)
  region size 1024K, 1 young (1024K), 1 survivors (1024K)
 Metaspace       used 66612K, committed 67072K, reserved 1114112K
  class space    used 8849K, committed 9088K, reserved 1048576K
}
Event: 13.945 GC heap before
{Heap before GC invocations=26 (full 0):
 garbage-first heap   total 51200K, used 36542K [0x00000000c8e00000, 0x0000000100000000)
  region size 1024K, 11 young (11264K), 1 survivors (1024K)
 Metaspace       used 66914K, committed 67392K, reserved 1114112K
  class space    used 8893K, committed 9088K, reserved 1048576K
}
Event: 13.947 GC heap after
{Heap after GC invocations=27 (full 0):
 garbage-first heap   total 51200K, used 26805K [0x00000000c8e00000, 0x0000000100000000)
  region size 1024K, 2 young (2048K), 2 survivors (2048K)
 Metaspace       used 66914K, committed 67392K, reserved 1114112K
  class space    used 8893K, committed 9088K, reserved 1048576K
}
Event: 14.464 GC heap before
{Heap before GC invocations=27 (full 0):
 garbage-first heap   total 51200K, used 41141K [0x00000000c8e00000, 0x0000000100000000)
  region size 1024K, 16 young (16384K), 2 survivors (2048K)
 Metaspace       used 68534K, committed 68992K, reserved 1114112K
  class space    used 9139K, committed 9344K, reserved 1048576K
}
Event: 14.467 GC heap after
{Heap after GC invocations=28 (full 0):
 garbage-first heap   total 51200K, used 28215K [0x00000000c8e00000, 0x0000000100000000)
  region size 1024K, 2 young (2048K), 2 survivors (2048K)
 Metaspace       used 68534K, committed 68992K, reserved 1114112K
  class space    used 9139K, committed 9344K, reserved 1048576K
}
Event: 14.945 GC heap before
{Heap before GC invocations=29 (full 0):
 garbage-first heap   total 53248K, used 40503K [0x00000000c8e00000, 0x0000000100000000)
  region size 1024K, 14 young (14336K), 2 survivors (2048K)
 Metaspace       used 70402K, committed 70912K, reserved 1114112K
  class space    used 9402K, committed 9664K, reserved 1048576K
}
Event: 14.950 GC heap after
{Heap after GC invocations=30 (full 0):
 garbage-first heap   total 53248K, used 29491K [0x00000000c8e00000, 0x0000000100000000)
  region size 1024K, 2 young (2048K), 2 survivors (2048K)
 Metaspace       used 70402K, committed 70912K, reserved 1114112K
  class space    used 9402K, committed 9664K, reserved 1048576K
}
Event: 15.303 GC heap before
{Heap before GC invocations=30 (full 0):
 garbage-first heap   total 53248K, used 41779K [0x00000000c8e00000, 0x0000000100000000)
  region size 1024K, 14 young (14336K), 2 survivors (2048K)
 Metaspace       used 71440K, committed 72000K, reserved 1114112K
  class space    used 9537K, committed 9792K, reserved 1048576K
}
Event: 15.312 GC heap after
{Heap after GC invocations=31 (full 0):
 garbage-first heap   total 53248K, used 30958K [0x00000000c8e00000, 0x0000000100000000)
  region size 1024K, 2 young (2048K), 2 survivors (2048K)
 Metaspace       used 71440K, committed 72000K, reserved 1114112K
  class space    used 9537K, committed 9792K, reserved 1048576K
}

Dll operation events (9 events):
Event: 0.021 Loaded shared library C:\Users\PC\.vscode\extensions\redhat.java-1.25.1-win32-x64\jre\17.0.9-win32-x86_64\bin\java.dll
Event: 0.660 Loaded shared library C:\Users\PC\.vscode\extensions\redhat.java-1.25.1-win32-x64\jre\17.0.9-win32-x86_64\bin\jimage.dll
Event: 0.693 Loaded shared library C:\Users\PC\.vscode\extensions\redhat.java-1.25.1-win32-x64\jre\17.0.9-win32-x86_64\bin\net.dll
Event: 0.710 Loaded shared library C:\Users\PC\.vscode\extensions\redhat.java-1.25.1-win32-x64\jre\17.0.9-win32-x86_64\bin\nio.dll
Event: 0.717 Loaded shared library C:\Users\PC\.vscode\extensions\redhat.java-1.25.1-win32-x64\jre\17.0.9-win32-x86_64\bin\zip.dll
Event: 1.175 Loaded shared library C:\Users\PC\.vscode\extensions\redhat.java-1.25.1-win32-x64\jre\17.0.9-win32-x86_64\bin\management.dll
Event: 1.239 Loaded shared library C:\Users\PC\.vscode\extensions\redhat.java-1.25.1-win32-x64\jre\17.0.9-win32-x86_64\bin\management_ext.dll
Event: 4.583 Loaded shared library C:\Users\PC\.vscode\extensions\redhat.java-1.25.1-win32-x64\jre\17.0.9-win32-x86_64\bin\sunmscapi.dll
Event: 8.674 Loaded shared library C:\Users\PC\.vscode\extensions\redhat.java-1.25.1-win32-x64\jre\17.0.9-win32-x86_64\bin\verify.dll

Deoptimization events (20 events):
Event: 15.191 Thread 0x000001ddc15a5160 Uncommon trap: trap_request=0xffffffd6 fr.pc=0x000001ddcc0137a8 relative=0x0000000000000368
Event: 15.191 Thread 0x000001ddc15a5160 Uncommon trap: reason=array_check action=maybe_recompile pc=0x000001ddcc0137a8 method=java.util.AbstractCollection.toArray([Ljava/lang/Object;)[Ljava/lang/Object; @ 116 c2
Event: 15.191 Thread 0x000001ddc15a5160 DEOPT PACKING pc=0x000001ddcc0137a8 sp=0x000000906a7fc920
Event: 15.191 Thread 0x000001ddc15a5160 DEOPT UNPACKING pc=0x000001ddcb7b69a3 sp=0x000000906a7fc8c0 mode 2
Event: 15.191 Thread 0x000001ddc15a5160 Uncommon trap: trap_request=0xffffffd6 fr.pc=0x000001ddcc0137a8 relative=0x0000000000000368
Event: 15.191 Thread 0x000001ddc15a5160 Uncommon trap: reason=array_check action=maybe_recompile pc=0x000001ddcc0137a8 method=java.util.AbstractCollection.toArray([Ljava/lang/Object;)[Ljava/lang/Object; @ 116 c2
Event: 15.191 Thread 0x000001ddc15a5160 DEOPT PACKING pc=0x000001ddcc0137a8 sp=0x000000906a7fcbb0
Event: 15.191 Thread 0x000001ddc15a5160 DEOPT UNPACKING pc=0x000001ddcb7b69a3 sp=0x000000906a7fcb50 mode 2
Event: 15.192 Thread 0x000001ddc15a5160 Uncommon trap: trap_request=0xffffffbe fr.pc=0x000001ddcbeaedbc relative=0x000000000000031c
Event: 15.192 Thread 0x000001ddc15a5160 Uncommon trap: reason=profile_predicate action=maybe_recompile pc=0x000001ddcbeaedbc method=java.util.AbstractCollection.toArray([Ljava/lang/Object;)[Ljava/lang/Object; @ 39 c2
Event: 15.192 Thread 0x000001ddc15a5160 DEOPT PACKING pc=0x000001ddcbeaedbc sp=0x000000906a7fc6b0
Event: 15.192 Thread 0x000001ddc15a5160 DEOPT UNPACKING pc=0x000001ddcb7b69a3 sp=0x000000906a7fc668 mode 2
Event: 15.238 Thread 0x000001ddc15a5160 Uncommon trap: trap_request=0xffffff45 fr.pc=0x000001ddcbd7b460 relative=0x0000000000000060
Event: 15.238 Thread 0x000001ddc15a5160 Uncommon trap: reason=unstable_if action=reinterpret pc=0x000001ddcbd7b460 method=org.springframework.util.ConcurrentReferenceHashMap$Segment.clear()V @ 7 c2
Event: 15.238 Thread 0x000001ddc15a5160 DEOPT PACKING pc=0x000001ddcbd7b460 sp=0x000000906a7fed50
Event: 15.238 Thread 0x000001ddc15a5160 DEOPT UNPACKING pc=0x000001ddcb7b69a3 sp=0x000000906a7fece0 mode 2
Event: 15.386 Thread 0x000001ddc15a5160 Uncommon trap: trap_request=0xffffff45 fr.pc=0x000001ddcbf20c90 relative=0x00000000000000f0
Event: 15.386 Thread 0x000001ddc15a5160 Uncommon trap: reason=unstable_if action=reinterpret pc=0x000001ddcbf20c90 method=java.util.ArrayList.indexOfRange(Ljava/lang/Object;II)I @ 7 c2
Event: 15.386 Thread 0x000001ddc15a5160 DEOPT PACKING pc=0x000001ddcbf20c90 sp=0x000000906a7fe7a0
Event: 15.386 Thread 0x000001ddc15a5160 DEOPT UNPACKING pc=0x000001ddcb7b69a3 sp=0x000000906a7fe720 mode 2

Classes unloaded (0 events):
No events

Classes redefined (0 events):
No events

Internal exceptions (20 events):
Event: 12.703 Thread 0x000001ddc15a5160 Exception <a 'java/lang/NoSuchMethodError'{0x00000000cb2f87a0}: 'void java.lang.invoke.DirectMethodHandle$Holder.invokeInterface(java.lang.Object, java.lang.Object)'> (0x00000000cb2f87a0) 
thrown [s\src\hotspot\share\interpreter\linkResolver.cpp, line 759]
Event: 13.131 Thread 0x000001ddc15a5160 Exception <a 'java/lang/IncompatibleClassChangeError'{0x00000000cb6efd38}: Found class java.lang.Object, but interface was expected> (0x00000000cb6efd38) 
thrown [s\src\hotspot\share\interpreter\linkResolver.cpp, line 826]
Event: 13.146 Thread 0x000001ddc15a5160 Exception <a 'java/lang/IncompatibleClassChangeError'{0x00000000cb570440}: Found class java.lang.Object, but interface was expected> (0x00000000cb570440) 
thrown [s\src\hotspot\share\interpreter\linkResolver.cpp, line 826]
Event: 13.206 Thread 0x000001ddc15a5160 Exception <a 'java/lang/IncompatibleClassChangeError'{0x00000000cb4de9c0}: Found class java.lang.Object, but interface was expected> (0x00000000cb4de9c0) 
thrown [s\src\hotspot\share\interpreter\linkResolver.cpp, line 826]
Event: 13.215 Thread 0x000001ddc15a5160 Exception <a 'java/lang/NoSuchMethodError'{0x00000000cb32c808}: 'java.lang.Object java.lang.invoke.DirectMethodHandle$Holder.invokeSpecialIFC(java.lang.Object, java.lang.Object, java.lang.Object)'> (0x00000000cb32c808) 
thrown [s\src\hotspot\share\interpreter\linkResolver.cpp, line 759]
Event: 13.435 Thread 0x000001ddc15a5160 Exception <a 'java/lang/IncompatibleClassChangeError'{0x00000000cbc5eac0}: Found class java.lang.Object, but interface was expected> (0x00000000cbc5eac0) 
thrown [s\src\hotspot\share\interpreter\linkResolver.cpp, line 826]
Event: 13.929 Thread 0x000001ddc15a5160 Exception <a 'java/lang/IncompatibleClassChangeError'{0x00000000cb65e618}: Found class java.lang.Object, but interface was expected> (0x00000000cb65e618) 
thrown [s\src\hotspot\share\interpreter\linkResolver.cpp, line 826]
Event: 13.994 Thread 0x000001ddc15a5160 Exception <a 'sun/nio/fs/WindowsException'{0x00000000cc57c7b8}> (0x00000000cc57c7b8) 
thrown [s\src\hotspot\share\prims\jni.cpp, line 516]
Event: 14.106 Thread 0x000001ddc15a5160 Exception <a 'sun/nio/fs/WindowsException'{0x00000000cba0bda8}> (0x00000000cba0bda8) 
thrown [s\src\hotspot\share\prims\jni.cpp, line 516]
Event: 14.131 Thread 0x000001ddc15a5160 Exception <a 'java/lang/NoSuchMethodError'{0x00000000cb962ae0}: 'java.lang.Object java.lang.invoke.DirectMethodHandle$Holder.invokeVirtual(java.lang.Object, java.lang.Object, int)'> (0x00000000cb962ae0) 
thrown [s\src\hotspot\share\interpreter\linkResolver.cpp, line 759]
Event: 14.230 Thread 0x000001ddc15a5160 Exception <a 'java/lang/reflect/InvocationTargetException'{0x00000000cb626208}> (0x00000000cb626208) 
thrown [s\src\hotspot\share\runtime\reflection.cpp, line 1121]
Event: 14.231 Thread 0x000001ddc15a5160 Exception <a 'java/lang/reflect/InvocationTargetException'{0x00000000cb62c798}> (0x00000000cb62c798) 
thrown [s\src\hotspot\share\runtime\reflection.cpp, line 1121]
Event: 14.700 Thread 0x000001ddc15a5160 Exception <a 'java/lang/IncompatibleClassChangeError'{0x00000000cbd52f08}: Found class java.lang.Object, but interface was expected> (0x00000000cbd52f08) 
thrown [s\src\hotspot\share\interpreter\linkResolver.cpp, line 826]
Event: 14.758 Thread 0x000001ddc15a5160 Exception <a 'java/lang/NoSuchMethodError'{0x00000000cbb1ae10}: 'void java.lang.invoke.DirectMethodHandle$Holder.invokeVirtual(java.lang.Object, java.lang.Object, long)'> (0x00000000cbb1ae10) 
thrown [s\src\hotspot\share\interpreter\linkResolver.cpp, line 759]
Event: 14.974 Thread 0x000001ddc15a5160 Exception <a 'java/lang/IncompatibleClassChangeError'{0x00000000cc5b2ac8}: Found class java.lang.Object, but interface was expected> (0x00000000cc5b2ac8) 
thrown [s\src\hotspot\share\interpreter\linkResolver.cpp, line 826]
Event: 14.986 Thread 0x000001ddc15a5160 Implicit null exception at 0x000001ddcbe38dda to 0x000001ddcbe39004
Event: 15.241 Thread 0x000001ddc15a5160 Exception <a 'java/lang/NoSuchMethodError'{0x00000000cb665a70}: 'java.lang.Object java.lang.invoke.DirectMethodHandle$Holder.newInvokeSpecial(java.lang.Object, java.lang.Object, int, java.lang.Object, java.lang.Object)'> (0x00000000cb665a70) 
thrown [s\src\hotspot\share\interpreter\linkResolver.cpp, line 759]
Event: 15.242 Thread 0x000001ddc15a5160 Exception <a 'java/lang/NoSuchMethodError'{0x00000000cb6710e8}: 'java.lang.Object java.lang.invoke.DirectMethodHandle$Holder.invokeSpecial(java.lang.Object, java.lang.Object, int, java.lang.Object, int, java.lang.Object)'> (0x00000000cb6710e8) 
thrown [s\src\hotspot\share\interpreter\linkResolver.cpp, line 759]
Event: 15.243 Thread 0x000001ddc15a5160 Exception <a 'java/lang/NoSuchMethodError'{0x00000000cb678ef0}: 'java.lang.Object java.lang.invoke.DirectMethodHandle$Holder.newInvokeSpecial(java.lang.Object, java.lang.Object, int, java.lang.Object, int)'> (0x00000000cb678ef0) 
thrown [s\src\hotspot\share\interpreter\linkResolver.cpp, line 759]
Event: 15.243 Thread 0x000001ddc15a5160 Exception <a 'java/lang/NoSuchMethodError'{0x00000000cb67d248}: 'java.lang.Object java.lang.invoke.DirectMethodHandle$Holder.invokeSpecial(java.lang.Object, java.lang.Object, java.lang.Object, int, java.lang.Object, int)'> (0x00000000cb67d248) 
thrown [s\src\hotspot\share\interpreter\linkResolver.cpp, line 759]

VM Operations (20 events):
Event: 14.538 Executing VM operation: G1PauseCleanup
Event: 14.538 Executing VM operation: G1PauseCleanup done
Event: 14.790 Executing VM operation: HandshakeAllThreads
Event: 14.791 Executing VM operation: HandshakeAllThreads done
Event: 14.944 Executing VM operation: G1CollectForAllocation
Event: 14.950 Executing VM operation: G1CollectForAllocation done
Event: 15.175 Executing VM operation: HandshakeAllThreads
Event: 15.175 Executing VM operation: HandshakeAllThreads done
Event: 15.191 Executing VM operation: HandshakeAllThreads
Event: 15.191 Executing VM operation: HandshakeAllThreads done
Event: 15.220 Executing VM operation: HandshakeAllThreads
Event: 15.220 Executing VM operation: HandshakeAllThreads done
Event: 15.240 Executing VM operation: ICBufferFull
Event: 15.240 Executing VM operation: ICBufferFull done
Event: 15.302 Executing VM operation: G1CollectForAllocation
Event: 15.314 Executing VM operation: G1CollectForAllocation done
Event: 15.364 Executing VM operation: G1PauseRemark
Event: 15.367 Executing VM operation: G1PauseRemark done
Event: 15.392 Executing VM operation: G1PauseCleanup
Event: 15.422 Executing VM operation: G1PauseCleanup done

Events (20 events):
Event: 15.369 loading class java/nio/BufferMismatch done
Event: 15.369 loading class sun/nio/ch/SourceChannelImpl
Event: 15.370 loading class java/nio/channels/Pipe$SourceChannel
Event: 15.370 loading class java/nio/channels/Pipe$SourceChannel done
Event: 15.370 loading class sun/nio/ch/SourceChannelImpl done
Event: 15.370 loading class sun/nio/ch/SinkChannelImpl
Event: 15.370 loading class java/nio/channels/Pipe$SinkChannel
Event: 15.370 loading class java/nio/channels/Pipe$SinkChannel done
Event: 15.370 loading class sun/nio/ch/SinkChannelImpl done
Event: 15.373 Thread 0x000001dddef26b80 Thread added: 0x000001dddef26b80
Event: 15.375 Thread 0x000001dddef275a0 Thread added: 0x000001dddef275a0
Event: 15.376 loading class java/util/TreeMap$ValueSpliterator
Event: 15.376 loading class java/nio/channels/spi/AbstractSelector$1
Event: 15.376 loading class java/nio/channels/spi/AbstractSelector$1 done
Event: 15.377 loading class java/util/TreeMap$TreeMapSpliterator
Event: 15.377 loading class java/util/TreeMap$TreeMapSpliterator done
Event: 15.377 loading class java/util/TreeMap$ValueSpliterator done
Event: 15.425 Thread 0x000001ddc15a5160 Thread exited: 0x000001ddc15a5160
Event: 15.426 Thread 0x000001dddef238e0 Thread added: 0x000001dddef238e0
Event: 15.625 Thread 0x000001ddde560030 Thread exited: 0x000001ddde560030


Dynamic libraries:
0x00007ff7781d0000 - 0x00007ff7781de000 	C:\Users\PC\.vscode\extensions\redhat.java-1.25.1-win32-x64\jre\17.0.9-win32-x86_64\bin\java.exe
0x00007ffee1cb0000 - 0x00007ffee1ea8000 	C:\Windows\SYSTEM32\ntdll.dll
0x00007ffebb5a0000 - 0x00007ffebb5b9000 	C:\Program Files\Avast Software\Avast\aswhook.dll
0x00007ffedfeb0000 - 0x00007ffedff6d000 	C:\Windows\System32\KERNEL32.DLL
0x00007ffedf990000 - 0x00007ffedfc86000 	C:\Windows\System32\KERNELBASE.dll
0x00007ffedf390000 - 0x00007ffedf490000 	C:\Windows\System32\ucrtbase.dll
0x00007ffecd7a0000 - 0x00007ffecd7b7000 	C:\Users\PC\.vscode\extensions\redhat.java-1.25.1-win32-x64\jre\17.0.9-win32-x86_64\bin\jli.dll
0x00007ffedfd10000 - 0x00007ffedfeae000 	C:\Windows\System32\USER32.dll
0x00007ffecd600000 - 0x00007ffecd61b000 	C:\Users\PC\.vscode\extensions\redhat.java-1.25.1-win32-x64\jre\17.0.9-win32-x86_64\bin\VCRUNTIME140.dll
0x00007ffedfc90000 - 0x00007ffedfcb2000 	C:\Windows\System32\win32u.dll
0x00007ffee07c0000 - 0x00007ffee07ec000 	C:\Windows\System32\GDI32.dll
0x00007ffedf5c0000 - 0x00007ffedf6da000 	C:\Windows\System32\gdi32full.dll
0x00007ffedf6e0000 - 0x00007ffedf77d000 	C:\Windows\System32\msvcp_win.dll
0x00007ffec58c0000 - 0x00007ffec5b5a000 	C:\Windows\WinSxS\amd64_microsoft.windows.common-controls_6595b64144ccf1df_6.0.19041.3636_none_60b6a03d71f818d5\COMCTL32.dll
0x00007ffee0e90000 - 0x00007ffee0f2e000 	C:\Windows\System32\msvcrt.dll
0x00007ffedffd0000 - 0x00007ffee0000000 	C:\Windows\System32\IMM32.DLL
0x00007ffed21c0000 - 0x00007ffed21cc000 	C:\Users\PC\.vscode\extensions\redhat.java-1.25.1-win32-x64\jre\17.0.9-win32-x86_64\bin\vcruntime140_1.dll
0x00007ffea5b00000 - 0x00007ffea5b8d000 	C:\Users\PC\.vscode\extensions\redhat.java-1.25.1-win32-x64\jre\17.0.9-win32-x86_64\bin\msvcp140.dll
0x00007ffe76350000 - 0x00007ffe76fb1000 	C:\Users\PC\.vscode\extensions\redhat.java-1.25.1-win32-x64\jre\17.0.9-win32-x86_64\bin\server\jvm.dll
0x00007ffee0c90000 - 0x00007ffee0d3f000 	C:\Windows\System32\ADVAPI32.dll
0x00007ffee0fb0000 - 0x00007ffee104c000 	C:\Windows\System32\sechost.dll
0x00007ffee1300000 - 0x00007ffee1426000 	C:\Windows\System32\RPCRT4.dll
0x00007ffedf1f0000 - 0x00007ffedf23b000 	C:\Windows\SYSTEM32\POWRPROF.dll
0x00007ffecab60000 - 0x00007ffecab87000 	C:\Windows\SYSTEM32\WINMM.dll
0x00007ffed5b70000 - 0x00007ffed5b7a000 	C:\Windows\SYSTEM32\VERSION.dll
0x00007ffed29a0000 - 0x00007ffed29a9000 	C:\Windows\SYSTEM32\WSOCK32.dll
0x00007ffee1200000 - 0x00007ffee126b000 	C:\Windows\System32\WS2_32.dll
0x00007ffedf1d0000 - 0x00007ffedf1e2000 	C:\Windows\SYSTEM32\UMPDC.dll
0x00007ffedd270000 - 0x00007ffedd282000 	C:\Windows\SYSTEM32\kernel.appcore.dll
0x00007ffecdda0000 - 0x00007ffecddaa000 	C:\Users\PC\.vscode\extensions\redhat.java-1.25.1-win32-x64\jre\17.0.9-win32-x86_64\bin\jimage.dll
0x00007ffedaa40000 - 0x00007ffedac24000 	C:\Windows\SYSTEM32\DBGHELP.DLL
0x00007ffedaa00000 - 0x00007ffedaa34000 	C:\Windows\SYSTEM32\dbgcore.DLL
0x00007ffedf500000 - 0x00007ffedf582000 	C:\Windows\System32\bcryptPrimitives.dll
0x00007ffec8a90000 - 0x00007ffec8ab5000 	C:\Users\PC\.vscode\extensions\redhat.java-1.25.1-win32-x64\jre\17.0.9-win32-x86_64\bin\java.dll
0x00007ffecc550000 - 0x00007ffecc568000 	C:\Users\PC\.vscode\extensions\redhat.java-1.25.1-win32-x64\jre\17.0.9-win32-x86_64\bin\zip.dll
0x00007ffee0000000 - 0x00007ffee0744000 	C:\Windows\System32\SHELL32.dll
0x00007ffedd470000 - 0x00007ffeddc0b000 	C:\Windows\SYSTEM32\windows.storage.dll
0x00007ffee0930000 - 0x00007ffee0c84000 	C:\Windows\System32\combase.dll
0x00007ffeded00000 - 0x00007ffeded2d000 	C:\Windows\SYSTEM32\Wldp.dll
0x00007ffee1610000 - 0x00007ffee16bd000 	C:\Windows\System32\SHCORE.dll
0x00007ffee0760000 - 0x00007ffee07b5000 	C:\Windows\System32\shlwapi.dll
0x00007ffedf2c0000 - 0x00007ffedf2e5000 	C:\Windows\SYSTEM32\profapi.dll
0x00007ffebbc00000 - 0x00007ffebbc19000 	C:\Users\PC\.vscode\extensions\redhat.java-1.25.1-win32-x64\jre\17.0.9-win32-x86_64\bin\net.dll
0x00007ffed5a20000 - 0x00007ffed5b2a000 	C:\Windows\SYSTEM32\WINHTTP.dll
0x00007ffedea60000 - 0x00007ffedeaca000 	C:\Windows\system32\mswsock.dll
0x00007ffebb730000 - 0x00007ffebb746000 	C:\Users\PC\.vscode\extensions\redhat.java-1.25.1-win32-x64\jre\17.0.9-win32-x86_64\bin\nio.dll
0x00007ffed5730000 - 0x00007ffed5739000 	C:\Users\PC\.vscode\extensions\redhat.java-1.25.1-win32-x64\jre\17.0.9-win32-x86_64\bin\management.dll
0x00007ffed55e0000 - 0x00007ffed55eb000 	C:\Users\PC\.vscode\extensions\redhat.java-1.25.1-win32-x64\jre\17.0.9-win32-x86_64\bin\management_ext.dll
0x00007ffee0d60000 - 0x00007ffee0d68000 	C:\Windows\System32\PSAPI.DLL
0x00007ffec3b00000 - 0x00007ffec3b17000 	C:\Windows\system32\napinsp.dll
0x00007ffec3050000 - 0x00007ffec306b000 	C:\Windows\system32\pnrpnsp.dll
0x00007ffec3030000 - 0x00007ffec3045000 	C:\Windows\system32\wshbth.dll
0x00007ffeda2a0000 - 0x00007ffeda2bd000 	C:\Windows\system32\NLAapi.dll
0x00007ffede750000 - 0x00007ffede78b000 	C:\Windows\SYSTEM32\IPHLPAPI.DLL
0x00007ffede790000 - 0x00007ffede85a000 	C:\Windows\SYSTEM32\DNSAPI.dll
0x00007ffee07f0000 - 0x00007ffee07f8000 	C:\Windows\System32\NSI.dll
0x00007ffec3010000 - 0x00007ffec3022000 	C:\Windows\System32\winrnr.dll
0x00007ffed3790000 - 0x00007ffed379a000 	C:\Windows\System32\rasadhlp.dll
0x00007ffed37d0000 - 0x00007ffed3850000 	C:\Windows\System32\fwpuclnt.dll
0x00007ffedf590000 - 0x00007ffedf5b7000 	C:\Windows\System32\bcrypt.dll
0x00007ffedec60000 - 0x00007ffedec78000 	C:\Windows\SYSTEM32\CRYPTSP.dll
0x00007ffede390000 - 0x00007ffede3c4000 	C:\Windows\system32\rsaenh.dll
0x00007ffedf280000 - 0x00007ffedf2ae000 	C:\Windows\SYSTEM32\USERENV.dll
0x00007ffedec50000 - 0x00007ffedec5c000 	C:\Windows\SYSTEM32\CRYPTBASE.dll
0x00007ffed6cd0000 - 0x00007ffed6ce7000 	C:\Windows\SYSTEM32\dhcpcsvc6.DLL
0x00007ffed73a0000 - 0x00007ffed73bd000 	C:\Windows\SYSTEM32\dhcpcsvc.DLL
0x00007ffed5740000 - 0x00007ffed574e000 	C:\Users\PC\.vscode\extensions\redhat.java-1.25.1-win32-x64\jre\17.0.9-win32-x86_64\bin\sunmscapi.dll
0x00007ffedf830000 - 0x00007ffedf98d000 	C:\Windows\System32\CRYPT32.dll
0x00007ffeded70000 - 0x00007ffeded97000 	C:\Windows\SYSTEM32\ncrypt.dll
0x00007ffeded30000 - 0x00007ffeded6b000 	C:\Windows\SYSTEM32\NTASN1.dll
0x00007ffecbd20000 - 0x00007ffecbd30000 	C:\Users\PC\.vscode\extensions\redhat.java-1.25.1-win32-x64\jre\17.0.9-win32-x86_64\bin\verify.dll
0x00007ffeac5a0000 - 0x00007ffeac5a7000 	C:\Windows\system32\wshunix.dll

dbghelp: loaded successfully - version: 4.0.5 - missing functions: none
symbol engine: initialized successfully - sym options: 0x614 - pdb path: .;C:\Users\PC\.vscode\extensions\redhat.java-1.25.1-win32-x64\jre\17.0.9-win32-x86_64\bin;C:\Windows\SYSTEM32;C:\Program Files\Avast Software\Avast;C:\Windows\WinSxS\amd64_microsoft.windows.common-controls_6595b64144ccf1df_6.0.19041.3636_none_60b6a03d71f818d5;C:\Users\PC\.vscode\extensions\redhat.java-1.25.1-win32-x64\jre\17.0.9-win32-x86_64\bin\server

VM Arguments:
jvm_args: -Dcom.sun.management.jmxremote -Dcom.sun.management.jmxremote.port=63619 -Dcom.sun.management.jmxremote.authenticate=false -Dcom.sun.management.jmxremote.ssl=false -Dspring.jmx.enabled=true -Djava.rmi.server.hostname=localhost -Dspring.application.admin.enabled=true -Dspring.boot.project.name=api_bonnars -XX:+ShowCodeDetailsInExceptionMessages 
java_command: com.bonnars_api.api_bonnars.ApiBonnarsApplication
java_class_path (initial): C:\Users\PC\Desktop\3Wings\Bonnars\backend\api_bonnars\target\classes;C:\Users\PC\.m2\repository\org\springframework\boot\spring-boot-starter-data-rest\3.2.0\spring-boot-starter-data-rest-3.2.0.jar;C:\Users\PC\.m2\repository\org\springframework\boot\spring-boot-starter-web\3.2.0\spring-boot-starter-web-3.2.0.jar;C:\Users\PC\.m2\repository\org\springframework\boot\spring-boot-starter-json\3.2.0\spring-boot-starter-json-3.2.0.jar;C:\Users\PC\.m2\repository\com\fasterxml\jackson\datatype\jackson-datatype-jdk8\2.15.3\jackson-datatype-jdk8-2.15.3.jar;C:\Users\PC\.m2\repository\com\fasterxml\jackson\datatype\jackson-datatype-jsr310\2.15.3\jackson-datatype-jsr310-2.15.3.jar;C:\Users\PC\.m2\repository\com\fasterxml\jackson\module\jackson-module-parameter-names\2.15.3\jackson-module-parameter-names-2.15.3.jar;C:\Users\PC\.m2\repository\org\springframework\boot\spring-boot-starter-tomcat\3.2.0\spring-boot-starter-tomcat-3.2.0.jar;C:\Users\PC\.m2\repository\org\apache\tomcat\embed\tomcat-embed-core\10.1.16\tomcat-embed-core-10.1.16.jar;C:\Users\PC\.m2\repository\org\apache\tomcat\embed\tomcat-embed-el\10.1.16\tomcat-embed-el-10.1.16.jar;C:\Users\PC\.m2\repository\org\apache\tomcat\embed\tomcat-embed-websocket\10.1.16\tomcat-embed-websocket-10.1.16.jar;C:\Users\PC\.m2\repository\org\springframework\spring-web\6.1.1\spring-web-6.1.1.jar;C:\Users\PC\.m2\repository\io\micrometer\micrometer-observation\1.12.0\micrometer-observation-1.12.0.jar;C:\Users\PC\.m2\repository\io\micrometer\micrometer-commons\1.12.0\micrometer-commons-1.12.0.jar;C:\Users\PC\.m2\repository\org\springframework\spring-webmvc\6.1.1\spring-webmvc-6.1.1.jar;C:\Users\PC\.m2\repository\org\springframework\spring-expression\6.1.1\spring-expression-6.1.1.jar;C:\Users\PC\.m2\repository\org\springframework\data\spring-data-rest-webmvc\4.2.0\spring-data-rest-webmvc-4.2.0.jar;C:\Users\PC\.m2\repository\org\springframework\data\spring-data-rest-core\4.2.0\spring-data-rest-core-4.2.0.jar;C:\Us
Launcher Type: SUN_STANDARD

[Global flags]
     intx CICompilerCount                          = 3                                         {product} {ergonomic}
     uint ConcGCThreads                            = 1                                         {product} {ergonomic}
     uint G1ConcRefinementThreads                  = 4                                         {product} {ergonomic}
   size_t G1HeapRegionSize                         = 1048576                                   {product} {ergonomic}
    uintx GCDrainStackTargetSize                   = 64                                        {product} {ergonomic}
   size_t InitialHeapSize                          = 58720256                                  {product} {ergonomic}
     bool ManagementServer                         = true                                      {product} {command line}
   size_t MarkStackSize                            = 4194304                                   {product} {ergonomic}
   size_t MaxHeapSize                              = 924844032                                 {product} {ergonomic}
   size_t MaxNewSize                               = 554696704                                 {product} {ergonomic}
   size_t MinHeapDeltaBytes                        = 1048576                                   {product} {ergonomic}
   size_t MinHeapSize                              = 8388608                                   {product} {ergonomic}
    uintx NonNMethodCodeHeapSize                   = 5832780                                {pd product} {ergonomic}
    uintx NonProfiledCodeHeapSize                  = 122912730                              {pd product} {ergonomic}
    uintx ProfiledCodeHeapSize                     = 122912730                              {pd product} {ergonomic}
    uintx ReservedCodeCacheSize                    = 251658240                              {pd product} {ergonomic}
     bool SegmentedCodeCache                       = true                                      {product} {ergonomic}
     bool ShowCodeDetailsInExceptionMessages       = true                                   {manageable} {command line}
   size_t SoftMaxHeapSize                          = 924844032                              {manageable} {ergonomic}
     bool UseCompressedClassPointers               = true                           {product lp64_product} {ergonomic}
     bool UseCompressedOops                        = true                           {product lp64_product} {ergonomic}
     bool UseG1GC                                  = true                                      {product} {ergonomic}
     bool UseLargePagesIndividualAllocation        = false                                  {pd product} {ergonomic}

Logging:
Log output configuration:
 #0: stdout all=warning uptime,level,tags
 #1: stderr all=off uptime,level,tags

Environment Variables:
JAVA_HOME=C:\Program Files\Java\jdk-21
PATH=C:\Windows\system32;C:\Windows;C:\Windows\System32\Wbem;C:\Windows\System32\WindowsPowerShell\v1.0\;C:\Windows\System32\OpenSSH\;C:\Program Files\nodejs\;C:\ProgramData\ComposerSetup\bin;C:\Program Files\Git\cmd;C:\php8.1;C:\Program Files\Azure Data Studio\bin;C:\Program Files (x86)\Microsoft SQL Server\160\Tools\Binn\;C:\Program Files\Microsoft SQL Server\160\Tools\Binn\;C:\Program Files\Microsoft SQL Server\Client SDK\ODBC\170\Tools\Binn\;C:\Program Files\Microsoft SQL Server\160\DTS\Binn\;C:\Program Files (x86)\Microsoft SQL Server\160\DTS\Binn\;C:\Users\PC\AppData\Local\Microsoft\WindowsApps;C:\Users\PC\AppData\Local\Programs\Microsoft VS Code\bin;C:\Users\PC\AppData\Roaming\npm;C:\Users\PC\AppData\Roaming\Composer\vendor\bin;C:\Program Files\Azure Data Studio\bin;C:\Program Files\Java\jdk-21\bin;C:\Program Files\apache-maven-3.9.6\bin;
USERNAME=Ellen Samanta
SHELL=C:\Program Files\Git\usr\bin\bash.exe
DISPLAY=needs-to-be-defined
LANG=en_US.UTF-8
LC_CTYPE=pt_BR.UTF-8
TERM=xterm
TMPDIR=C:\Users\PC\AppData\Local\Temp
OS=Windows_NT
PROCESSOR_IDENTIFIER=Intel64 Family 6 Model 58 Stepping 9, GenuineIntel
TMP=C:\Users\PC\AppData\Local\Temp
TEMP=C:\Users\PC\AppData\Local\Temp



Periodic native trim disabled


---------------  S Y S T E M  ---------------

OS:
 Windows 10 , 64 bit Build 19041 (10.0.19041.3636)
OS uptime: 2 days 23:28 hours

CPU: total 4 (initial active 4) (4 cores per cpu, 1 threads per core) family 6 model 58 stepping 9 microcode 0x21, cx8, cmov, fxsr, mmx, sse, sse2, sse3, ssse3, sse4.1, sse4.2, popcnt, tsc, tscinvbit, avx, aes, erms, clmul, vzeroupper, clflush
Processor Information for all 4 processors :
  Max Mhz: 3001, Current Mhz: 3001, Mhz Limit: 3001

Memory: 4k page, system-wide physical 3524M (92M free)
TotalPageFile size 14276M (AvailPageFile size 4M)
current process WorkingSet (physical memory assigned to process): 216M, peak: 218M
current process commit charge ("private bytes"): 263M, peak: 265M

vm_info: OpenJDK 64-Bit Server VM (17.0.9+9) for windows-amd64 JRE (17.0.9+9), built on Oct 26 2023 14:01:42 by "admin" with MS VC++ 16.10 / 16.11 (VS2019)

END.
